24-06-20 20:19:22.292 : Model path: model_zoo\SCUnet_finetune_epochs20.pth
24-06-20 20:19:22.300 : Params number: 17946072
24-06-20 20:19:22.301 : model_name:SCUnet_finetune_epochs20, image sigma:15
24-06-20 20:19:22.303 : testsets\ttt
24-06-20 20:19:22.339 :          #Params : 17.9461 [M]
24-06-20 20:19:51.328 : 000001.jpg - PSNR: 31.14 dB; SSIM: 0.9386.
24-06-20 20:19:52.070 : 000002.jpg - PSNR: 35.24 dB; SSIM: 0.9454.
24-06-20 20:19:52.792 : 000003.jpg - PSNR: 40.30 dB; SSIM: 0.9707.
24-06-20 20:19:53.621 : 000004.jpg - PSNR: 30.85 dB; SSIM: 0.8963.
24-06-20 20:19:54.369 : 000005.jpg - PSNR: 37.18 dB; SSIM: 0.9632.
24-06-20 20:19:55.237 : 000006.jpg - PSNR: 34.09 dB; SSIM: 0.9374.
24-06-20 20:19:55.907 : 000007.jpg - PSNR: 34.07 dB; SSIM: 0.9374.
24-06-20 20:19:56.654 : 000008.jpg - PSNR: 34.93 dB; SSIM: 0.9442.
24-06-20 20:19:57.364 : 000009.jpg - PSNR: 33.47 dB; SSIM: 0.9235.
24-06-20 20:19:58.159 : 000010.jpg - PSNR: 34.99 dB; SSIM: 0.9297.
24-06-20 20:19:58.902 : 000011.jpg - PSNR: 39.77 dB; SSIM: 0.9674.
24-06-20 20:19:59.592 : 000012.jpg - PSNR: 37.65 dB; SSIM: 0.9630.
24-06-20 20:20:00.300 : 000013.jpg - PSNR: 34.20 dB; SSIM: 0.9383.
24-06-20 20:20:01.028 : 000014.jpg - PSNR: 35.99 dB; SSIM: 0.9390.
24-06-20 20:20:01.761 : 000015.jpg - PSNR: 36.09 dB; SSIM: 0.9553.
24-06-20 20:20:02.473 : 000016.jpg - PSNR: 37.11 dB; SSIM: 0.9438.
24-06-20 20:20:03.195 : 000017.jpg - PSNR: 38.09 dB; SSIM: 0.9641.
24-06-20 20:20:03.854 : 000018.jpg - PSNR: 33.24 dB; SSIM: 0.9332.
24-06-20 20:20:04.473 : 000019.jpg - PSNR: 34.02 dB; SSIM: 0.9347.
24-06-20 20:20:05.274 : 000020.jpg - PSNR: 34.91 dB; SSIM: 0.9382.
24-06-20 20:20:06.106 : 000021.jpg - PSNR: 36.04 dB; SSIM: 0.9204.
24-06-20 20:20:06.820 : 000022.jpg - PSNR: 35.84 dB; SSIM: 0.9438.
24-06-20 20:20:07.529 : 000023.jpg - PSNR: 33.73 dB; SSIM: 0.9331.
24-06-20 20:20:08.249 : 000024.jpg - PSNR: 33.72 dB; SSIM: 0.9249.
24-06-20 20:20:08.887 : 000025.jpg - PSNR: 35.66 dB; SSIM: 0.9080.
24-06-20 20:20:09.601 : 000026.jpg - PSNR: 35.41 dB; SSIM: 0.9313.
24-06-20 20:20:10.261 : 000027.jpg - PSNR: 36.87 dB; SSIM: 0.9352.
24-06-20 20:20:11.050 : 000028.jpg - PSNR: 33.72 dB; SSIM: 0.9038.
24-06-20 20:20:11.752 : 000029.jpg - PSNR: 34.63 dB; SSIM: 0.9305.
24-06-20 20:20:12.450 : 000030.jpg - PSNR: 34.26 dB; SSIM: 0.9147.
24-06-20 20:20:13.167 : 000031.jpg - PSNR: 33.85 dB; SSIM: 0.8960.
24-06-20 20:20:13.859 : 000032.jpg - PSNR: 35.73 dB; SSIM: 0.9475.
24-06-20 20:20:14.529 : 000033.jpg - PSNR: 36.61 dB; SSIM: 0.9453.
24-06-20 20:20:15.317 : 000034.jpg - PSNR: 36.35 dB; SSIM: 0.9372.
24-06-20 20:20:16.013 : 000035.jpg - PSNR: 33.44 dB; SSIM: 0.9018.
24-06-20 20:20:16.749 : 000036.jpg - PSNR: 37.33 dB; SSIM: 0.9429.
24-06-20 20:20:17.338 : 000037.jpg - PSNR: 35.63 dB; SSIM: 0.9409.
24-06-20 20:20:18.046 : 000038.jpg - PSNR: 34.48 dB; SSIM: 0.9395.
24-06-20 20:20:18.733 : 000039.jpg - PSNR: 35.21 dB; SSIM: 0.9344.
24-06-20 20:20:19.299 : 000040.jpg - PSNR: 36.41 dB; SSIM: 0.9530.
24-06-20 20:20:19.909 : 000041.jpg - PSNR: 35.94 dB; SSIM: 0.9263.
24-06-20 20:20:20.672 : 000042.jpg - PSNR: 34.48 dB; SSIM: 0.9273.
24-06-20 20:20:21.280 : 000043.jpg - PSNR: 35.44 dB; SSIM: 0.9252.
24-06-20 20:20:21.911 : 000044.jpg - PSNR: 31.46 dB; SSIM: 0.9103.
24-06-20 20:20:22.646 : 000045.jpg - PSNR: 33.27 dB; SSIM: 0.9157.
24-06-20 20:20:23.442 : 000046.jpg - PSNR: 37.10 dB; SSIM: 0.9554.
24-06-20 20:20:24.060 : 000047.jpg - PSNR: 37.69 dB; SSIM: 0.9435.
24-06-20 20:20:24.789 : 000048.jpg - PSNR: 38.54 dB; SSIM: 0.9642.
24-06-20 20:20:25.412 : 000049.jpg - PSNR: 37.81 dB; SSIM: 0.9446.
24-06-20 20:20:26.117 : 000050.jpg - PSNR: 37.04 dB; SSIM: 0.9499.
24-06-20 20:20:26.801 : 000051.jpg - PSNR: 33.95 dB; SSIM: 0.9222.
24-06-20 20:20:27.753 : 000052.jpg - PSNR: 34.49 dB; SSIM: 0.9202.
24-06-20 20:20:28.380 : 000053.jpg - PSNR: 35.15 dB; SSIM: 0.9269.
24-06-20 20:20:29.114 : 000054.jpg - PSNR: 32.12 dB; SSIM: 0.9100.
24-06-20 20:20:29.695 : 000055.jpg - PSNR: 36.95 dB; SSIM: 0.9368.
24-06-20 20:20:30.431 : 000056.jpg - PSNR: 36.87 dB; SSIM: 0.9358.
24-06-20 20:20:31.042 : 000057.jpg - PSNR: 38.92 dB; SSIM: 0.9653.
24-06-20 20:20:31.811 : 000058.jpg - PSNR: 35.67 dB; SSIM: 0.9312.
24-06-20 20:20:32.551 : 000059.jpg - PSNR: 34.33 dB; SSIM: 0.9194.
24-06-20 20:20:33.318 : 000060.jpg - PSNR: 33.23 dB; SSIM: 0.9150.
24-06-20 20:20:34.016 : 000061.jpg - PSNR: 38.22 dB; SSIM: 0.9568.
24-06-20 20:20:34.717 : 000062.jpg - PSNR: 35.64 dB; SSIM: 0.9233.
24-06-20 20:20:35.355 : 000063.jpg - PSNR: 34.56 dB; SSIM: 0.9218.
24-06-20 20:20:36.084 : 000064.jpg - PSNR: 36.88 dB; SSIM: 0.9563.
24-06-20 20:20:36.737 : 000065.jpg - PSNR: 39.47 dB; SSIM: 0.9666.
24-06-20 20:20:37.506 : 000066.jpg - PSNR: 37.03 dB; SSIM: 0.9470.
24-06-20 20:20:38.172 : 000067.jpg - PSNR: 34.41 dB; SSIM: 0.9221.
24-06-20 20:20:38.835 : 000068.jpg - PSNR: 34.11 dB; SSIM: 0.9109.
24-06-20 20:20:39.473 : 000069.jpg - PSNR: 35.41 dB; SSIM: 0.9494.
24-06-20 20:20:40.254 : 000070.jpg - PSNR: 36.25 dB; SSIM: 0.9409.
24-06-20 20:20:40.918 : 000071.jpg - PSNR: 34.62 dB; SSIM: 0.9211.
24-06-20 20:20:41.743 : 000072.jpg - PSNR: 34.22 dB; SSIM: 0.9096.
24-06-20 20:20:42.400 : 000073.jpg - PSNR: 34.39 dB; SSIM: 0.9196.
24-06-20 20:20:43.226 : 000074.jpg - PSNR: 32.92 dB; SSIM: 0.9355.
24-06-20 20:20:43.865 : 000075.jpg - PSNR: 34.13 dB; SSIM: 0.8852.
24-06-20 20:20:44.689 : 000076.jpg - PSNR: 35.71 dB; SSIM: 0.9512.
24-06-20 20:20:45.311 : 000077.jpg - PSNR: 34.88 dB; SSIM: 0.9313.
24-06-20 20:20:46.107 : 000078.jpg - PSNR: 34.20 dB; SSIM: 0.9098.
24-06-20 20:20:46.763 : 000079.jpg - PSNR: 35.38 dB; SSIM: 0.9385.
24-06-20 20:20:47.497 : 000080.jpg - PSNR: 33.79 dB; SSIM: 0.9135.
24-06-20 20:20:48.156 : 000081.jpg - PSNR: 35.20 dB; SSIM: 0.9336.
24-06-20 20:20:48.899 : 000082.jpg - PSNR: 33.75 dB; SSIM: 0.8883.
24-06-20 20:20:49.541 : 000083.jpg - PSNR: 35.05 dB; SSIM: 0.9254.
24-06-20 20:20:50.409 : 000084.jpg - PSNR: 36.64 dB; SSIM: 0.9474.
24-06-20 20:20:51.111 : 000085.jpg - PSNR: 31.22 dB; SSIM: 0.9146.
24-06-20 20:20:51.818 : 000086.jpg - PSNR: 37.17 dB; SSIM: 0.9581.
24-06-20 20:20:52.440 : 000087.jpg - PSNR: 37.97 dB; SSIM: 0.9407.
24-06-20 20:20:53.119 : 000088.jpg - PSNR: 32.58 dB; SSIM: 0.9145.
24-06-20 20:20:53.806 : 000089.jpg - PSNR: 33.86 dB; SSIM: 0.9180.
24-06-20 20:20:54.592 : 000090.jpg - PSNR: 36.33 dB; SSIM: 0.9524.
24-06-20 20:20:55.307 : 000091.jpg - PSNR: 33.78 dB; SSIM: 0.9266.
24-06-20 20:20:56.126 : 000092.jpg - PSNR: 33.91 dB; SSIM: 0.9396.
24-06-20 20:20:56.795 : 000093.jpg - PSNR: 35.44 dB; SSIM: 0.9412.
24-06-20 20:20:57.553 : 000094.jpg - PSNR: 34.23 dB; SSIM: 0.9036.
24-06-20 20:20:58.229 : 000095.jpg - PSNR: 36.59 dB; SSIM: 0.9475.
24-06-20 20:20:59.005 : 000096.jpg - PSNR: 40.06 dB; SSIM: 0.9731.
24-06-20 20:20:59.698 : 000097.jpg - PSNR: 33.94 dB; SSIM: 0.9360.
24-06-20 20:21:00.534 : 000098.jpg - PSNR: 35.43 dB; SSIM: 0.9015.
24-06-20 20:21:01.211 : 000099.jpg - PSNR: 34.29 dB; SSIM: 0.9126.
24-06-20 20:21:01.834 : 000100.jpg - PSNR: 36.66 dB; SSIM: 0.9593.
24-06-20 20:21:02.500 : 000101.jpg - PSNR: 40.61 dB; SSIM: 0.9703.
24-06-20 20:21:03.327 : 000102.jpg - PSNR: 36.34 dB; SSIM: 0.9386.
24-06-20 20:21:04.187 : 000103.jpg - PSNR: 35.90 dB; SSIM: 0.9219.
24-06-20 20:21:05.000 : 000104.jpg - PSNR: 34.84 dB; SSIM: 0.9364.
24-06-20 20:21:05.906 : 000105.jpg - PSNR: 35.99 dB; SSIM: 0.9475.
24-06-20 20:21:06.632 : 000106.jpg - PSNR: 36.06 dB; SSIM: 0.9324.
24-06-20 20:21:07.366 : 000107.jpg - PSNR: 34.31 dB; SSIM: 0.9170.
24-06-20 20:21:07.950 : 000108.jpg - PSNR: 31.55 dB; SSIM: 0.8976.
24-06-20 20:21:08.639 : 000109.jpg - PSNR: 35.25 dB; SSIM: 0.9493.
24-06-20 20:21:09.285 : 000110.jpg - PSNR: 30.69 dB; SSIM: 0.9174.
24-06-20 20:21:10.043 : 000111.jpg - PSNR: 33.18 dB; SSIM: 0.8939.
24-06-20 20:21:10.642 : 000112.jpg - PSNR: 34.43 dB; SSIM: 0.9143.
24-06-20 20:21:11.290 : 000113.jpg - PSNR: 37.81 dB; SSIM: 0.9425.
24-06-20 20:21:11.898 : 000114.jpg - PSNR: 34.10 dB; SSIM: 0.9315.
24-06-20 20:21:12.562 : 000115.jpg - PSNR: 38.24 dB; SSIM: 0.9584.
24-06-20 20:21:13.159 : 000116.jpg - PSNR: 35.38 dB; SSIM: 0.9347.
24-06-20 20:21:13.781 : 000117.jpg - PSNR: 33.88 dB; SSIM: 0.9190.
24-06-20 20:21:14.517 : 000118.jpg - PSNR: 35.82 dB; SSIM: 0.9397.
24-06-20 20:21:15.083 : 000119.jpg - PSNR: 35.27 dB; SSIM: 0.9301.
24-06-20 20:21:15.785 : 000120.jpg - PSNR: 38.69 dB; SSIM: 0.9561.
24-06-20 20:21:16.375 : 000121.jpg - PSNR: 36.34 dB; SSIM: 0.9424.
24-06-20 20:21:16.992 : 000122.jpg - PSNR: 35.79 dB; SSIM: 0.9306.
24-06-20 20:21:17.680 : 000123.jpg - PSNR: 37.45 dB; SSIM: 0.9564.
24-06-20 20:21:18.303 : 000124.jpg - PSNR: 35.68 dB; SSIM: 0.9370.
24-06-20 20:21:18.967 : 000125.jpg - PSNR: 36.64 dB; SSIM: 0.9405.
24-06-20 20:21:19.548 : 000126.jpg - PSNR: 34.18 dB; SSIM: 0.9017.
24-06-20 20:21:20.271 : 000127.jpg - PSNR: 36.02 dB; SSIM: 0.9281.
24-06-20 20:21:20.922 : 000128.jpg - PSNR: 32.89 dB; SSIM: 0.9039.
24-06-20 20:21:21.506 : 000129.jpg - PSNR: 34.78 dB; SSIM: 0.9384.
24-06-20 20:21:22.132 : 000130.jpg - PSNR: 36.30 dB; SSIM: 0.9493.
24-06-20 20:21:22.761 : 000131.jpg - PSNR: 34.64 dB; SSIM: 0.9194.
24-06-20 20:21:23.388 : 000132.jpg - PSNR: 33.12 dB; SSIM: 0.9086.
24-06-20 20:21:23.926 : 000133.jpg - PSNR: 32.28 dB; SSIM: 0.8941.
24-06-20 20:21:24.521 : 000134.jpg - PSNR: 37.37 dB; SSIM: 0.9557.
24-06-20 20:21:25.180 : 000135.jpg - PSNR: 37.40 dB; SSIM: 0.9534.
24-06-20 20:21:25.814 : 000136.jpg - PSNR: 36.69 dB; SSIM: 0.9353.
24-06-20 20:21:26.538 : 000137.jpg - PSNR: 35.26 dB; SSIM: 0.9472.
24-06-20 20:21:27.375 : 000138.jpg - PSNR: 34.49 dB; SSIM: 0.9408.
24-06-20 20:21:27.995 : 000139.jpg - PSNR: 36.37 dB; SSIM: 0.9391.
24-06-20 20:21:28.642 : 000140.jpg - PSNR: 35.44 dB; SSIM: 0.9160.
24-06-20 20:21:29.293 : 000141.jpg - PSNR: 36.25 dB; SSIM: 0.9408.
24-06-20 20:21:29.985 : 000142.jpg - PSNR: 35.50 dB; SSIM: 0.9094.
24-06-20 20:21:30.635 : 000143.jpg - PSNR: 36.45 dB; SSIM: 0.9472.
24-06-20 20:21:31.397 : 000144.jpg - PSNR: 35.96 dB; SSIM: 0.9260.
24-06-20 20:21:32.000 : 000145.jpg - PSNR: 30.99 dB; SSIM: 0.9081.
24-06-20 20:21:32.625 : 000146.jpg - PSNR: 37.06 dB; SSIM: 0.9385.
24-06-20 20:21:33.322 : 000147.jpg - PSNR: 32.28 dB; SSIM: 0.8981.
24-06-20 20:21:34.198 : 000148.jpg - PSNR: 38.71 dB; SSIM: 0.9619.
24-06-20 20:21:34.817 : 000149.jpg - PSNR: 35.79 dB; SSIM: 0.9392.
24-06-20 20:21:35.548 : 000150.jpg - PSNR: 32.79 dB; SSIM: 0.9035.
24-06-20 20:21:36.209 : 000151.jpg - PSNR: 33.70 dB; SSIM: 0.9030.
24-06-20 20:21:37.073 : 000152.jpg - PSNR: 34.96 dB; SSIM: 0.9480.
24-06-20 20:21:37.816 : 000153.jpg - PSNR: 35.54 dB; SSIM: 0.9357.
24-06-20 20:21:38.542 : 000154.jpg - PSNR: 35.61 dB; SSIM: 0.9515.
24-06-20 20:21:39.149 : 000155.jpg - PSNR: 31.88 dB; SSIM: 0.8960.
24-06-20 20:21:39.798 : 000156.jpg - PSNR: 34.46 dB; SSIM: 0.8870.
24-06-20 20:21:40.405 : 000157.jpg - PSNR: 33.96 dB; SSIM: 0.9190.
24-06-20 20:21:40.997 : 000158.jpg - PSNR: 36.45 dB; SSIM: 0.9462.
24-06-20 20:21:41.677 : 000159.jpg - PSNR: 34.90 dB; SSIM: 0.9234.
24-06-20 20:21:42.336 : 000160.jpg - PSNR: 36.53 dB; SSIM: 0.9465.
24-06-20 20:21:43.060 : 000161.jpg - PSNR: 35.58 dB; SSIM: 0.9205.
24-06-20 20:21:43.732 : 000162.jpg - PSNR: 36.52 dB; SSIM: 0.9566.
24-06-20 20:21:44.408 : 000163.jpg - PSNR: 30.24 dB; SSIM: 0.9261.
24-06-20 20:21:44.989 : 000164.jpg - PSNR: 36.58 dB; SSIM: 0.9545.
24-06-20 20:21:45.642 : 000165.jpg - PSNR: 34.23 dB; SSIM: 0.9256.
24-06-20 20:21:46.262 : 000166.jpg - PSNR: 34.57 dB; SSIM: 0.9347.
24-06-20 20:21:47.047 : 000167.jpg - PSNR: 33.87 dB; SSIM: 0.9218.
24-06-20 20:21:47.699 : 000168.jpg - PSNR: 33.24 dB; SSIM: 0.8902.
24-06-20 20:21:48.373 : 000169.jpg - PSNR: 36.44 dB; SSIM: 0.9580.
24-06-20 20:21:49.012 : 000170.jpg - PSNR: 34.67 dB; SSIM: 0.9143.
24-06-20 20:21:49.707 : 000171.jpg - PSNR: 35.57 dB; SSIM: 0.9445.
24-06-20 20:21:50.335 : 000172.jpg - PSNR: 33.28 dB; SSIM: 0.9191.
24-06-20 20:21:50.968 : 000173.jpg - PSNR: 35.48 dB; SSIM: 0.9400.
24-06-20 20:21:51.778 : 000174.jpg - PSNR: 35.15 dB; SSIM: 0.9137.
24-06-20 20:21:52.463 : 000175.jpg - PSNR: 34.64 dB; SSIM: 0.9445.
24-06-20 20:21:53.173 : 000176.jpg - PSNR: 35.04 dB; SSIM: 0.9092.
24-06-20 20:21:53.842 : 000177.jpg - PSNR: 36.34 dB; SSIM: 0.9566.
24-06-20 20:21:54.597 : 000178.jpg - PSNR: 33.68 dB; SSIM: 0.9180.
24-06-20 20:21:55.261 : 000179.jpg - PSNR: 36.30 dB; SSIM: 0.9465.
24-06-20 20:21:55.985 : 000180.jpg - PSNR: 33.20 dB; SSIM: 0.9278.
24-06-20 20:21:56.744 : 000181.jpg - PSNR: 35.29 dB; SSIM: 0.9382.
24-06-20 20:21:57.372 : 000182.jpg - PSNR: 35.04 dB; SSIM: 0.9228.
24-06-20 20:21:58.006 : 000183.jpg - PSNR: 35.10 dB; SSIM: 0.9323.
24-06-20 20:21:58.621 : 000184.jpg - PSNR: 33.47 dB; SSIM: 0.9081.
24-06-20 20:21:59.252 : 000185.jpg - PSNR: 34.55 dB; SSIM: 0.9242.
24-06-20 20:21:59.934 : 000186.jpg - PSNR: 36.83 dB; SSIM: 0.9533.
24-06-20 20:22:00.530 : 000187.jpg - PSNR: 35.91 dB; SSIM: 0.9318.
24-06-20 20:22:01.086 : 000188.jpg - PSNR: 34.33 dB; SSIM: 0.9388.
24-06-20 20:22:01.695 : 000189.jpg - PSNR: 34.10 dB; SSIM: 0.9174.
24-06-20 20:22:02.349 : 000190.jpg - PSNR: 35.15 dB; SSIM: 0.9237.
24-06-20 20:22:03.042 : 000191.jpg - PSNR: 33.49 dB; SSIM: 0.9254.
24-06-20 20:22:03.674 : 000192.jpg - PSNR: 36.46 dB; SSIM: 0.9282.
24-06-20 20:22:04.326 : 000193.jpg - PSNR: 36.71 dB; SSIM: 0.9548.
24-06-20 20:22:05.009 : 000194.jpg - PSNR: 35.16 dB; SSIM: 0.9352.
24-06-20 20:22:05.702 : 000195.jpg - PSNR: 35.54 dB; SSIM: 0.9404.
24-06-20 20:22:06.294 : 000196.jpg - PSNR: 35.95 dB; SSIM: 0.9575.
24-06-20 20:22:07.021 : 000197.jpg - PSNR: 36.27 dB; SSIM: 0.9419.
24-06-20 20:22:07.646 : 000198.jpg - PSNR: 35.37 dB; SSIM: 0.9245.
24-06-20 20:22:08.345 : 000199.jpg - PSNR: 32.62 dB; SSIM: 0.8914.
24-06-20 20:22:08.992 : 000200.jpg - PSNR: 35.19 dB; SSIM: 0.9226.
24-06-20 20:22:09.689 : 000201.jpg - PSNR: 32.27 dB; SSIM: 0.9290.
24-06-20 20:22:10.352 : 000202.jpg - PSNR: 36.54 dB; SSIM: 0.9436.
24-06-20 20:22:11.018 : 000203.jpg - PSNR: 35.52 dB; SSIM: 0.9442.
24-06-20 20:22:11.759 : 000204.jpg - PSNR: 36.32 dB; SSIM: 0.9477.
24-06-20 20:22:12.404 : 000205.jpg - PSNR: 33.06 dB; SSIM: 0.9077.
24-06-20 20:22:13.046 : 000206.jpg - PSNR: 34.91 dB; SSIM: 0.9206.
24-06-20 20:22:13.750 : 000207.jpg - PSNR: 35.89 dB; SSIM: 0.9316.
24-06-20 20:22:14.403 : 000208.jpg - PSNR: 35.45 dB; SSIM: 0.9461.
24-06-20 20:22:15.014 : 000209.jpg - PSNR: 34.49 dB; SSIM: 0.9277.
24-06-20 20:22:15.751 : 000210.jpg - PSNR: 35.01 dB; SSIM: 0.9495.
24-06-20 20:22:16.376 : 000211.jpg - PSNR: 35.27 dB; SSIM: 0.9178.
24-06-20 20:22:17.205 : 000212.jpg - PSNR: 35.85 dB; SSIM: 0.9445.
24-06-20 20:22:17.953 : 000213.jpg - PSNR: 35.00 dB; SSIM: 0.9347.
24-06-20 20:22:18.701 : 000214.jpg - PSNR: 36.18 dB; SSIM: 0.9537.
24-06-20 20:22:19.345 : 000215.jpg - PSNR: 35.75 dB; SSIM: 0.9527.
24-06-20 20:22:20.027 : 000216.jpg - PSNR: 35.11 dB; SSIM: 0.9379.
24-06-20 20:22:20.626 : 000217.jpg - PSNR: 33.74 dB; SSIM: 0.9103.
24-06-20 20:22:21.386 : 000218.jpg - PSNR: 36.12 dB; SSIM: 0.9577.
24-06-20 20:22:22.033 : 000219.jpg - PSNR: 33.83 dB; SSIM: 0.8791.
24-06-20 20:22:22.662 : 000220.jpg - PSNR: 34.76 dB; SSIM: 0.9519.
24-06-20 20:22:23.368 : 000221.jpg - PSNR: 35.83 dB; SSIM: 0.9357.
24-06-20 20:22:24.050 : 000222.jpg - PSNR: 31.18 dB; SSIM: 0.7995.
24-06-20 20:22:24.649 : 000223.jpg - PSNR: 35.49 dB; SSIM: 0.9429.
24-06-20 20:22:25.433 : 000224.jpg - PSNR: 36.71 dB; SSIM: 0.9402.
24-06-20 20:22:26.069 : 000225.jpg - PSNR: 34.32 dB; SSIM: 0.9161.
24-06-20 20:22:26.796 : 000226.jpg - PSNR: 35.79 dB; SSIM: 0.9501.
24-06-20 20:22:27.508 : 000227.jpg - PSNR: 36.49 dB; SSIM: 0.9361.
24-06-20 20:22:28.114 : 000228.jpg - PSNR: 35.49 dB; SSIM: 0.9167.
24-06-20 20:22:28.752 : 000229.jpg - PSNR: 35.96 dB; SSIM: 0.9486.
24-06-20 20:22:29.396 : 000230.jpg - PSNR: 35.62 dB; SSIM: 0.9381.
24-06-20 20:22:30.137 : 000231.jpg - PSNR: 33.49 dB; SSIM: 0.9228.
24-06-20 20:22:30.891 : 000232.jpg - PSNR: 35.51 dB; SSIM: 0.9310.
24-06-20 20:22:31.577 : 000233.jpg - PSNR: 37.83 dB; SSIM: 0.9651.
24-06-20 20:22:32.336 : 000234.jpg - PSNR: 36.49 dB; SSIM: 0.9461.
24-06-20 20:22:33.065 : 000235.jpg - PSNR: 35.26 dB; SSIM: 0.9328.
24-06-20 20:22:33.672 : 000236.jpg - PSNR: 36.18 dB; SSIM: 0.9401.
24-06-20 20:22:34.266 : 000237.jpg - PSNR: 34.73 dB; SSIM: 0.9319.
24-06-20 20:22:34.931 : 000238.jpg - PSNR: 36.35 dB; SSIM: 0.9356.
24-06-20 20:22:35.718 : 000239.jpg - PSNR: 32.37 dB; SSIM: 0.8587.
24-06-20 20:22:36.410 : 000240.jpg - PSNR: 35.90 dB; SSIM: 0.9292.
24-06-20 20:22:37.128 : 000241.jpg - PSNR: 36.21 dB; SSIM: 0.9460.
24-06-20 20:22:37.777 : 000242.jpg - PSNR: 36.34 dB; SSIM: 0.9000.
24-06-20 20:22:38.418 : 000243.jpg - PSNR: 35.24 dB; SSIM: 0.9474.
24-06-20 20:22:39.258 : 000244.jpg - PSNR: 33.80 dB; SSIM: 0.8669.
24-06-20 20:22:40.029 : 000245.jpg - PSNR: 38.68 dB; SSIM: 0.9609.
24-06-20 20:22:40.748 : 000246.jpg - PSNR: 37.43 dB; SSIM: 0.9506.
24-06-20 20:22:41.493 : 000247.jpg - PSNR: 35.27 dB; SSIM: 0.9009.
24-06-20 20:22:42.173 : 000248.jpg - PSNR: 37.13 dB; SSIM: 0.9556.
24-06-20 20:22:42.927 : 000249.jpg - PSNR: 37.31 dB; SSIM: 0.9531.
24-06-20 20:22:43.586 : 000250.jpg - PSNR: 35.47 dB; SSIM: 0.9296.
24-06-20 20:22:44.178 : 000251.jpg - PSNR: 32.80 dB; SSIM: 0.8960.
24-06-20 20:22:44.894 : 000252.jpg - PSNR: 34.88 dB; SSIM: 0.9218.
24-06-20 20:22:45.508 : 000253.jpg - PSNR: 37.35 dB; SSIM: 0.9503.
24-06-20 20:22:46.253 : 000254.jpg - PSNR: 35.21 dB; SSIM: 0.9316.
24-06-20 20:22:46.932 : 000255.jpg - PSNR: 35.80 dB; SSIM: 0.9455.
24-06-20 20:22:47.817 : 000256.jpg - PSNR: 37.02 dB; SSIM: 0.9473.
24-06-20 20:22:48.518 : 000257.jpg - PSNR: 34.06 dB; SSIM: 0.9244.
24-06-20 20:22:49.274 : 000258.jpg - PSNR: 34.15 dB; SSIM: 0.9231.
24-06-20 20:22:49.934 : 000259.jpg - PSNR: 35.72 dB; SSIM: 0.9117.
24-06-20 20:22:50.645 : 000260.jpg - PSNR: 35.25 dB; SSIM: 0.8966.
24-06-20 20:22:51.223 : 000261.jpg - PSNR: 35.35 dB; SSIM: 0.9289.
24-06-20 20:22:51.966 : 000262.jpg - PSNR: 34.90 dB; SSIM: 0.9024.
24-06-20 20:22:52.688 : 000263.jpg - PSNR: 36.51 dB; SSIM: 0.9308.
24-06-20 20:22:53.435 : 000264.jpg - PSNR: 36.15 dB; SSIM: 0.9403.
24-06-20 20:22:54.096 : 000265.jpg - PSNR: 35.40 dB; SSIM: 0.9353.
24-06-20 20:22:54.734 : 000266.jpg - PSNR: 34.73 dB; SSIM: 0.9437.
24-06-20 20:22:55.379 : 000267.jpg - PSNR: 32.74 dB; SSIM: 0.8597.
24-06-20 20:22:56.135 : 000268.jpg - PSNR: 39.46 dB; SSIM: 0.9455.
24-06-20 20:22:56.906 : 000269.jpg - PSNR: 35.04 dB; SSIM: 0.9344.
24-06-20 20:22:57.562 : 000270.jpg - PSNR: 34.50 dB; SSIM: 0.9169.
24-06-20 20:22:58.235 : 000271.jpg - PSNR: 35.44 dB; SSIM: 0.9286.
24-06-20 20:22:59.054 : 000272.jpg - PSNR: 35.90 dB; SSIM: 0.9581.
24-06-20 20:22:59.667 : 000273.jpg - PSNR: 34.45 dB; SSIM: 0.9322.
24-06-20 20:23:00.350 : 000274.jpg - PSNR: 37.77 dB; SSIM: 0.9584.
24-06-20 20:23:01.014 : 000275.jpg - PSNR: 35.17 dB; SSIM: 0.9000.
24-06-20 20:23:01.884 : 000276.jpg - PSNR: 31.74 dB; SSIM: 0.8962.
24-06-20 20:23:02.589 : 000277.jpg - PSNR: 34.00 dB; SSIM: 0.9286.
24-06-20 20:23:03.285 : 000278.jpg - PSNR: 35.64 dB; SSIM: 0.9458.
24-06-20 20:23:04.068 : 000279.jpg - PSNR: 36.31 dB; SSIM: 0.9323.
24-06-20 20:23:04.911 : 000280.jpg - PSNR: 37.94 dB; SSIM: 0.9575.
24-06-20 20:23:05.648 : 000281.jpg - PSNR: 34.86 dB; SSIM: 0.9315.
24-06-20 20:23:06.463 : 000282.jpg - PSNR: 36.12 dB; SSIM: 0.9406.
24-06-20 20:23:07.421 : 000283.jpg - PSNR: 35.40 dB; SSIM: 0.9542.
24-06-20 20:23:08.089 : 000284.jpg - PSNR: 36.16 dB; SSIM: 0.9372.
24-06-20 20:23:08.827 : 000285.jpg - PSNR: 35.29 dB; SSIM: 0.9366.
24-06-20 20:23:09.526 : 000286.jpg - PSNR: 36.92 dB; SSIM: 0.9456.
24-06-20 20:23:10.365 : 000287.jpg - PSNR: 35.73 dB; SSIM: 0.9342.
24-06-20 20:23:11.106 : 000288.jpg - PSNR: 35.36 dB; SSIM: 0.9168.
24-06-20 20:23:12.011 : 000289.jpg - PSNR: 36.78 dB; SSIM: 0.9600.
24-06-20 20:23:12.721 : 000290.jpg - PSNR: 37.39 dB; SSIM: 0.9542.
24-06-20 20:23:13.416 : 000291.jpg - PSNR: 32.77 dB; SSIM: 0.9250.
24-06-20 20:23:14.134 : 000292.jpg - PSNR: 34.75 dB; SSIM: 0.9351.
24-06-20 20:23:14.866 : 000293.jpg - PSNR: 36.39 dB; SSIM: 0.9247.
24-06-20 20:23:15.563 : 000294.jpg - PSNR: 32.56 dB; SSIM: 0.8960.
24-06-20 20:23:16.400 : 000295.jpg - PSNR: 34.50 dB; SSIM: 0.9316.
24-06-20 20:23:17.205 : 000296.jpg - PSNR: 35.83 dB; SSIM: 0.9190.
24-06-20 20:23:17.906 : 000297.jpg - PSNR: 38.20 dB; SSIM: 0.9616.
24-06-20 20:23:18.695 : 000298.jpg - PSNR: 37.11 dB; SSIM: 0.9444.
24-06-20 20:23:19.352 : 000299.jpg - PSNR: 36.50 dB; SSIM: 0.9501.
24-06-20 20:23:20.226 : 000300.jpg - PSNR: 35.05 dB; SSIM: 0.9413.
24-06-20 20:23:20.993 : 000301.jpg - PSNR: 34.33 dB; SSIM: 0.9119.
24-06-20 20:23:21.913 : 000302.jpg - PSNR: 35.39 dB; SSIM: 0.9334.
24-06-20 20:23:22.690 : 000303.jpg - PSNR: 35.27 dB; SSIM: 0.9362.
24-06-20 20:23:23.431 : 000304.jpg - PSNR: 34.67 dB; SSIM: 0.9220.
24-06-20 20:23:24.166 : 000305.jpg - PSNR: 34.63 dB; SSIM: 0.9314.
24-06-20 20:23:24.914 : 000306.jpg - PSNR: 33.91 dB; SSIM: 0.9173.
24-06-20 20:23:25.817 : 000307.jpg - PSNR: 34.90 dB; SSIM: 0.9344.
24-06-20 20:23:26.567 : 000308.jpg - PSNR: 34.98 dB; SSIM: 0.9431.
24-06-20 20:23:27.400 : 000309.jpg - PSNR: 36.36 dB; SSIM: 0.8844.
24-06-20 20:23:28.179 : 000310.jpg - PSNR: 35.58 dB; SSIM: 0.9408.
24-06-20 20:23:28.962 : 000311.jpg - PSNR: 33.95 dB; SSIM: 0.9235.
24-06-20 20:23:29.643 : 000312.jpg - PSNR: 34.53 dB; SSIM: 0.8886.
24-06-20 20:23:30.428 : 000313.jpg - PSNR: 38.19 dB; SSIM: 0.9498.
24-06-20 20:23:31.188 : 000314.jpg - PSNR: 38.16 dB; SSIM: 0.9662.
24-06-20 20:23:31.916 : 000315.jpg - PSNR: 39.78 dB; SSIM: 0.9790.
24-06-20 20:23:32.574 : 000316.jpg - PSNR: 32.45 dB; SSIM: 0.8789.
24-06-20 20:23:33.284 : 000317.jpg - PSNR: 34.08 dB; SSIM: 0.9364.
24-06-20 20:23:33.870 : 000318.jpg - PSNR: 34.62 dB; SSIM: 0.9073.
24-06-20 20:23:34.597 : 000319.jpg - PSNR: 32.76 dB; SSIM: 0.9253.
24-06-20 20:23:35.299 : 000320.jpg - PSNR: 35.77 dB; SSIM: 0.9460.
24-06-20 20:23:36.046 : 000321.jpg - PSNR: 37.12 dB; SSIM: 0.9271.
24-06-20 20:23:36.707 : 000322.jpg - PSNR: 33.25 dB; SSIM: 0.9145.
24-06-20 20:23:37.510 : 000323.jpg - PSNR: 35.72 dB; SSIM: 0.9237.
24-06-20 20:23:38.146 : 000324.jpg - PSNR: 33.59 dB; SSIM: 0.9264.
24-06-20 20:23:38.844 : 000325.jpg - PSNR: 34.66 dB; SSIM: 0.9194.
24-06-20 20:23:39.510 : 000326.jpg - PSNR: 34.92 dB; SSIM: 0.9347.
24-06-20 20:23:40.304 : 000327.jpg - PSNR: 34.61 dB; SSIM: 0.9134.
24-06-20 20:23:40.978 : 000328.jpg - PSNR: 35.79 dB; SSIM: 0.9338.
24-06-20 20:23:41.653 : 000329.jpg - PSNR: 35.27 dB; SSIM: 0.9219.
24-06-20 20:23:42.419 : 000330.jpg - PSNR: 36.48 dB; SSIM: 0.9550.
24-06-20 20:23:43.145 : 000331.jpg - PSNR: 34.99 dB; SSIM: 0.9453.
24-06-20 20:23:43.751 : 000332.jpg - PSNR: 35.73 dB; SSIM: 0.9349.
24-06-20 20:23:44.484 : 000333.jpg - PSNR: 32.82 dB; SSIM: 0.8992.
24-06-20 20:23:45.199 : 000334.jpg - PSNR: 34.77 dB; SSIM: 0.9458.
24-06-20 20:23:45.933 : 000335.jpg - PSNR: 35.58 dB; SSIM: 0.9499.
24-06-20 20:23:46.675 : 000336.jpg - PSNR: 37.60 dB; SSIM: 0.9622.
24-06-20 20:23:47.375 : 000337.jpg - PSNR: 34.99 dB; SSIM: 0.9333.
24-06-20 20:23:48.061 : 000338.jpg - PSNR: 38.57 dB; SSIM: 0.9635.
24-06-20 20:23:48.858 : 000339.jpg - PSNR: 37.62 dB; SSIM: 0.9568.
24-06-20 20:23:49.499 : 000340.jpg - PSNR: 35.99 dB; SSIM: 0.9400.
24-06-20 20:23:50.304 : 000341.jpg - PSNR: 35.58 dB; SSIM: 0.9465.
24-06-20 20:23:51.029 : 000342.jpg - PSNR: 36.55 dB; SSIM: 0.9459.
24-06-20 20:23:51.712 : 000343.jpg - PSNR: 35.05 dB; SSIM: 0.9086.
24-06-20 20:23:52.510 : 000344.jpg - PSNR: 33.58 dB; SSIM: 0.8876.
24-06-20 20:23:53.233 : 000345.jpg - PSNR: 34.34 dB; SSIM: 0.9293.
24-06-20 20:23:53.993 : 000346.jpg - PSNR: 34.10 dB; SSIM: 0.9492.
24-06-20 20:23:54.727 : 000347.jpg - PSNR: 35.60 dB; SSIM: 0.9223.
24-06-20 20:23:55.543 : 000348.jpg - PSNR: 32.46 dB; SSIM: 0.9133.
24-06-20 20:23:56.182 : 000349.jpg - PSNR: 34.69 dB; SSIM: 0.9308.
24-06-20 20:23:57.030 : 000350.jpg - PSNR: 35.81 dB; SSIM: 0.9506.
24-06-20 20:23:57.716 : 000351.jpg - PSNR: 36.30 dB; SSIM: 0.9504.
24-06-20 20:23:58.361 : 000352.jpg - PSNR: 34.95 dB; SSIM: 0.9352.
24-06-20 20:23:59.028 : 000353.jpg - PSNR: 35.98 dB; SSIM: 0.9195.
24-06-20 20:23:59.841 : 000354.jpg - PSNR: 36.41 dB; SSIM: 0.9245.
24-06-20 20:24:00.536 : 000355.jpg - PSNR: 35.82 dB; SSIM: 0.9563.
24-06-20 20:24:01.321 : 000356.jpg - PSNR: 37.38 dB; SSIM: 0.9587.
24-06-20 20:24:02.001 : 000357.jpg - PSNR: 33.11 dB; SSIM: 0.9036.
24-06-20 20:24:02.775 : 000358.jpg - PSNR: 37.34 dB; SSIM: 0.9424.
24-06-20 20:24:03.414 : 000359.jpg - PSNR: 35.38 dB; SSIM: 0.9225.
24-06-20 20:24:04.176 : 000360.jpg - PSNR: 37.47 dB; SSIM: 0.9557.
24-06-20 20:24:04.780 : 000361.jpg - PSNR: 35.18 dB; SSIM: 0.9275.
24-06-20 20:24:05.508 : 000362.jpg - PSNR: 35.35 dB; SSIM: 0.9194.
24-06-20 20:24:06.121 : 000363.jpg - PSNR: 35.16 dB; SSIM: 0.9372.
24-06-20 20:24:06.908 : 000364.jpg - PSNR: 36.71 dB; SSIM: 0.9609.
24-06-20 20:24:07.545 : 000365.jpg - PSNR: 33.37 dB; SSIM: 0.9187.
24-06-20 20:24:08.387 : 000366.jpg - PSNR: 35.47 dB; SSIM: 0.9374.
24-06-20 20:24:09.061 : 000367.jpg - PSNR: 36.48 dB; SSIM: 0.9495.
24-06-20 20:24:09.877 : 000368.jpg - PSNR: 34.43 dB; SSIM: 0.9386.
24-06-20 20:24:10.532 : 000369.jpg - PSNR: 35.13 dB; SSIM: 0.9227.
24-06-20 20:24:11.299 : 000370.jpg - PSNR: 36.86 dB; SSIM: 0.9417.
24-06-20 20:24:12.029 : 000371.jpg - PSNR: 37.95 dB; SSIM: 0.9440.
24-06-20 20:24:12.733 : 000372.jpg - PSNR: 35.24 dB; SSIM: 0.9280.
24-06-20 20:24:13.379 : 000373.jpg - PSNR: 35.57 dB; SSIM: 0.9337.
24-06-20 20:24:14.119 : 000374.jpg - PSNR: 35.22 dB; SSIM: 0.9121.
24-06-20 20:24:14.930 : 000375.jpg - PSNR: 33.96 dB; SSIM: 0.9235.
24-06-20 20:24:15.725 : 000376.jpg - PSNR: 38.55 dB; SSIM: 0.9657.
24-06-20 20:24:16.430 : 000377.jpg - PSNR: 35.98 dB; SSIM: 0.9485.
24-06-20 20:24:17.098 : 000378.jpg - PSNR: 36.63 dB; SSIM: 0.9555.
24-06-20 20:24:17.685 : 000379.jpg - PSNR: 36.09 dB; SSIM: 0.9520.
24-06-20 20:24:18.336 : 000380.jpg - PSNR: 34.33 dB; SSIM: 0.9411.
24-06-20 20:24:19.044 : 000381.jpg - PSNR: 34.46 dB; SSIM: 0.9292.
24-06-20 20:24:19.730 : 000382.jpg - PSNR: 34.27 dB; SSIM: 0.9169.
24-06-20 20:24:20.344 : 000383.jpg - PSNR: 33.94 dB; SSIM: 0.9166.
24-06-20 20:24:21.084 : 000384.jpg - PSNR: 33.86 dB; SSIM: 0.9420.
24-06-20 20:24:21.770 : 000385.jpg - PSNR: 37.06 dB; SSIM: 0.9528.
24-06-20 20:24:22.666 : 000386.jpg - PSNR: 35.26 dB; SSIM: 0.9320.
24-06-20 20:24:23.326 : 000387.jpg - PSNR: 35.15 dB; SSIM: 0.9117.
24-06-20 20:24:24.095 : 000388.jpg - PSNR: 33.69 dB; SSIM: 0.9038.
24-06-20 20:24:24.722 : 000389.jpg - PSNR: 38.14 dB; SSIM: 0.9577.
24-06-20 20:24:25.480 : 000390.jpg - PSNR: 33.69 dB; SSIM: 0.9097.
24-06-20 20:24:26.193 : 000391.jpg - PSNR: 37.20 dB; SSIM: 0.9467.
24-06-20 20:24:27.019 : 000392.jpg - PSNR: 36.62 dB; SSIM: 0.9430.
24-06-20 20:24:27.609 : 000393.jpg - PSNR: 36.71 dB; SSIM: 0.9467.
24-06-20 20:24:28.246 : 000394.jpg - PSNR: 34.87 dB; SSIM: 0.9264.
24-06-20 20:24:28.882 : 000395.jpg - PSNR: 32.56 dB; SSIM: 0.9109.
24-06-20 20:24:29.592 : 000396.jpg - PSNR: 35.10 dB; SSIM: 0.9542.
24-06-20 20:24:30.237 : 000397.jpg - PSNR: 32.96 dB; SSIM: 0.9087.
24-06-20 20:24:30.981 : 000398.jpg - PSNR: 37.04 dB; SSIM: 0.9672.
24-06-20 20:24:31.680 : 000399.jpg - PSNR: 34.93 dB; SSIM: 0.9345.
24-06-20 20:24:32.357 : 000400.jpg - PSNR: 37.46 dB; SSIM: 0.9603.
24-06-20 20:24:33.146 : 000401.jpg - PSNR: 36.23 dB; SSIM: 0.9363.
24-06-20 20:24:33.880 : 000402.jpg - PSNR: 35.92 dB; SSIM: 0.9362.
24-06-20 20:24:34.579 : 000403.jpg - PSNR: 35.16 dB; SSIM: 0.9471.
24-06-20 20:24:35.439 : 000404.jpg - PSNR: 35.71 dB; SSIM: 0.9193.
24-06-20 20:24:36.190 : 000405.jpg - PSNR: 30.25 dB; SSIM: 0.8423.
24-06-20 20:24:36.969 : 000406.jpg - PSNR: 36.35 dB; SSIM: 0.9471.
24-06-20 20:24:37.586 : 000407.jpg - PSNR: 34.00 dB; SSIM: 0.9268.
24-06-20 20:24:38.332 : 000408.jpg - PSNR: 33.07 dB; SSIM: 0.9277.
24-06-20 20:24:38.932 : 000409.jpg - PSNR: 36.21 dB; SSIM: 0.9473.
24-06-20 20:24:39.678 : 000410.jpg - PSNR: 37.46 dB; SSIM: 0.9440.
24-06-20 20:24:40.278 : 000411.jpg - PSNR: 34.45 dB; SSIM: 0.9318.
24-06-20 20:24:41.028 : 000412.jpg - PSNR: 35.88 dB; SSIM: 0.9338.
24-06-20 20:24:41.777 : 000413.jpg - PSNR: 36.22 dB; SSIM: 0.9328.
24-06-20 20:24:42.533 : 000414.jpg - PSNR: 36.14 dB; SSIM: 0.9506.
24-06-20 20:24:43.238 : 000415.jpg - PSNR: 36.48 dB; SSIM: 0.9461.
24-06-20 20:24:44.040 : 000416.jpg - PSNR: 35.30 dB; SSIM: 0.9286.
24-06-20 20:24:44.652 : 000417.jpg - PSNR: 36.24 dB; SSIM: 0.9223.
24-06-20 20:24:45.316 : 000418.jpg - PSNR: 38.02 dB; SSIM: 0.9524.
24-06-20 20:24:46.019 : 000419.jpg - PSNR: 37.12 dB; SSIM: 0.9471.
24-06-20 20:24:46.707 : 000420.jpg - PSNR: 33.36 dB; SSIM: 0.9086.
24-06-20 20:24:47.358 : 000421.jpg - PSNR: 35.50 dB; SSIM: 0.9459.
24-06-20 20:24:48.173 : 000422.jpg - PSNR: 33.65 dB; SSIM: 0.9331.
24-06-20 20:24:48.826 : 000423.jpg - PSNR: 36.61 dB; SSIM: 0.9474.
24-06-20 20:24:49.722 : 000424.jpg - PSNR: 35.28 dB; SSIM: 0.9132.
24-06-20 20:24:50.395 : 000425.jpg - PSNR: 37.29 dB; SSIM: 0.9500.
24-06-20 20:24:51.200 : 000426.jpg - PSNR: 35.79 dB; SSIM: 0.9332.
24-06-20 20:24:51.802 : 000427.jpg - PSNR: 39.17 dB; SSIM: 0.9710.
24-06-20 20:24:52.594 : 000428.jpg - PSNR: 35.83 dB; SSIM: 0.9536.
24-06-20 20:24:53.229 : 000429.jpg - PSNR: 32.26 dB; SSIM: 0.8981.
24-06-20 20:24:53.867 : 000430.jpg - PSNR: 35.13 dB; SSIM: 0.9455.
24-06-20 20:24:54.543 : 000431.jpg - PSNR: 32.18 dB; SSIM: 0.9111.
24-06-20 20:24:55.326 : 000432.jpg - PSNR: 32.75 dB; SSIM: 0.9032.
24-06-20 20:24:55.938 : 000433.jpg - PSNR: 36.91 dB; SSIM: 0.9441.
24-06-20 20:24:56.635 : 000434.jpg - PSNR: 35.69 dB; SSIM: 0.9400.
24-06-20 20:24:57.259 : 000435.jpg - PSNR: 34.79 dB; SSIM: 0.9210.
24-06-20 20:24:57.965 : 000436.jpg - PSNR: 34.88 dB; SSIM: 0.9205.
24-06-20 20:24:58.629 : 000437.jpg - PSNR: 34.38 dB; SSIM: 0.9163.
24-06-20 20:24:59.344 : 000438.jpg - PSNR: 36.28 dB; SSIM: 0.9277.
24-06-20 20:25:00.020 : 000439.jpg - PSNR: 36.18 dB; SSIM: 0.9485.
24-06-20 20:25:00.698 : 000440.jpg - PSNR: 36.57 dB; SSIM: 0.9445.
24-06-20 20:25:01.393 : 000441.jpg - PSNR: 32.44 dB; SSIM: 0.8467.
24-06-20 20:25:02.129 : 000442.jpg - PSNR: 33.77 dB; SSIM: 0.9128.
24-06-20 20:25:02.825 : 000443.jpg - PSNR: 33.60 dB; SSIM: 0.9251.
24-06-20 20:25:03.577 : 000444.jpg - PSNR: 32.65 dB; SSIM: 0.9092.
24-06-20 20:25:04.263 : 000445.jpg - PSNR: 33.33 dB; SSIM: 0.9193.
24-06-20 20:25:04.925 : 000446.jpg - PSNR: 35.78 dB; SSIM: 0.9418.
24-06-20 20:25:05.577 : 000447.jpg - PSNR: 36.28 dB; SSIM: 0.9455.
24-06-20 20:25:06.187 : 000448.jpg - PSNR: 35.33 dB; SSIM: 0.9462.
24-06-20 20:25:06.876 : 000449.jpg - PSNR: 35.22 dB; SSIM: 0.9417.
24-06-20 20:25:07.474 : 000450.jpg - PSNR: 35.18 dB; SSIM: 0.9331.
24-06-20 20:25:08.084 : 000451.jpg - PSNR: 34.24 dB; SSIM: 0.9557.
24-06-20 20:25:08.670 : 000452.jpg - PSNR: 35.61 dB; SSIM: 0.9449.
24-06-20 20:25:09.561 : 000453.jpg - PSNR: 37.33 dB; SSIM: 0.9570.
24-06-20 20:25:10.163 : 000454.jpg - PSNR: 36.64 dB; SSIM: 0.9490.
24-06-20 20:25:10.838 : 000455.jpg - PSNR: 34.01 dB; SSIM: 0.9095.
24-06-20 20:25:11.429 : 000456.jpg - PSNR: 36.73 dB; SSIM: 0.9495.
24-06-20 20:25:12.139 : 000457.jpg - PSNR: 35.04 dB; SSIM: 0.9197.
24-06-20 20:25:12.755 : 000458.jpg - PSNR: 33.54 dB; SSIM: 0.8840.
24-06-20 20:25:13.485 : 000459.jpg - PSNR: 34.27 dB; SSIM: 0.9300.
24-06-20 20:25:14.113 : 000460.jpg - PSNR: 32.62 dB; SSIM: 0.9179.
24-06-20 20:25:14.742 : 000461.jpg - PSNR: 35.38 dB; SSIM: 0.9565.
24-06-20 20:25:15.366 : 000462.jpg - PSNR: 35.85 dB; SSIM: 0.9183.
24-06-20 20:25:16.031 : 000463.jpg - PSNR: 35.81 dB; SSIM: 0.9331.
24-06-20 20:25:16.789 : 000464.jpg - PSNR: 37.60 dB; SSIM: 0.9662.
24-06-20 20:25:17.506 : 000465.jpg - PSNR: 36.54 dB; SSIM: 0.9462.
24-06-20 20:25:18.151 : 000466.jpg - PSNR: 34.97 dB; SSIM: 0.9350.
24-06-20 20:25:18.785 : 000467.jpg - PSNR: 36.96 dB; SSIM: 0.9452.
24-06-20 20:25:19.573 : 000468.jpg - PSNR: 32.84 dB; SSIM: 0.9081.
24-06-20 20:25:20.252 : 000469.jpg - PSNR: 31.94 dB; SSIM: 0.8874.
24-06-20 20:25:20.986 : 000470.jpg - PSNR: 35.45 dB; SSIM: 0.9382.
24-06-20 20:25:21.557 : 000471.jpg - PSNR: 33.76 dB; SSIM: 0.9257.
24-06-20 20:25:22.314 : 000472.jpg - PSNR: 36.74 dB; SSIM: 0.9459.
24-06-20 20:25:22.898 : 000473.jpg - PSNR: 35.37 dB; SSIM: 0.9374.
24-06-20 20:25:23.640 : 000474.jpg - PSNR: 37.68 dB; SSIM: 0.9628.
24-06-20 20:25:24.187 : 000475.jpg - PSNR: 33.10 dB; SSIM: 0.9074.
24-06-20 20:25:24.824 : 000476.jpg - PSNR: 34.54 dB; SSIM: 0.9391.
24-06-20 20:25:25.470 : 000477.jpg - PSNR: 36.08 dB; SSIM: 0.9404.
24-06-20 20:25:26.323 : 000478.jpg - PSNR: 33.15 dB; SSIM: 0.9431.
24-06-20 20:25:27.060 : 000479.jpg - PSNR: 35.62 dB; SSIM: 0.9408.
24-06-20 20:25:27.767 : 000480.jpg - PSNR: 32.52 dB; SSIM: 0.9317.
24-06-20 20:25:28.354 : 000481.jpg - PSNR: 33.74 dB; SSIM: 0.9192.
24-06-20 20:25:29.008 : 000482.jpg - PSNR: 34.38 dB; SSIM: 0.9498.
24-06-20 20:25:29.661 : 000483.jpg - PSNR: 34.74 dB; SSIM: 0.9348.
24-06-20 20:25:30.343 : 000484.jpg - PSNR: 37.59 dB; SSIM: 0.9444.
24-06-20 20:25:31.114 : 000485.jpg - PSNR: 34.48 dB; SSIM: 0.9398.
24-06-20 20:25:31.825 : 000486.jpg - PSNR: 35.46 dB; SSIM: 0.9239.
24-06-20 20:25:32.472 : 000487.jpg - PSNR: 33.64 dB; SSIM: 0.9519.
24-06-20 20:25:33.210 : 000488.jpg - PSNR: 34.76 dB; SSIM: 0.8966.
24-06-20 20:25:33.846 : 000489.jpg - PSNR: 35.68 dB; SSIM: 0.9421.
24-06-20 20:25:34.528 : 000490.jpg - PSNR: 35.28 dB; SSIM: 0.9080.
24-06-20 20:25:35.236 : 000491.jpg - PSNR: 32.32 dB; SSIM: 0.8557.
24-06-20 20:25:35.949 : 000492.jpg - PSNR: 34.22 dB; SSIM: 0.9152.
24-06-20 20:25:36.650 : 000493.jpg - PSNR: 32.87 dB; SSIM: 0.9083.
24-06-20 20:25:37.355 : 000494.jpg - PSNR: 35.69 dB; SSIM: 0.9569.
24-06-20 20:25:38.096 : 000495.jpg - PSNR: 34.46 dB; SSIM: 0.9314.
24-06-20 20:25:38.789 : 000496.jpg - PSNR: 35.80 dB; SSIM: 0.9396.
24-06-20 20:25:39.523 : 000497.jpg - PSNR: 33.58 dB; SSIM: 0.9466.
24-06-20 20:25:40.198 : 000498.jpg - PSNR: 35.83 dB; SSIM: 0.9190.
24-06-20 20:25:40.967 : 000499.jpg - PSNR: 34.21 dB; SSIM: 0.9204.
24-06-20 20:25:41.661 : 000500.jpg - PSNR: 34.43 dB; SSIM: 0.9430.
24-06-20 20:25:41.667 : Average PSNR/SSIM(RGB) - ttt_SCUnet_finetune_epochs20 - PSNR: 35.28 dB; SSIM: 0.9318
