24-06-20 09:04:54.435 : Model path: model_zoo\scunet_color_15.pth
24-06-20 09:04:54.442 : Params number: 17946072
24-06-20 09:04:54.442 : model_name:scunet_color_15, image sigma:15
24-06-20 09:04:54.443 : testsets\tt
24-06-20 09:04:54.456 :          #Params : 17.9461 [M]
24-06-20 09:05:23.391 : 000001.jpg - PSNR: 32.66 dB; SSIM: 0.9594.
24-06-20 09:05:24.062 : 000002.jpg - PSNR: 36.02 dB; SSIM: 0.9611.
24-06-20 09:05:24.947 : 000003.jpg - PSNR: 40.00 dB; SSIM: 0.9708.
24-06-20 09:05:25.786 : 000004.jpg - PSNR: 32.49 dB; SSIM: 0.9293.
24-06-20 09:05:26.663 : 000005.jpg - PSNR: 37.70 dB; SSIM: 0.9694.
24-06-20 09:05:27.372 : 000006.jpg - PSNR: 35.16 dB; SSIM: 0.9574.
24-06-20 09:05:28.038 : 000007.jpg - PSNR: 35.35 dB; SSIM: 0.9571.
24-06-20 09:05:28.715 : 000008.jpg - PSNR: 36.44 dB; SSIM: 0.9591.
24-06-20 09:05:29.524 : 000009.jpg - PSNR: 34.36 dB; SSIM: 0.9432.
24-06-20 09:05:30.131 : 000010.jpg - PSNR: 36.31 dB; SSIM: 0.9559.
24-06-20 09:05:31.041 : 000011.jpg - PSNR: 39.24 dB; SSIM: 0.9668.
24-06-20 09:05:31.823 : 000012.jpg - PSNR: 38.38 dB; SSIM: 0.9670.
24-06-20 09:05:32.802 : 000013.jpg - PSNR: 35.47 dB; SSIM: 0.9563.
24-06-20 09:05:33.618 : 000014.jpg - PSNR: 36.79 dB; SSIM: 0.9535.
24-06-20 09:05:34.542 : 000015.jpg - PSNR: 36.74 dB; SSIM: 0.9653.
24-06-20 09:05:35.661 : 000016.jpg - PSNR: 37.86 dB; SSIM: 0.9535.
24-06-20 09:05:36.544 : 000017.jpg - PSNR: 38.43 dB; SSIM: 0.9681.
24-06-20 09:05:37.245 : 000018.jpg - PSNR: 34.65 dB; SSIM: 0.9591.
24-06-20 09:05:37.902 : 000019.jpg - PSNR: 35.86 dB; SSIM: 0.9617.
24-06-20 09:05:38.747 : 000020.jpg - PSNR: 35.60 dB; SSIM: 0.9547.
24-06-20 09:05:39.410 : 000021.jpg - PSNR: 36.93 dB; SSIM: 0.9414.
24-06-20 09:05:40.220 : 000022.jpg - PSNR: 37.46 dB; SSIM: 0.9651.
24-06-20 09:05:40.948 : 000023.jpg - PSNR: 35.31 dB; SSIM: 0.9551.
24-06-20 09:05:41.758 : 000024.jpg - PSNR: 34.99 dB; SSIM: 0.9499.
24-06-20 09:05:42.522 : 000025.jpg - PSNR: 36.21 dB; SSIM: 0.9295.
24-06-20 09:05:43.473 : 000026.jpg - PSNR: 36.40 dB; SSIM: 0.9525.
24-06-20 09:05:44.746 : 000027.jpg - PSNR: 37.94 dB; SSIM: 0.9511.
24-06-20 09:05:45.546 : 000028.jpg - PSNR: 35.49 dB; SSIM: 0.9489.
24-06-20 09:05:46.548 : 000029.jpg - PSNR: 36.34 dB; SSIM: 0.9574.
24-06-20 09:05:47.486 : 000030.jpg - PSNR: 35.35 dB; SSIM: 0.9398.
24-06-20 09:05:48.323 : 000031.jpg - PSNR: 35.79 dB; SSIM: 0.9400.
24-06-20 09:05:49.331 : 000032.jpg - PSNR: 36.41 dB; SSIM: 0.9596.
24-06-20 09:05:49.923 : 000033.jpg - PSNR: 37.75 dB; SSIM: 0.9606.
24-06-20 09:05:50.696 : 000034.jpg - PSNR: 37.56 dB; SSIM: 0.9578.
24-06-20 09:05:51.293 : 000035.jpg - PSNR: 34.96 dB; SSIM: 0.9408.
24-06-20 09:05:52.295 : 000036.jpg - PSNR: 37.91 dB; SSIM: 0.9562.
24-06-20 09:05:53.190 : 000037.jpg - PSNR: 36.84 dB; SSIM: 0.9562.
24-06-20 09:05:53.994 : 000038.jpg - PSNR: 35.64 dB; SSIM: 0.9581.
24-06-20 09:05:54.783 : 000039.jpg - PSNR: 35.94 dB; SSIM: 0.9507.
24-06-20 09:05:55.754 : 000040.jpg - PSNR: 37.00 dB; SSIM: 0.9610.
24-06-20 09:05:56.739 : 000041.jpg - PSNR: 37.05 dB; SSIM: 0.9490.
24-06-20 09:05:57.387 : 000042.jpg - PSNR: 36.03 dB; SSIM: 0.9549.
24-06-20 09:05:58.179 : 000043.jpg - PSNR: 36.66 dB; SSIM: 0.9513.
24-06-20 09:05:58.793 : 000044.jpg - PSNR: 32.60 dB; SSIM: 0.9352.
24-06-20 09:05:59.796 : 000045.jpg - PSNR: 34.52 dB; SSIM: 0.9465.
24-06-20 09:06:00.538 : 000046.jpg - PSNR: 38.10 dB; SSIM: 0.9668.
24-06-20 09:06:01.560 : 000047.jpg - PSNR: 37.85 dB; SSIM: 0.9488.
24-06-20 09:06:02.315 : 000048.jpg - PSNR: 39.13 dB; SSIM: 0.9674.
24-06-20 09:06:03.091 : 000049.jpg - PSNR: 39.05 dB; SSIM: 0.9627.
24-06-20 09:06:03.780 : 000050.jpg - PSNR: 38.18 dB; SSIM: 0.9555.
24-06-20 09:06:04.504 : 000051.jpg - PSNR: 35.37 dB; SSIM: 0.9461.
24-06-20 09:06:05.313 : 000052.jpg - PSNR: 35.59 dB; SSIM: 0.9444.
24-06-20 09:06:05.999 : 000053.jpg - PSNR: 36.66 dB; SSIM: 0.9542.
24-06-20 09:06:06.856 : 000054.jpg - PSNR: 34.09 dB; SSIM: 0.9530.
24-06-20 09:06:07.576 : 000055.jpg - PSNR: 38.19 dB; SSIM: 0.9578.
24-06-20 09:06:08.373 : 000056.jpg - PSNR: 38.08 dB; SSIM: 0.9563.
24-06-20 09:06:09.123 : 000057.jpg - PSNR: 39.01 dB; SSIM: 0.9686.
24-06-20 09:06:09.911 : 000058.jpg - PSNR: 36.91 dB; SSIM: 0.9558.
24-06-20 09:06:10.603 : 000059.jpg - PSNR: 35.10 dB; SSIM: 0.9380.
24-06-20 09:06:11.506 : 000060.jpg - PSNR: 34.91 dB; SSIM: 0.9528.
24-06-20 09:06:12.289 : 000061.jpg - PSNR: 38.66 dB; SSIM: 0.9684.
24-06-20 09:06:13.048 : 000062.jpg - PSNR: 37.57 dB; SSIM: 0.9524.
24-06-20 09:06:13.697 : 000063.jpg - PSNR: 36.39 dB; SSIM: 0.9586.
24-06-20 09:06:14.544 : 000064.jpg - PSNR: 37.68 dB; SSIM: 0.9689.
24-06-20 09:06:15.335 : 000065.jpg - PSNR: 40.06 dB; SSIM: 0.9738.
24-06-20 09:06:16.270 : 000066.jpg - PSNR: 37.84 dB; SSIM: 0.9618.
24-06-20 09:06:17.219 : 000067.jpg - PSNR: 36.05 dB; SSIM: 0.9544.
24-06-20 09:06:18.002 : 000068.jpg - PSNR: 35.71 dB; SSIM: 0.9437.
24-06-20 09:06:18.758 : 000069.jpg - PSNR: 37.04 dB; SSIM: 0.9674.
24-06-20 09:06:19.345 : 000070.jpg - PSNR: 37.15 dB; SSIM: 0.9595.
24-06-20 09:06:20.157 : 000071.jpg - PSNR: 36.22 dB; SSIM: 0.9526.
24-06-20 09:06:20.872 : 000072.jpg - PSNR: 36.51 dB; SSIM: 0.9503.
24-06-20 09:06:21.671 : 000073.jpg - PSNR: 35.15 dB; SSIM: 0.9369.
24-06-20 09:06:22.535 : 000074.jpg - PSNR: 35.18 dB; SSIM: 0.9625.
24-06-20 09:06:23.255 : 000075.jpg - PSNR: 35.91 dB; SSIM: 0.9383.
24-06-20 09:06:24.013 : 000076.jpg - PSNR: 36.51 dB; SSIM: 0.9648.
24-06-20 09:06:24.830 : 000077.jpg - PSNR: 35.77 dB; SSIM: 0.9464.
24-06-20 09:06:25.538 : 000078.jpg - PSNR: 35.64 dB; SSIM: 0.9458.
24-06-20 09:06:26.401 : 000079.jpg - PSNR: 36.87 dB; SSIM: 0.9587.
24-06-20 09:06:27.210 : 000080.jpg - PSNR: 34.78 dB; SSIM: 0.9356.
24-06-20 09:06:28.265 : 000081.jpg - PSNR: 36.56 dB; SSIM: 0.9556.
24-06-20 09:06:28.992 : 000082.jpg - PSNR: 35.13 dB; SSIM: 0.9302.
24-06-20 09:06:29.591 : 000083.jpg - PSNR: 36.24 dB; SSIM: 0.9516.
24-06-20 09:06:30.234 : 000084.jpg - PSNR: 37.70 dB; SSIM: 0.9643.
24-06-20 09:06:30.781 : 000085.jpg - PSNR: 32.22 dB; SSIM: 0.9415.
24-06-20 09:06:31.516 : 000086.jpg - PSNR: 37.71 dB; SSIM: 0.9650.
24-06-20 09:06:32.307 : 000087.jpg - PSNR: 38.54 dB; SSIM: 0.9483.
24-06-20 09:06:32.984 : 000088.jpg - PSNR: 33.79 dB; SSIM: 0.9410.
24-06-20 09:06:33.737 : 000089.jpg - PSNR: 35.28 dB; SSIM: 0.9490.
24-06-20 09:06:34.359 : 000090.jpg - PSNR: 37.60 dB; SSIM: 0.9662.
24-06-20 09:06:35.258 : 000091.jpg - PSNR: 35.30 dB; SSIM: 0.9511.
24-06-20 09:06:35.829 : 000092.jpg - PSNR: 35.49 dB; SSIM: 0.9640.
24-06-20 09:06:36.570 : 000093.jpg - PSNR: 37.03 dB; SSIM: 0.9624.
24-06-20 09:06:37.263 : 000094.jpg - PSNR: 36.22 dB; SSIM: 0.9458.
24-06-20 09:06:38.083 : 000095.jpg - PSNR: 37.84 dB; SSIM: 0.9587.
24-06-20 09:06:38.671 : 000096.jpg - PSNR: 39.21 dB; SSIM: 0.9631.
24-06-20 09:06:39.399 : 000097.jpg - PSNR: 35.59 dB; SSIM: 0.9602.
24-06-20 09:06:40.070 : 000098.jpg - PSNR: 36.64 dB; SSIM: 0.9388.
24-06-20 09:06:40.912 : 000099.jpg - PSNR: 35.88 dB; SSIM: 0.9486.
24-06-20 09:06:41.635 : 000100.jpg - PSNR: 37.57 dB; SSIM: 0.9693.
24-06-20 09:06:42.491 : 000101.jpg - PSNR: 40.35 dB; SSIM: 0.9710.
24-06-20 09:06:43.116 : 000102.jpg - PSNR: 37.58 dB; SSIM: 0.9608.
24-06-20 09:06:43.925 : 000103.jpg - PSNR: 37.55 dB; SSIM: 0.9569.
24-06-20 09:06:44.591 : 000104.jpg - PSNR: 36.03 dB; SSIM: 0.9571.
24-06-20 09:06:45.231 : 000105.jpg - PSNR: 36.87 dB; SSIM: 0.9609.
24-06-20 09:06:45.997 : 000106.jpg - PSNR: 37.16 dB; SSIM: 0.9421.
24-06-20 09:06:46.785 : 000107.jpg - PSNR: 35.66 dB; SSIM: 0.9497.
24-06-20 09:06:47.573 : 000108.jpg - PSNR: 33.88 dB; SSIM: 0.9483.
24-06-20 09:06:48.311 : 000109.jpg - PSNR: 36.13 dB; SSIM: 0.9628.
24-06-20 09:06:48.935 : 000110.jpg - PSNR: 32.35 dB; SSIM: 0.9534.
24-06-20 09:06:49.722 : 000111.jpg - PSNR: 34.95 dB; SSIM: 0.9395.
24-06-20 09:06:50.372 : 000112.jpg - PSNR: 36.40 dB; SSIM: 0.9545.
24-06-20 09:06:51.087 : 000113.jpg - PSNR: 38.66 dB; SSIM: 0.9612.
24-06-20 09:06:51.697 : 000114.jpg - PSNR: 35.70 dB; SSIM: 0.9579.
24-06-20 09:06:52.569 : 000115.jpg - PSNR: 38.67 dB; SSIM: 0.9598.
24-06-20 09:06:53.415 : 000116.jpg - PSNR: 36.79 dB; SSIM: 0.9594.
24-06-20 09:06:54.256 : 000117.jpg - PSNR: 35.39 dB; SSIM: 0.9344.
24-06-20 09:06:54.966 : 000118.jpg - PSNR: 36.56 dB; SSIM: 0.9552.
24-06-20 09:06:55.716 : 000119.jpg - PSNR: 36.30 dB; SSIM: 0.9524.
24-06-20 09:06:56.481 : 000120.jpg - PSNR: 39.45 dB; SSIM: 0.9594.
24-06-20 09:06:57.138 : 000121.jpg - PSNR: 37.54 dB; SSIM: 0.9630.
24-06-20 09:06:57.794 : 000122.jpg - PSNR: 37.05 dB; SSIM: 0.9533.
24-06-20 09:06:58.532 : 000123.jpg - PSNR: 38.23 dB; SSIM: 0.9603.
24-06-20 09:06:59.349 : 000124.jpg - PSNR: 36.51 dB; SSIM: 0.9528.
24-06-20 09:07:00.074 : 000125.jpg - PSNR: 37.29 dB; SSIM: 0.9529.
24-06-20 09:07:00.868 : 000126.jpg - PSNR: 36.34 dB; SSIM: 0.9524.
24-06-20 09:07:01.489 : 000127.jpg - PSNR: 37.19 dB; SSIM: 0.9509.
24-06-20 09:07:02.137 : 000128.jpg - PSNR: 34.19 dB; SSIM: 0.9363.
24-06-20 09:07:02.823 : 000129.jpg - PSNR: 35.80 dB; SSIM: 0.9574.
24-06-20 09:07:03.590 : 000130.jpg - PSNR: 37.40 dB; SSIM: 0.9620.
24-06-20 09:07:04.299 : 000131.jpg - PSNR: 36.04 dB; SSIM: 0.9536.
24-06-20 09:07:05.210 : 000132.jpg - PSNR: 34.19 dB; SSIM: 0.9372.
24-06-20 09:07:05.858 : 000133.jpg - PSNR: 34.55 dB; SSIM: 0.9483.
24-06-20 09:07:06.828 : 000134.jpg - PSNR: 38.38 dB; SSIM: 0.9669.
24-06-20 09:07:07.842 : 000135.jpg - PSNR: 37.79 dB; SSIM: 0.9593.
24-06-20 09:07:08.905 : 000136.jpg - PSNR: 37.77 dB; SSIM: 0.9432.
24-06-20 09:07:09.824 : 000137.jpg - PSNR: 36.44 dB; SSIM: 0.9574.
24-06-20 09:07:10.724 : 000138.jpg - PSNR: 35.68 dB; SSIM: 0.9599.
24-06-20 09:07:11.666 : 000139.jpg - PSNR: 37.62 dB; SSIM: 0.9601.
24-06-20 09:07:12.478 : 000140.jpg - PSNR: 36.84 dB; SSIM: 0.9440.
24-06-20 09:07:13.441 : 000141.jpg - PSNR: 36.89 dB; SSIM: 0.9547.
24-06-20 09:07:14.178 : 000142.jpg - PSNR: 36.94 dB; SSIM: 0.9451.
24-06-20 09:07:15.128 : 000143.jpg - PSNR: 37.41 dB; SSIM: 0.9550.
24-06-20 09:07:16.604 : 000144.jpg - PSNR: 37.32 dB; SSIM: 0.9481.
24-06-20 09:07:17.302 : 000145.jpg - PSNR: 32.30 dB; SSIM: 0.9422.
24-06-20 09:07:17.976 : 000146.jpg - PSNR: 38.09 dB; SSIM: 0.9535.
24-06-20 09:07:18.804 : 000147.jpg - PSNR: 33.70 dB; SSIM: 0.9396.
24-06-20 09:07:20.143 : 000148.jpg - PSNR: 38.86 dB; SSIM: 0.9650.
24-06-20 09:07:21.049 : 000149.jpg - PSNR: 37.14 dB; SSIM: 0.9627.
24-06-20 09:07:22.158 : 000150.jpg - PSNR: 33.76 dB; SSIM: 0.9335.
24-06-20 09:07:22.998 : 000151.jpg - PSNR: 35.60 dB; SSIM: 0.9455.
24-06-20 09:07:23.664 : 000152.jpg - PSNR: 35.70 dB; SSIM: 0.9541.
24-06-20 09:07:24.635 : 000153.jpg - PSNR: 36.69 dB; SSIM: 0.9533.
24-06-20 09:07:25.617 : 000154.jpg - PSNR: 36.94 dB; SSIM: 0.9657.
24-06-20 09:07:26.402 : 000155.jpg - PSNR: 33.23 dB; SSIM: 0.9337.
24-06-20 09:07:27.262 : 000156.jpg - PSNR: 36.32 dB; SSIM: 0.9497.
24-06-20 09:07:28.002 : 000157.jpg - PSNR: 35.81 dB; SSIM: 0.9529.
24-06-20 09:07:28.816 : 000158.jpg - PSNR: 37.47 dB; SSIM: 0.9583.
24-06-20 09:07:29.517 : 000159.jpg - PSNR: 36.36 dB; SSIM: 0.9538.
24-06-20 09:07:30.409 : 000160.jpg - PSNR: 37.35 dB; SSIM: 0.9616.
24-06-20 09:07:31.602 : 000161.jpg - PSNR: 36.90 dB; SSIM: 0.9512.
24-06-20 09:07:32.359 : 000162.jpg - PSNR: 37.44 dB; SSIM: 0.9663.
24-06-20 09:07:33.115 : 000163.jpg - PSNR: 32.25 dB; SSIM: 0.9576.
24-06-20 09:07:33.913 : 000164.jpg - PSNR: 37.29 dB; SSIM: 0.9650.
24-06-20 09:07:34.727 : 000165.jpg - PSNR: 35.30 dB; SSIM: 0.9531.
24-06-20 09:07:35.482 : 000166.jpg - PSNR: 36.01 dB; SSIM: 0.9541.
24-06-20 09:07:36.275 : 000167.jpg - PSNR: 35.51 dB; SSIM: 0.9550.
24-06-20 09:07:36.997 : 000168.jpg - PSNR: 34.46 dB; SSIM: 0.9262.
24-06-20 09:07:37.740 : 000169.jpg - PSNR: 36.89 dB; SSIM: 0.9638.
24-06-20 09:07:38.540 : 000170.jpg - PSNR: 36.01 dB; SSIM: 0.9480.
24-06-20 09:07:39.368 : 000171.jpg - PSNR: 36.72 dB; SSIM: 0.9597.
24-06-20 09:07:40.098 : 000172.jpg - PSNR: 34.44 dB; SSIM: 0.9509.
24-06-20 09:07:40.836 : 000173.jpg - PSNR: 36.51 dB; SSIM: 0.9552.
24-06-20 09:07:41.951 : 000174.jpg - PSNR: 36.30 dB; SSIM: 0.9470.
24-06-20 09:07:43.085 : 000175.jpg - PSNR: 35.51 dB; SSIM: 0.9603.
24-06-20 09:07:43.927 : 000176.jpg - PSNR: 36.33 dB; SSIM: 0.9463.
24-06-20 09:07:44.720 : 000177.jpg - PSNR: 37.31 dB; SSIM: 0.9673.
24-06-20 09:07:45.491 : 000178.jpg - PSNR: 35.26 dB; SSIM: 0.9544.
24-06-20 09:07:46.236 : 000179.jpg - PSNR: 37.05 dB; SSIM: 0.9604.
24-06-20 09:07:47.005 : 000180.jpg - PSNR: 34.64 dB; SSIM: 0.9498.
24-06-20 09:07:47.921 : 000181.jpg - PSNR: 36.62 dB; SSIM: 0.9614.
24-06-20 09:07:48.648 : 000182.jpg - PSNR: 37.78 dB; SSIM: 0.9593.
24-06-20 09:07:49.371 : 000183.jpg - PSNR: 36.27 dB; SSIM: 0.9570.
24-06-20 09:07:50.265 : 000184.jpg - PSNR: 35.21 dB; SSIM: 0.9382.
24-06-20 09:07:51.177 : 000185.jpg - PSNR: 35.23 dB; SSIM: 0.9425.
24-06-20 09:07:52.823 : 000186.jpg - PSNR: 37.55 dB; SSIM: 0.9640.
24-06-20 09:07:53.899 : 000187.jpg - PSNR: 37.26 dB; SSIM: 0.9547.
24-06-20 09:07:54.673 : 000188.jpg - PSNR: 35.90 dB; SSIM: 0.9596.
24-06-20 09:07:55.485 : 000189.jpg - PSNR: 35.52 dB; SSIM: 0.9465.
24-06-20 09:07:57.690 : 000190.jpg - PSNR: 36.67 dB; SSIM: 0.9537.
24-06-20 09:07:59.624 : 000191.jpg - PSNR: 35.29 dB; SSIM: 0.9585.
24-06-20 09:08:01.881 : 000192.jpg - PSNR: 37.65 dB; SSIM: 0.9568.
24-06-20 09:08:03.202 : 000193.jpg - PSNR: 37.21 dB; SSIM: 0.9637.
24-06-20 09:08:04.490 : 000194.jpg - PSNR: 36.89 dB; SSIM: 0.9587.
24-06-20 09:08:05.460 : 000195.jpg - PSNR: 36.62 dB; SSIM: 0.9538.
24-06-20 09:08:06.334 : 000196.jpg - PSNR: 37.55 dB; SSIM: 0.9680.
24-06-20 09:08:07.148 : 000197.jpg - PSNR: 37.12 dB; SSIM: 0.9492.
24-06-20 09:08:07.835 : 000198.jpg - PSNR: 36.35 dB; SSIM: 0.9501.
24-06-20 09:08:08.573 : 000199.jpg - PSNR: 34.25 dB; SSIM: 0.9403.
24-06-20 09:08:09.448 : 000200.jpg - PSNR: 36.54 dB; SSIM: 0.9494.
24-06-20 09:08:10.119 : 000201.jpg - PSNR: 33.67 dB; SSIM: 0.9512.
24-06-20 09:08:10.718 : 000202.jpg - PSNR: 37.17 dB; SSIM: 0.9569.
24-06-20 09:08:11.425 : 000203.jpg - PSNR: 36.64 dB; SSIM: 0.9585.
24-06-20 09:08:12.063 : 000204.jpg - PSNR: 37.04 dB; SSIM: 0.9595.
24-06-20 09:08:12.861 : 000205.jpg - PSNR: 33.83 dB; SSIM: 0.9312.
24-06-20 09:08:14.373 : 000206.jpg - PSNR: 36.01 dB; SSIM: 0.9476.
24-06-20 09:08:15.150 : 000207.jpg - PSNR: 37.18 dB; SSIM: 0.9539.
24-06-20 09:08:15.855 : 000208.jpg - PSNR: 36.68 dB; SSIM: 0.9519.
24-06-20 09:08:16.688 : 000209.jpg - PSNR: 35.85 dB; SSIM: 0.9501.
24-06-20 09:08:17.406 : 000210.jpg - PSNR: 36.74 dB; SSIM: 0.9686.
24-06-20 09:08:18.225 : 000211.jpg - PSNR: 36.83 dB; SSIM: 0.9517.
24-06-20 09:08:19.036 : 000212.jpg - PSNR: 36.60 dB; SSIM: 0.9561.
24-06-20 09:08:19.776 : 000213.jpg - PSNR: 36.30 dB; SSIM: 0.9575.
24-06-20 09:08:20.479 : 000214.jpg - PSNR: 37.04 dB; SSIM: 0.9667.
24-06-20 09:08:21.259 : 000215.jpg - PSNR: 36.50 dB; SSIM: 0.9647.
24-06-20 09:08:22.231 : 000216.jpg - PSNR: 36.51 dB; SSIM: 0.9578.
24-06-20 09:08:23.069 : 000217.jpg - PSNR: 35.11 dB; SSIM: 0.9454.
24-06-20 09:08:24.104 : 000218.jpg - PSNR: 37.67 dB; SSIM: 0.9717.
24-06-20 09:08:24.911 : 000219.jpg - PSNR: 35.10 dB; SSIM: 0.9266.
24-06-20 09:08:25.590 : 000220.jpg - PSNR: 35.59 dB; SSIM: 0.9626.
24-06-20 09:08:26.336 : 000221.jpg - PSNR: 37.01 dB; SSIM: 0.9558.
24-06-20 09:08:27.029 : 000222.jpg - PSNR: 33.00 dB; SSIM: 0.8995.
24-06-20 09:08:27.774 : 000223.jpg - PSNR: 36.38 dB; SSIM: 0.9605.
24-06-20 09:08:28.559 : 000224.jpg - PSNR: 37.88 dB; SSIM: 0.9541.
24-06-20 09:08:29.346 : 000225.jpg - PSNR: 35.56 dB; SSIM: 0.9458.
24-06-20 09:08:30.050 : 000226.jpg - PSNR: 37.35 dB; SSIM: 0.9654.
24-06-20 09:08:30.821 : 000227.jpg - PSNR: 37.54 dB; SSIM: 0.9557.
24-06-20 09:08:31.523 : 000228.jpg - PSNR: 36.80 dB; SSIM: 0.9506.
24-06-20 09:08:32.460 : 000229.jpg - PSNR: 36.88 dB; SSIM: 0.9624.
24-06-20 09:08:33.209 : 000230.jpg - PSNR: 36.77 dB; SSIM: 0.9539.
24-06-20 09:08:33.943 : 000231.jpg - PSNR: 34.53 dB; SSIM: 0.9490.
24-06-20 09:08:34.609 : 000232.jpg - PSNR: 36.24 dB; SSIM: 0.9524.
24-06-20 09:08:35.343 : 000233.jpg - PSNR: 38.39 dB; SSIM: 0.9702.
24-06-20 09:08:36.018 : 000234.jpg - PSNR: 37.56 dB; SSIM: 0.9544.
24-06-20 09:08:37.355 : 000235.jpg - PSNR: 36.02 dB; SSIM: 0.9517.
24-06-20 09:08:38.445 : 000236.jpg - PSNR: 37.44 dB; SSIM: 0.9601.
24-06-20 09:08:40.372 : 000237.jpg - PSNR: 36.38 dB; SSIM: 0.9598.
24-06-20 09:08:41.095 : 000238.jpg - PSNR: 37.41 dB; SSIM: 0.9581.
24-06-20 09:08:41.896 : 000239.jpg - PSNR: 33.94 dB; SSIM: 0.9194.
24-06-20 09:08:42.753 : 000240.jpg - PSNR: 36.86 dB; SSIM: 0.9558.
24-06-20 09:08:43.609 : 000241.jpg - PSNR: 36.82 dB; SSIM: 0.9571.
24-06-20 09:08:45.179 : 000242.jpg - PSNR: 37.58 dB; SSIM: 0.9295.
24-06-20 09:08:45.831 : 000243.jpg - PSNR: 36.63 dB; SSIM: 0.9638.
24-06-20 09:08:46.602 : 000244.jpg - PSNR: 35.18 dB; SSIM: 0.9251.
24-06-20 09:08:47.169 : 000245.jpg - PSNR: 38.61 dB; SSIM: 0.9580.
24-06-20 09:08:47.894 : 000246.jpg - PSNR: 38.36 dB; SSIM: 0.9706.
24-06-20 09:08:48.835 : 000247.jpg - PSNR: 37.34 dB; SSIM: 0.9497.
24-06-20 09:08:49.807 : 000248.jpg - PSNR: 37.42 dB; SSIM: 0.9591.
24-06-20 09:08:50.797 : 000249.jpg - PSNR: 37.76 dB; SSIM: 0.9630.
24-06-20 09:08:51.669 : 000250.jpg - PSNR: 36.64 dB; SSIM: 0.9544.
24-06-20 09:08:52.410 : 000251.jpg - PSNR: 34.70 dB; SSIM: 0.9466.
24-06-20 09:08:53.197 : 000252.jpg - PSNR: 36.43 dB; SSIM: 0.9535.
24-06-20 09:08:54.010 : 000253.jpg - PSNR: 38.02 dB; SSIM: 0.9619.
24-06-20 09:08:54.658 : 000254.jpg - PSNR: 36.04 dB; SSIM: 0.9549.
24-06-20 09:08:55.369 : 000255.jpg - PSNR: 36.88 dB; SSIM: 0.9622.
24-06-20 09:08:56.003 : 000256.jpg - PSNR: 38.11 dB; SSIM: 0.9612.
24-06-20 09:08:56.773 : 000257.jpg - PSNR: 35.26 dB; SSIM: 0.9496.
24-06-20 09:08:57.532 : 000258.jpg - PSNR: 35.58 dB; SSIM: 0.9515.
24-06-20 09:08:58.179 : 000259.jpg - PSNR: 37.63 dB; SSIM: 0.9547.
24-06-20 09:08:58.864 : 000260.jpg - PSNR: 37.24 dB; SSIM: 0.9369.
24-06-20 09:08:59.598 : 000261.jpg - PSNR: 36.71 dB; SSIM: 0.9540.
24-06-20 09:09:00.423 : 000262.jpg - PSNR: 36.25 dB; SSIM: 0.9356.
24-06-20 09:09:01.215 : 000263.jpg - PSNR: 37.61 dB; SSIM: 0.9484.
24-06-20 09:09:02.171 : 000264.jpg - PSNR: 37.20 dB; SSIM: 0.9570.
24-06-20 09:09:02.991 : 000265.jpg - PSNR: 36.92 dB; SSIM: 0.9491.
24-06-20 09:09:04.017 : 000266.jpg - PSNR: 36.49 dB; SSIM: 0.9582.
24-06-20 09:09:04.747 : 000267.jpg - PSNR: 34.41 dB; SSIM: 0.9190.
24-06-20 09:09:05.670 : 000268.jpg - PSNR: 39.44 dB; SSIM: 0.9431.
24-06-20 09:09:06.384 : 000269.jpg - PSNR: 36.18 dB; SSIM: 0.9558.
24-06-20 09:09:07.280 : 000270.jpg - PSNR: 36.25 dB; SSIM: 0.9550.
24-06-20 09:09:07.913 : 000271.jpg - PSNR: 37.03 dB; SSIM: 0.9582.
24-06-20 09:09:08.637 : 000272.jpg - PSNR: 36.99 dB; SSIM: 0.9650.
24-06-20 09:09:09.316 : 000273.jpg - PSNR: 35.51 dB; SSIM: 0.9538.
24-06-20 09:09:10.064 : 000274.jpg - PSNR: 38.60 dB; SSIM: 0.9686.
24-06-20 09:09:10.666 : 000275.jpg - PSNR: 36.83 dB; SSIM: 0.9389.
24-06-20 09:09:11.365 : 000276.jpg - PSNR: 33.62 dB; SSIM: 0.9327.
24-06-20 09:09:11.994 : 000277.jpg - PSNR: 35.41 dB; SSIM: 0.9562.
24-06-20 09:09:12.765 : 000278.jpg - PSNR: 36.74 dB; SSIM: 0.9637.
24-06-20 09:09:13.574 : 000279.jpg - PSNR: 37.56 dB; SSIM: 0.9552.
24-06-20 09:09:14.552 : 000280.jpg - PSNR: 38.68 dB; SSIM: 0.9671.
24-06-20 09:09:15.469 : 000281.jpg - PSNR: 35.88 dB; SSIM: 0.9562.
24-06-20 09:09:16.263 : 000282.jpg - PSNR: 37.47 dB; SSIM: 0.9528.
24-06-20 09:09:16.934 : 000283.jpg - PSNR: 36.46 dB; SSIM: 0.9649.
24-06-20 09:09:17.845 : 000284.jpg - PSNR: 37.37 dB; SSIM: 0.9554.
24-06-20 09:09:18.594 : 000285.jpg - PSNR: 36.90 dB; SSIM: 0.9492.
24-06-20 09:09:19.392 : 000286.jpg - PSNR: 37.72 dB; SSIM: 0.9523.
24-06-20 09:09:20.183 : 000287.jpg - PSNR: 37.42 dB; SSIM: 0.9628.
24-06-20 09:09:21.012 : 000288.jpg - PSNR: 37.02 dB; SSIM: 0.9515.
24-06-20 09:09:21.925 : 000289.jpg - PSNR: 37.26 dB; SSIM: 0.9690.
24-06-20 09:09:23.235 : 000290.jpg - PSNR: 38.01 dB; SSIM: 0.9666.
24-06-20 09:09:25.203 : 000291.jpg - PSNR: 34.00 dB; SSIM: 0.9530.
24-06-20 09:10:28.083 : Model path: model_zoo\scunet_color_15.pth
24-06-20 09:10:28.086 : Params number: 17946072
24-06-20 09:10:28.086 : model_name:scunet_color_15, image sigma:15
24-06-20 09:10:28.087 : testsets\tt
24-06-20 09:10:28.095 :          #Params : 17.9461 [M]
24-06-20 09:10:41.357 : 000001.jpg - PSNR: 32.66 dB; SSIM: 0.9594.
24-06-20 09:10:42.088 : 000002.jpg - PSNR: 36.02 dB; SSIM: 0.9611.
24-06-20 09:10:42.796 : 000003.jpg - PSNR: 40.00 dB; SSIM: 0.9708.
24-06-20 09:10:43.526 : 000004.jpg - PSNR: 32.49 dB; SSIM: 0.9293.
24-06-20 09:10:44.251 : 000005.jpg - PSNR: 37.70 dB; SSIM: 0.9694.
24-06-20 09:10:45.074 : 000006.jpg - PSNR: 35.16 dB; SSIM: 0.9574.
24-06-20 09:10:45.817 : 000007.jpg - PSNR: 35.35 dB; SSIM: 0.9571.
24-06-20 09:10:46.570 : 000008.jpg - PSNR: 36.44 dB; SSIM: 0.9591.
24-06-20 09:10:47.356 : 000009.jpg - PSNR: 34.36 dB; SSIM: 0.9432.
24-06-20 09:10:48.082 : 000010.jpg - PSNR: 36.31 dB; SSIM: 0.9559.
24-06-20 09:10:48.802 : 000011.jpg - PSNR: 39.24 dB; SSIM: 0.9668.
24-06-20 09:10:49.521 : 000012.jpg - PSNR: 38.38 dB; SSIM: 0.9670.
24-06-20 09:10:50.383 : 000013.jpg - PSNR: 35.47 dB; SSIM: 0.9563.
24-06-20 09:10:51.123 : 000014.jpg - PSNR: 36.79 dB; SSIM: 0.9535.
24-06-20 09:10:51.905 : 000015.jpg - PSNR: 36.74 dB; SSIM: 0.9653.
24-06-20 09:10:52.553 : 000016.jpg - PSNR: 37.86 dB; SSIM: 0.9535.
24-06-20 09:10:53.283 : 000017.jpg - PSNR: 38.43 dB; SSIM: 0.9681.
24-06-20 09:10:54.016 : 000018.jpg - PSNR: 34.65 dB; SSIM: 0.9591.
24-06-20 09:10:54.791 : 000019.jpg - PSNR: 35.86 dB; SSIM: 0.9617.
24-06-20 09:10:55.461 : 000020.jpg - PSNR: 35.60 dB; SSIM: 0.9547.
24-06-20 09:10:56.330 : 000021.jpg - PSNR: 36.93 dB; SSIM: 0.9414.
24-06-20 09:10:57.054 : 000022.jpg - PSNR: 37.46 dB; SSIM: 0.9651.
24-06-20 09:10:57.838 : 000023.jpg - PSNR: 35.31 dB; SSIM: 0.9551.
24-06-20 09:10:58.516 : 000024.jpg - PSNR: 34.99 dB; SSIM: 0.9499.
24-06-20 09:10:59.224 : 000025.jpg - PSNR: 36.21 dB; SSIM: 0.9295.
24-06-20 09:10:59.846 : 000026.jpg - PSNR: 36.40 dB; SSIM: 0.9525.
24-06-20 09:11:00.667 : 000027.jpg - PSNR: 37.94 dB; SSIM: 0.9511.
24-06-20 09:11:01.363 : 000028.jpg - PSNR: 35.49 dB; SSIM: 0.9489.
24-06-20 09:11:01.991 : 000029.jpg - PSNR: 36.34 dB; SSIM: 0.9574.
24-06-20 09:11:02.673 : 000030.jpg - PSNR: 35.35 dB; SSIM: 0.9398.
24-06-20 09:11:03.544 : 000031.jpg - PSNR: 35.79 dB; SSIM: 0.9400.
24-06-20 09:11:04.225 : 000032.jpg - PSNR: 36.41 dB; SSIM: 0.9596.
24-06-20 09:11:05.099 : 000033.jpg - PSNR: 37.75 dB; SSIM: 0.9606.
24-06-20 09:11:05.774 : 000034.jpg - PSNR: 37.56 dB; SSIM: 0.9578.
24-06-20 09:26:25.270 : Model path: model_zoo\scunet_color_15.pth
24-06-20 09:26:25.273 : Params number: 17946072
24-06-20 09:26:25.274 : model_name:scunet_color_15, image sigma:15
24-06-20 09:26:25.274 : testsets\tt
24-06-20 09:26:25.288 :          #Params : 17.9461 [M]
24-06-20 09:26:38.785 : 000001.jpg - PSNR: 32.66 dB; SSIM: 0.9594.
24-06-20 09:26:39.524 : 000002.jpg - PSNR: 36.02 dB; SSIM: 0.9611.
24-06-20 09:26:40.236 : 000003.jpg - PSNR: 40.00 dB; SSIM: 0.9708.
24-06-20 09:26:40.945 : 000004.jpg - PSNR: 32.49 dB; SSIM: 0.9293.
24-06-20 09:26:41.797 : 000005.jpg - PSNR: 37.70 dB; SSIM: 0.9694.
24-06-20 09:26:42.358 : 000006.jpg - PSNR: 35.16 dB; SSIM: 0.9574.
24-06-20 09:26:43.249 : 000007.jpg - PSNR: 35.35 dB; SSIM: 0.9571.
24-06-20 09:26:44.029 : 000008.jpg - PSNR: 36.44 dB; SSIM: 0.9591.
24-06-20 09:26:44.764 : 000009.jpg - PSNR: 34.36 dB; SSIM: 0.9432.
24-06-20 09:26:45.554 : 000010.jpg - PSNR: 36.31 dB; SSIM: 0.9559.
24-06-20 09:26:46.186 : 000011.jpg - PSNR: 39.24 dB; SSIM: 0.9668.
24-06-20 09:26:46.900 : 000012.jpg - PSNR: 38.38 dB; SSIM: 0.9670.
24-06-20 09:26:47.534 : 000013.jpg - PSNR: 35.47 dB; SSIM: 0.9563.
24-06-20 09:26:48.126 : 000014.jpg - PSNR: 36.79 dB; SSIM: 0.9535.
24-06-20 09:26:48.903 : 000015.jpg - PSNR: 36.74 dB; SSIM: 0.9653.
24-06-20 09:26:49.476 : 000016.jpg - PSNR: 37.86 dB; SSIM: 0.9535.
24-06-20 09:26:50.223 : 000017.jpg - PSNR: 38.43 dB; SSIM: 0.9681.
24-06-20 09:26:50.830 : 000018.jpg - PSNR: 34.65 dB; SSIM: 0.9591.
24-06-20 09:26:51.504 : 000019.jpg - PSNR: 35.86 dB; SSIM: 0.9617.
24-06-20 09:26:52.183 : 000020.jpg - PSNR: 35.60 dB; SSIM: 0.9547.
24-06-20 09:26:52.865 : 000021.jpg - PSNR: 36.93 dB; SSIM: 0.9414.
24-06-20 09:26:53.560 : 000022.jpg - PSNR: 37.46 dB; SSIM: 0.9651.
24-06-20 09:26:54.335 : 000023.jpg - PSNR: 35.31 dB; SSIM: 0.9551.
24-06-20 09:26:54.942 : 000024.jpg - PSNR: 34.99 dB; SSIM: 0.9499.
24-06-20 09:26:55.653 : 000025.jpg - PSNR: 36.21 dB; SSIM: 0.9295.
24-06-20 09:26:56.264 : 000026.jpg - PSNR: 36.40 dB; SSIM: 0.9525.
24-06-20 09:26:56.964 : 000027.jpg - PSNR: 37.94 dB; SSIM: 0.9511.
24-06-20 09:26:57.661 : 000028.jpg - PSNR: 35.49 dB; SSIM: 0.9489.
24-06-20 09:26:58.389 : 000029.jpg - PSNR: 36.34 dB; SSIM: 0.9574.
24-06-20 09:26:59.011 : 000030.jpg - PSNR: 35.35 dB; SSIM: 0.9398.
24-06-20 09:26:59.850 : 000031.jpg - PSNR: 35.79 dB; SSIM: 0.9400.
24-06-20 09:27:00.557 : 000032.jpg - PSNR: 36.41 dB; SSIM: 0.9596.
24-06-20 09:27:01.298 : 000033.jpg - PSNR: 37.75 dB; SSIM: 0.9606.
24-06-20 09:27:01.973 : 000034.jpg - PSNR: 37.56 dB; SSIM: 0.9578.
24-06-20 09:27:02.808 : 000035.jpg - PSNR: 34.96 dB; SSIM: 0.9408.
24-06-20 09:27:03.426 : 000036.jpg - PSNR: 37.91 dB; SSIM: 0.9562.
24-06-20 09:27:04.276 : 000037.jpg - PSNR: 36.84 dB; SSIM: 0.9562.
24-06-20 09:27:04.874 : 000038.jpg - PSNR: 35.64 dB; SSIM: 0.9581.
24-06-20 09:27:05.874 : 000039.jpg - PSNR: 35.94 dB; SSIM: 0.9507.
24-06-20 09:27:06.635 : 000040.jpg - PSNR: 37.00 dB; SSIM: 0.9610.
24-06-20 09:27:07.587 : 000041.jpg - PSNR: 37.05 dB; SSIM: 0.9490.
24-06-20 09:27:08.316 : 000042.jpg - PSNR: 36.03 dB; SSIM: 0.9549.
24-06-20 09:27:09.053 : 000043.jpg - PSNR: 36.66 dB; SSIM: 0.9513.
24-06-20 09:27:09.744 : 000044.jpg - PSNR: 32.60 dB; SSIM: 0.9352.
24-06-20 09:27:10.489 : 000045.jpg - PSNR: 34.52 dB; SSIM: 0.9465.
24-06-20 09:27:11.057 : 000046.jpg - PSNR: 38.10 dB; SSIM: 0.9668.
24-06-20 09:27:11.851 : 000047.jpg - PSNR: 37.85 dB; SSIM: 0.9488.
24-06-20 09:27:12.525 : 000048.jpg - PSNR: 39.13 dB; SSIM: 0.9674.
24-06-20 09:27:13.259 : 000049.jpg - PSNR: 39.05 dB; SSIM: 0.9627.
24-06-20 09:27:14.065 : 000050.jpg - PSNR: 38.18 dB; SSIM: 0.9555.
24-06-20 09:27:14.735 : 000051.jpg - PSNR: 35.37 dB; SSIM: 0.9461.
24-06-20 09:27:15.672 : 000052.jpg - PSNR: 35.59 dB; SSIM: 0.9444.
24-06-20 09:27:16.375 : 000053.jpg - PSNR: 36.66 dB; SSIM: 0.9542.
24-06-20 09:27:17.227 : 000054.jpg - PSNR: 34.09 dB; SSIM: 0.9530.
24-06-20 09:27:18.018 : 000055.jpg - PSNR: 38.19 dB; SSIM: 0.9578.
24-06-20 09:27:18.767 : 000056.jpg - PSNR: 38.08 dB; SSIM: 0.9563.
24-06-20 09:27:19.610 : 000057.jpg - PSNR: 39.01 dB; SSIM: 0.9686.
24-06-20 09:27:20.263 : 000058.jpg - PSNR: 36.91 dB; SSIM: 0.9558.
24-06-20 09:27:20.986 : 000059.jpg - PSNR: 35.10 dB; SSIM: 0.9380.
24-06-20 09:27:21.674 : 000060.jpg - PSNR: 34.91 dB; SSIM: 0.9528.
24-06-20 09:27:22.378 : 000061.jpg - PSNR: 38.66 dB; SSIM: 0.9684.
24-06-20 09:27:23.153 : 000062.jpg - PSNR: 37.57 dB; SSIM: 0.9524.
24-06-20 09:27:23.851 : 000063.jpg - PSNR: 36.39 dB; SSIM: 0.9586.
24-06-20 09:27:24.576 : 000064.jpg - PSNR: 37.68 dB; SSIM: 0.9689.
24-06-20 09:27:25.388 : 000065.jpg - PSNR: 40.06 dB; SSIM: 0.9738.
24-06-20 09:27:26.058 : 000066.jpg - PSNR: 37.84 dB; SSIM: 0.9618.
24-06-20 09:27:26.875 : 000067.jpg - PSNR: 36.05 dB; SSIM: 0.9544.
24-06-20 09:27:27.593 : 000068.jpg - PSNR: 35.71 dB; SSIM: 0.9437.
24-06-20 09:27:28.429 : 000069.jpg - PSNR: 37.04 dB; SSIM: 0.9674.
24-06-20 09:27:29.143 : 000070.jpg - PSNR: 37.15 dB; SSIM: 0.9595.
24-06-20 09:27:29.830 : 000071.jpg - PSNR: 36.22 dB; SSIM: 0.9526.
24-06-20 09:27:30.450 : 000072.jpg - PSNR: 36.51 dB; SSIM: 0.9503.
24-06-20 09:27:31.196 : 000073.jpg - PSNR: 35.15 dB; SSIM: 0.9369.
24-06-20 09:27:31.896 : 000074.jpg - PSNR: 35.18 dB; SSIM: 0.9625.
24-06-20 09:27:32.831 : 000075.jpg - PSNR: 35.91 dB; SSIM: 0.9383.
24-06-20 09:27:33.526 : 000076.jpg - PSNR: 36.51 dB; SSIM: 0.9648.
24-06-20 09:27:34.377 : 000077.jpg - PSNR: 35.77 dB; SSIM: 0.9464.
24-06-20 09:27:35.061 : 000078.jpg - PSNR: 35.64 dB; SSIM: 0.9458.
24-06-20 09:27:35.873 : 000079.jpg - PSNR: 36.87 dB; SSIM: 0.9587.
24-06-20 09:27:36.678 : 000080.jpg - PSNR: 34.78 dB; SSIM: 0.9356.
24-06-20 09:27:37.454 : 000081.jpg - PSNR: 36.56 dB; SSIM: 0.9556.
24-06-20 09:27:38.264 : 000082.jpg - PSNR: 35.13 dB; SSIM: 0.9302.
24-06-20 09:27:38.899 : 000083.jpg - PSNR: 36.24 dB; SSIM: 0.9516.
24-06-20 09:27:39.834 : 000084.jpg - PSNR: 37.70 dB; SSIM: 0.9643.
24-06-20 09:27:40.408 : 000085.jpg - PSNR: 32.22 dB; SSIM: 0.9415.
24-06-20 09:27:41.269 : 000086.jpg - PSNR: 37.71 dB; SSIM: 0.9650.
24-06-20 09:27:41.965 : 000087.jpg - PSNR: 38.54 dB; SSIM: 0.9483.
24-06-20 09:27:42.771 : 000088.jpg - PSNR: 33.79 dB; SSIM: 0.9410.
24-06-20 09:27:43.542 : 000089.jpg - PSNR: 35.28 dB; SSIM: 0.9490.
24-06-20 09:27:44.184 : 000090.jpg - PSNR: 37.60 dB; SSIM: 0.9662.
24-06-20 09:27:44.917 : 000091.jpg - PSNR: 35.30 dB; SSIM: 0.9511.
24-06-20 09:27:45.598 : 000092.jpg - PSNR: 35.49 dB; SSIM: 0.9640.
24-06-20 09:27:46.416 : 000093.jpg - PSNR: 37.03 dB; SSIM: 0.9624.
24-06-20 09:27:47.171 : 000094.jpg - PSNR: 36.22 dB; SSIM: 0.9458.
24-06-20 09:27:47.966 : 000095.jpg - PSNR: 37.84 dB; SSIM: 0.9587.
24-06-20 09:27:48.614 : 000096.jpg - PSNR: 39.21 dB; SSIM: 0.9631.
24-06-20 09:27:49.427 : 000097.jpg - PSNR: 35.59 dB; SSIM: 0.9602.
24-06-20 09:27:50.045 : 000098.jpg - PSNR: 36.64 dB; SSIM: 0.9388.
24-06-20 09:27:50.862 : 000099.jpg - PSNR: 35.88 dB; SSIM: 0.9486.
24-06-20 09:27:51.451 : 000100.jpg - PSNR: 37.57 dB; SSIM: 0.9693.
24-06-20 09:27:52.255 : 000101.jpg - PSNR: 40.35 dB; SSIM: 0.9710.
24-06-20 09:27:52.827 : 000102.jpg - PSNR: 37.58 dB; SSIM: 0.9608.
24-06-20 09:27:53.638 : 000103.jpg - PSNR: 37.55 dB; SSIM: 0.9569.
24-06-20 09:27:54.457 : 000104.jpg - PSNR: 36.03 dB; SSIM: 0.9571.
24-06-20 09:27:55.206 : 000105.jpg - PSNR: 36.87 dB; SSIM: 0.9609.
24-06-20 09:27:55.958 : 000106.jpg - PSNR: 37.16 dB; SSIM: 0.9421.
24-06-20 09:27:56.787 : 000107.jpg - PSNR: 35.66 dB; SSIM: 0.9497.
24-06-20 09:27:57.545 : 000108.jpg - PSNR: 33.88 dB; SSIM: 0.9483.
24-06-20 09:27:58.227 : 000109.jpg - PSNR: 36.13 dB; SSIM: 0.9628.
24-06-20 09:27:58.982 : 000110.jpg - PSNR: 32.35 dB; SSIM: 0.9534.
24-06-20 09:27:59.658 : 000111.jpg - PSNR: 34.95 dB; SSIM: 0.9395.
24-06-20 09:28:00.393 : 000112.jpg - PSNR: 36.40 dB; SSIM: 0.9545.
24-06-20 09:28:01.117 : 000113.jpg - PSNR: 38.66 dB; SSIM: 0.9612.
24-06-20 09:28:02.108 : 000114.jpg - PSNR: 35.70 dB; SSIM: 0.9579.
24-06-20 09:28:02.836 : 000115.jpg - PSNR: 38.67 dB; SSIM: 0.9598.
24-06-20 09:28:03.571 : 000116.jpg - PSNR: 36.79 dB; SSIM: 0.9594.
24-06-20 09:28:04.149 : 000117.jpg - PSNR: 35.39 dB; SSIM: 0.9344.
24-06-20 09:28:04.938 : 000118.jpg - PSNR: 36.56 dB; SSIM: 0.9552.
24-06-20 09:28:05.919 : 000119.jpg - PSNR: 36.30 dB; SSIM: 0.9524.
24-06-20 09:28:06.735 : 000120.jpg - PSNR: 39.45 dB; SSIM: 0.9594.
24-06-20 09:28:07.490 : 000121.jpg - PSNR: 37.54 dB; SSIM: 0.9630.
24-06-20 09:28:08.249 : 000122.jpg - PSNR: 37.05 dB; SSIM: 0.9533.
24-06-20 09:28:08.969 : 000123.jpg - PSNR: 38.23 dB; SSIM: 0.9603.
24-06-20 09:28:11.324 : 000124.jpg - PSNR: 36.51 dB; SSIM: 0.9528.
24-06-20 09:28:12.532 : 000125.jpg - PSNR: 37.29 dB; SSIM: 0.9529.
24-06-20 09:28:13.411 : 000126.jpg - PSNR: 36.34 dB; SSIM: 0.9524.
24-06-20 09:28:14.109 : 000127.jpg - PSNR: 37.19 dB; SSIM: 0.9509.
24-06-20 09:28:14.894 : 000128.jpg - PSNR: 34.19 dB; SSIM: 0.9363.
24-06-20 09:28:15.537 : 000129.jpg - PSNR: 35.80 dB; SSIM: 0.9574.
24-06-20 09:28:16.347 : 000130.jpg - PSNR: 37.40 dB; SSIM: 0.9620.
24-06-20 09:28:17.053 : 000131.jpg - PSNR: 36.04 dB; SSIM: 0.9536.
24-06-20 09:28:17.905 : 000132.jpg - PSNR: 34.19 dB; SSIM: 0.9372.
24-06-20 09:28:18.960 : 000133.jpg - PSNR: 34.55 dB; SSIM: 0.9483.
24-06-20 09:28:20.573 : 000134.jpg - PSNR: 38.38 dB; SSIM: 0.9669.
24-06-20 09:28:21.471 : 000135.jpg - PSNR: 37.79 dB; SSIM: 0.9593.
24-06-20 09:28:22.404 : 000136.jpg - PSNR: 37.77 dB; SSIM: 0.9432.
24-06-20 09:28:23.180 : 000137.jpg - PSNR: 36.44 dB; SSIM: 0.9574.
24-06-20 09:28:24.729 : 000138.jpg - PSNR: 35.68 dB; SSIM: 0.9599.
24-06-20 09:28:25.542 : 000139.jpg - PSNR: 37.62 dB; SSIM: 0.9601.
24-06-20 09:28:26.216 : 000140.jpg - PSNR: 36.84 dB; SSIM: 0.9440.
24-06-20 09:28:27.127 : 000141.jpg - PSNR: 36.89 dB; SSIM: 0.9547.
24-06-20 09:28:27.837 : 000142.jpg - PSNR: 36.94 dB; SSIM: 0.9451.
24-06-20 09:28:28.619 : 000143.jpg - PSNR: 37.41 dB; SSIM: 0.9550.
24-06-20 09:28:29.410 : 000144.jpg - PSNR: 37.32 dB; SSIM: 0.9481.
24-06-20 09:28:30.205 : 000145.jpg - PSNR: 32.30 dB; SSIM: 0.9422.
24-06-20 09:28:30.922 : 000146.jpg - PSNR: 38.09 dB; SSIM: 0.9535.
24-06-20 09:28:31.632 : 000147.jpg - PSNR: 33.70 dB; SSIM: 0.9396.
24-06-20 09:28:32.370 : 000148.jpg - PSNR: 38.86 dB; SSIM: 0.9650.
24-06-20 09:28:33.118 : 000149.jpg - PSNR: 37.14 dB; SSIM: 0.9627.
24-06-20 09:28:33.847 : 000150.jpg - PSNR: 33.76 dB; SSIM: 0.9335.
24-06-20 09:28:34.508 : 000151.jpg - PSNR: 35.60 dB; SSIM: 0.9455.
24-06-20 09:28:35.327 : 000152.jpg - PSNR: 35.70 dB; SSIM: 0.9541.
24-06-20 09:28:36.009 : 000153.jpg - PSNR: 36.69 dB; SSIM: 0.9533.
24-06-20 09:28:36.790 : 000154.jpg - PSNR: 36.94 dB; SSIM: 0.9657.
24-06-20 09:28:37.669 : 000155.jpg - PSNR: 33.23 dB; SSIM: 0.9337.
24-06-20 09:28:39.062 : 000156.jpg - PSNR: 36.32 dB; SSIM: 0.9497.
24-06-20 09:28:39.838 : 000157.jpg - PSNR: 35.81 dB; SSIM: 0.9529.
24-06-20 09:28:40.501 : 000158.jpg - PSNR: 37.47 dB; SSIM: 0.9583.
24-06-20 09:28:41.263 : 000159.jpg - PSNR: 36.36 dB; SSIM: 0.9538.
24-06-20 09:28:42.107 : 000160.jpg - PSNR: 37.35 dB; SSIM: 0.9616.
24-06-20 09:28:43.930 : 000161.jpg - PSNR: 36.90 dB; SSIM: 0.9512.
24-06-20 09:28:45.313 : 000162.jpg - PSNR: 37.44 dB; SSIM: 0.9663.
24-06-20 09:28:45.944 : 000163.jpg - PSNR: 32.25 dB; SSIM: 0.9576.
24-06-20 09:28:46.518 : 000164.jpg - PSNR: 37.29 dB; SSIM: 0.9650.
24-06-20 09:28:47.488 : 000165.jpg - PSNR: 35.30 dB; SSIM: 0.9531.
24-06-20 09:28:49.707 : 000166.jpg - PSNR: 36.01 dB; SSIM: 0.9541.
24-06-20 09:28:51.340 : 000167.jpg - PSNR: 35.51 dB; SSIM: 0.9550.
24-06-20 09:28:52.253 : 000168.jpg - PSNR: 34.46 dB; SSIM: 0.9262.
24-06-20 09:28:52.967 : 000169.jpg - PSNR: 36.89 dB; SSIM: 0.9638.
24-06-20 09:28:53.718 : 000170.jpg - PSNR: 36.01 dB; SSIM: 0.9480.
24-06-20 09:28:54.330 : 000171.jpg - PSNR: 36.72 dB; SSIM: 0.9597.
24-06-20 09:28:54.964 : 000172.jpg - PSNR: 34.44 dB; SSIM: 0.9509.
24-06-20 09:28:55.630 : 000173.jpg - PSNR: 36.51 dB; SSIM: 0.9552.
24-06-20 09:28:56.463 : 000174.jpg - PSNR: 36.30 dB; SSIM: 0.9470.
24-06-20 09:28:57.280 : 000175.jpg - PSNR: 35.51 dB; SSIM: 0.9603.
24-06-20 09:28:58.036 : 000176.jpg - PSNR: 36.33 dB; SSIM: 0.9463.
24-06-20 09:28:58.852 : 000177.jpg - PSNR: 37.31 dB; SSIM: 0.9673.
24-06-20 09:28:59.656 : 000178.jpg - PSNR: 35.26 dB; SSIM: 0.9544.
24-06-20 09:29:00.357 : 000179.jpg - PSNR: 37.05 dB; SSIM: 0.9604.
24-06-20 09:29:02.566 : 000180.jpg - PSNR: 34.64 dB; SSIM: 0.9498.
24-06-20 09:29:04.966 : 000181.jpg - PSNR: 36.62 dB; SSIM: 0.9614.
24-06-20 09:29:06.613 : 000182.jpg - PSNR: 37.78 dB; SSIM: 0.9593.
24-06-20 09:29:08.422 : 000183.jpg - PSNR: 36.27 dB; SSIM: 0.9570.
24-06-20 09:29:09.402 : 000184.jpg - PSNR: 35.21 dB; SSIM: 0.9382.
24-06-20 09:29:10.457 : 000185.jpg - PSNR: 35.23 dB; SSIM: 0.9425.
24-06-20 09:29:11.133 : 000186.jpg - PSNR: 37.55 dB; SSIM: 0.9640.
24-06-20 09:29:11.886 : 000187.jpg - PSNR: 37.26 dB; SSIM: 0.9547.
24-06-20 09:29:12.748 : 000188.jpg - PSNR: 35.90 dB; SSIM: 0.9596.
24-06-20 09:29:13.561 : 000189.jpg - PSNR: 35.52 dB; SSIM: 0.9465.
24-06-20 09:29:14.772 : 000190.jpg - PSNR: 36.67 dB; SSIM: 0.9537.
24-06-20 09:29:16.016 : 000191.jpg - PSNR: 35.29 dB; SSIM: 0.9585.
24-06-20 09:29:16.725 : 000192.jpg - PSNR: 37.65 dB; SSIM: 0.9568.
24-06-20 09:29:17.527 : 000193.jpg - PSNR: 37.21 dB; SSIM: 0.9637.
24-06-20 09:29:18.293 : 000194.jpg - PSNR: 36.89 dB; SSIM: 0.9587.
24-06-20 09:29:19.117 : 000195.jpg - PSNR: 36.62 dB; SSIM: 0.9538.
24-06-20 09:29:19.984 : 000196.jpg - PSNR: 37.55 dB; SSIM: 0.9680.
24-06-20 09:29:20.804 : 000197.jpg - PSNR: 37.12 dB; SSIM: 0.9492.
24-06-20 09:29:21.883 : 000198.jpg - PSNR: 36.35 dB; SSIM: 0.9501.
24-06-20 09:29:22.666 : 000199.jpg - PSNR: 34.25 dB; SSIM: 0.9403.
24-06-20 09:29:23.354 : 000200.jpg - PSNR: 36.54 dB; SSIM: 0.9494.
24-06-20 09:29:24.246 : 000201.jpg - PSNR: 33.67 dB; SSIM: 0.9512.
24-06-20 09:29:24.944 : 000202.jpg - PSNR: 37.17 dB; SSIM: 0.9569.
24-06-20 09:29:25.819 : 000203.jpg - PSNR: 36.64 dB; SSIM: 0.9585.
24-06-20 09:29:26.774 : 000204.jpg - PSNR: 37.04 dB; SSIM: 0.9595.
24-06-20 09:29:27.542 : 000205.jpg - PSNR: 33.83 dB; SSIM: 0.9312.
24-06-20 09:29:28.457 : 000206.jpg - PSNR: 36.01 dB; SSIM: 0.9476.
24-06-20 09:29:29.133 : 000207.jpg - PSNR: 37.18 dB; SSIM: 0.9539.
24-06-20 09:29:30.019 : 000208.jpg - PSNR: 36.68 dB; SSIM: 0.9519.
24-06-20 09:29:30.770 : 000209.jpg - PSNR: 35.85 dB; SSIM: 0.9501.
24-06-20 09:29:31.612 : 000210.jpg - PSNR: 36.74 dB; SSIM: 0.9686.
24-06-20 09:29:32.360 : 000211.jpg - PSNR: 36.83 dB; SSIM: 0.9517.
24-06-20 09:29:33.210 : 000212.jpg - PSNR: 36.60 dB; SSIM: 0.9561.
24-06-20 09:29:34.178 : 000213.jpg - PSNR: 36.30 dB; SSIM: 0.9575.
24-06-20 09:29:35.440 : 000214.jpg - PSNR: 37.04 dB; SSIM: 0.9667.
24-06-20 09:29:36.099 : 000215.jpg - PSNR: 36.50 dB; SSIM: 0.9647.
24-06-20 09:29:36.964 : 000216.jpg - PSNR: 36.51 dB; SSIM: 0.9578.
24-06-20 09:29:37.752 : 000217.jpg - PSNR: 35.11 dB; SSIM: 0.9454.
24-06-20 09:29:38.834 : 000218.jpg - PSNR: 37.67 dB; SSIM: 0.9717.
24-06-20 09:29:39.691 : 000219.jpg - PSNR: 35.10 dB; SSIM: 0.9266.
24-06-20 09:29:40.438 : 000220.jpg - PSNR: 35.59 dB; SSIM: 0.9626.
24-06-20 09:29:41.809 : 000221.jpg - PSNR: 37.01 dB; SSIM: 0.9558.
24-06-20 09:29:42.589 : 000222.jpg - PSNR: 33.00 dB; SSIM: 0.8995.
24-06-20 09:29:43.341 : 000223.jpg - PSNR: 36.38 dB; SSIM: 0.9605.
24-06-20 09:29:44.108 : 000224.jpg - PSNR: 37.88 dB; SSIM: 0.9541.
24-06-20 09:29:45.005 : 000225.jpg - PSNR: 35.56 dB; SSIM: 0.9458.
24-06-20 09:29:45.893 : 000226.jpg - PSNR: 37.35 dB; SSIM: 0.9654.
24-06-20 09:29:46.564 : 000227.jpg - PSNR: 37.54 dB; SSIM: 0.9557.
24-06-20 09:29:47.430 : 000228.jpg - PSNR: 36.80 dB; SSIM: 0.9506.
24-06-20 09:29:48.252 : 000229.jpg - PSNR: 36.88 dB; SSIM: 0.9624.
24-06-20 09:29:49.034 : 000230.jpg - PSNR: 36.77 dB; SSIM: 0.9539.
24-06-20 09:29:49.899 : 000231.jpg - PSNR: 34.53 dB; SSIM: 0.9490.
24-06-20 09:29:50.607 : 000232.jpg - PSNR: 36.24 dB; SSIM: 0.9524.
24-06-20 09:29:51.382 : 000233.jpg - PSNR: 38.39 dB; SSIM: 0.9702.
24-06-20 09:29:52.267 : 000234.jpg - PSNR: 37.56 dB; SSIM: 0.9544.
24-06-20 09:29:52.955 : 000235.jpg - PSNR: 36.02 dB; SSIM: 0.9517.
24-06-20 09:29:53.688 : 000236.jpg - PSNR: 37.44 dB; SSIM: 0.9601.
24-06-20 09:29:54.675 : 000237.jpg - PSNR: 36.38 dB; SSIM: 0.9598.
24-06-20 09:29:55.413 : 000238.jpg - PSNR: 37.41 dB; SSIM: 0.9581.
24-06-20 09:29:56.258 : 000239.jpg - PSNR: 33.94 dB; SSIM: 0.9194.
24-06-20 09:29:57.784 : 000240.jpg - PSNR: 36.86 dB; SSIM: 0.9558.
24-06-20 09:29:59.454 : 000241.jpg - PSNR: 36.82 dB; SSIM: 0.9571.
24-06-20 09:30:00.290 : 000242.jpg - PSNR: 37.58 dB; SSIM: 0.9295.
24-06-20 09:30:01.008 : 000243.jpg - PSNR: 36.63 dB; SSIM: 0.9638.
24-06-20 09:30:01.702 : 000244.jpg - PSNR: 35.18 dB; SSIM: 0.9251.
24-06-20 09:30:02.458 : 000245.jpg - PSNR: 38.61 dB; SSIM: 0.9580.
24-06-20 09:30:03.229 : 000246.jpg - PSNR: 38.36 dB; SSIM: 0.9706.
24-06-20 09:30:04.160 : 000247.jpg - PSNR: 37.34 dB; SSIM: 0.9497.
24-06-20 09:30:05.082 : 000248.jpg - PSNR: 37.42 dB; SSIM: 0.9591.
24-06-20 09:30:05.790 : 000249.jpg - PSNR: 37.76 dB; SSIM: 0.9630.
24-06-20 09:30:06.636 : 000250.jpg - PSNR: 36.64 dB; SSIM: 0.9544.
24-06-20 09:30:07.456 : 000251.jpg - PSNR: 34.70 dB; SSIM: 0.9466.
24-06-20 09:30:08.290 : 000252.jpg - PSNR: 36.43 dB; SSIM: 0.9535.
24-06-20 09:30:09.386 : 000253.jpg - PSNR: 38.02 dB; SSIM: 0.9619.
24-06-20 09:30:10.069 : 000254.jpg - PSNR: 36.04 dB; SSIM: 0.9549.
24-06-20 09:30:11.032 : 000255.jpg - PSNR: 36.88 dB; SSIM: 0.9622.
24-06-20 09:30:11.907 : 000256.jpg - PSNR: 38.11 dB; SSIM: 0.9612.
24-06-20 09:30:12.671 : 000257.jpg - PSNR: 35.26 dB; SSIM: 0.9496.
24-06-20 09:30:13.406 : 000258.jpg - PSNR: 35.58 dB; SSIM: 0.9515.
24-06-20 09:30:14.032 : 000259.jpg - PSNR: 37.63 dB; SSIM: 0.9547.
24-06-20 09:30:14.807 : 000260.jpg - PSNR: 37.24 dB; SSIM: 0.9369.
24-06-20 09:30:15.379 : 000261.jpg - PSNR: 36.71 dB; SSIM: 0.9540.
24-06-20 09:30:16.143 : 000262.jpg - PSNR: 36.25 dB; SSIM: 0.9356.
24-06-20 09:30:16.812 : 000263.jpg - PSNR: 37.61 dB; SSIM: 0.9484.
24-06-20 09:30:17.488 : 000264.jpg - PSNR: 37.20 dB; SSIM: 0.9570.
24-06-20 09:30:18.209 : 000265.jpg - PSNR: 36.92 dB; SSIM: 0.9491.
24-06-20 09:30:19.023 : 000266.jpg - PSNR: 36.49 dB; SSIM: 0.9582.
24-06-20 09:30:19.692 : 000267.jpg - PSNR: 34.41 dB; SSIM: 0.9190.
24-06-20 09:30:20.419 : 000268.jpg - PSNR: 39.44 dB; SSIM: 0.9431.
24-06-20 09:30:21.120 : 000269.jpg - PSNR: 36.18 dB; SSIM: 0.9558.
24-06-20 09:30:21.769 : 000270.jpg - PSNR: 36.25 dB; SSIM: 0.9550.
24-06-20 09:30:22.457 : 000271.jpg - PSNR: 37.03 dB; SSIM: 0.9582.
24-06-20 09:30:23.163 : 000272.jpg - PSNR: 36.99 dB; SSIM: 0.9650.
24-06-20 09:30:23.810 : 000273.jpg - PSNR: 35.51 dB; SSIM: 0.9538.
24-06-20 09:30:24.590 : 000274.jpg - PSNR: 38.60 dB; SSIM: 0.9686.
24-06-20 09:30:25.242 : 000275.jpg - PSNR: 36.83 dB; SSIM: 0.9389.
24-06-20 09:30:25.886 : 000276.jpg - PSNR: 33.62 dB; SSIM: 0.9327.
24-06-20 09:30:26.668 : 000277.jpg - PSNR: 35.41 dB; SSIM: 0.9562.
24-06-20 09:30:27.355 : 000278.jpg - PSNR: 36.74 dB; SSIM: 0.9637.
24-06-20 09:30:28.051 : 000279.jpg - PSNR: 37.56 dB; SSIM: 0.9552.
24-06-20 09:30:28.780 : 000280.jpg - PSNR: 38.68 dB; SSIM: 0.9671.
24-06-20 09:30:29.438 : 000281.jpg - PSNR: 35.88 dB; SSIM: 0.9562.
24-06-20 09:30:30.131 : 000282.jpg - PSNR: 37.47 dB; SSIM: 0.9528.
24-06-20 09:30:30.725 : 000283.jpg - PSNR: 36.46 dB; SSIM: 0.9649.
24-06-20 09:30:31.389 : 000284.jpg - PSNR: 37.37 dB; SSIM: 0.9554.
24-06-20 09:30:32.228 : 000285.jpg - PSNR: 36.90 dB; SSIM: 0.9492.
24-06-20 09:30:32.862 : 000286.jpg - PSNR: 37.72 dB; SSIM: 0.9523.
24-06-20 09:30:33.615 : 000287.jpg - PSNR: 37.42 dB; SSIM: 0.9628.
24-06-20 09:30:34.250 : 000288.jpg - PSNR: 37.02 dB; SSIM: 0.9515.
24-06-20 09:30:35.009 : 000289.jpg - PSNR: 37.26 dB; SSIM: 0.9690.
24-06-20 09:30:35.707 : 000290.jpg - PSNR: 38.01 dB; SSIM: 0.9666.
24-06-20 09:30:36.414 : 000291.jpg - PSNR: 34.00 dB; SSIM: 0.9530.
24-06-20 09:30:37.302 : 000292.jpg - PSNR: 35.71 dB; SSIM: 0.9533.
24-06-20 09:30:37.993 : 000293.jpg - PSNR: 37.85 dB; SSIM: 0.9450.
24-06-20 09:30:38.619 : 000294.jpg - PSNR: 35.05 dB; SSIM: 0.9258.
24-06-20 09:30:39.387 : 000295.jpg - PSNR: 36.00 dB; SSIM: 0.9580.
24-06-20 09:30:40.142 : 000296.jpg - PSNR: 36.98 dB; SSIM: 0.9447.
24-06-20 09:30:40.946 : 000297.jpg - PSNR: 38.66 dB; SSIM: 0.9486.
24-06-20 09:30:41.645 : 000298.jpg - PSNR: 37.69 dB; SSIM: 0.9508.
24-06-20 09:30:42.463 : 000299.jpg - PSNR: 38.00 dB; SSIM: 0.9610.
24-06-20 09:30:43.123 : 000300.jpg - PSNR: 36.32 dB; SSIM: 0.9556.
24-06-20 09:30:43.899 : 000301.jpg - PSNR: 35.76 dB; SSIM: 0.9441.
24-06-20 09:30:44.618 : 000302.jpg - PSNR: 36.49 dB; SSIM: 0.9541.
24-06-20 09:30:45.325 : 000303.jpg - PSNR: 36.43 dB; SSIM: 0.9550.
24-06-20 09:30:45.950 : 000304.jpg - PSNR: 36.01 dB; SSIM: 0.9471.
24-06-20 09:30:46.763 : 000305.jpg - PSNR: 35.65 dB; SSIM: 0.9507.
24-06-20 09:30:47.648 : 000306.jpg - PSNR: 35.29 dB; SSIM: 0.9480.
24-06-20 09:30:48.402 : 000307.jpg - PSNR: 35.87 dB; SSIM: 0.9523.
24-06-20 09:30:49.447 : 000308.jpg - PSNR: 36.33 dB; SSIM: 0.9625.
24-06-20 09:30:50.189 : 000309.jpg - PSNR: 37.16 dB; SSIM: 0.9111.
24-06-20 09:30:51.128 : 000310.jpg - PSNR: 36.62 dB; SSIM: 0.9574.
24-06-20 09:30:52.013 : 000311.jpg - PSNR: 35.39 dB; SSIM: 0.9518.
24-06-20 09:30:52.717 : 000312.jpg - PSNR: 35.56 dB; SSIM: 0.9206.
24-06-20 09:30:53.494 : 000313.jpg - PSNR: 38.48 dB; SSIM: 0.9582.
24-06-20 09:30:54.266 : 000314.jpg - PSNR: 38.90 dB; SSIM: 0.9693.
24-06-20 09:30:55.071 : 000315.jpg - PSNR: 39.62 dB; SSIM: 0.9804.
24-06-20 09:30:55.795 : 000316.jpg - PSNR: 34.30 dB; SSIM: 0.9361.
24-06-20 09:30:56.738 : 000317.jpg - PSNR: 35.48 dB; SSIM: 0.9604.
24-06-20 09:30:57.545 : 000318.jpg - PSNR: 36.27 dB; SSIM: 0.9422.
24-06-20 09:30:58.243 : 000319.jpg - PSNR: 34.57 dB; SSIM: 0.9566.
24-06-20 09:30:59.022 : 000320.jpg - PSNR: 36.62 dB; SSIM: 0.9575.
24-06-20 09:30:59.865 : 000321.jpg - PSNR: 36.97 dB; SSIM: 0.9351.
24-06-20 09:31:00.668 : 000322.jpg - PSNR: 35.02 dB; SSIM: 0.9517.
24-06-20 09:31:01.392 : 000323.jpg - PSNR: 37.00 dB; SSIM: 0.9519.
24-06-20 09:31:02.161 : 000324.jpg - PSNR: 35.40 dB; SSIM: 0.9587.
24-06-20 09:31:02.850 : 000325.jpg - PSNR: 36.35 dB; SSIM: 0.9527.
24-06-20 09:31:03.599 : 000326.jpg - PSNR: 36.88 dB; SSIM: 0.9632.
24-06-20 09:31:04.369 : 000327.jpg - PSNR: 36.04 dB; SSIM: 0.9442.
24-06-20 09:31:05.188 : 000328.jpg - PSNR: 37.12 dB; SSIM: 0.9587.
24-06-20 09:31:05.874 : 000329.jpg - PSNR: 36.61 dB; SSIM: 0.9436.
24-06-20 09:31:06.688 : 000330.jpg - PSNR: 37.75 dB; SSIM: 0.9630.
24-06-20 09:31:07.369 : 000331.jpg - PSNR: 35.97 dB; SSIM: 0.9588.
24-06-20 09:31:08.081 : 000332.jpg - PSNR: 36.90 dB; SSIM: 0.9516.
24-06-20 09:31:08.754 : 000333.jpg - PSNR: 34.82 dB; SSIM: 0.9464.
24-06-20 09:31:09.649 : 000334.jpg - PSNR: 35.97 dB; SSIM: 0.9633.
24-06-20 09:31:10.331 : 000335.jpg - PSNR: 36.82 dB; SSIM: 0.9634.
24-06-20 09:31:11.098 : 000336.jpg - PSNR: 38.55 dB; SSIM: 0.9630.
24-06-20 09:31:11.915 : 000337.jpg - PSNR: 36.67 dB; SSIM: 0.9596.
24-06-20 09:31:12.536 : 000338.jpg - PSNR: 39.11 dB; SSIM: 0.9689.
24-06-20 09:31:13.310 : 000339.jpg - PSNR: 38.07 dB; SSIM: 0.9649.
24-06-20 09:31:14.000 : 000340.jpg - PSNR: 37.17 dB; SSIM: 0.9552.
24-06-20 09:31:14.864 : 000341.jpg - PSNR: 36.61 dB; SSIM: 0.9563.
24-06-20 09:31:15.528 : 000342.jpg - PSNR: 37.33 dB; SSIM: 0.9612.
24-06-20 09:31:16.390 : 000343.jpg - PSNR: 37.08 dB; SSIM: 0.9556.
24-06-20 09:31:17.174 : 000344.jpg - PSNR: 35.31 dB; SSIM: 0.9438.
24-06-20 09:31:18.013 : 000345.jpg - PSNR: 35.59 dB; SSIM: 0.9510.
24-06-20 09:31:18.718 : 000346.jpg - PSNR: 35.70 dB; SSIM: 0.9604.
24-06-20 09:31:19.561 : 000347.jpg - PSNR: 37.73 dB; SSIM: 0.9602.
24-06-20 09:31:20.444 : 000348.jpg - PSNR: 33.92 dB; SSIM: 0.9432.
24-06-20 09:31:21.197 : 000349.jpg - PSNR: 35.99 dB; SSIM: 0.9553.
24-06-20 09:31:22.006 : 000350.jpg - PSNR: 36.75 dB; SSIM: 0.9623.
24-06-20 09:31:22.702 : 000351.jpg - PSNR: 37.30 dB; SSIM: 0.9626.
24-06-20 09:31:23.452 : 000352.jpg - PSNR: 36.18 dB; SSIM: 0.9586.
24-06-20 09:31:24.130 : 000353.jpg - PSNR: 37.39 dB; SSIM: 0.9469.
24-06-20 09:31:25.155 : 000354.jpg - PSNR: 37.02 dB; SSIM: 0.9448.
24-06-20 09:31:25.827 : 000355.jpg - PSNR: 37.07 dB; SSIM: 0.9677.
24-06-20 09:31:26.559 : 000356.jpg - PSNR: 37.95 dB; SSIM: 0.9710.
24-06-20 09:31:27.292 : 000357.jpg - PSNR: 34.33 dB; SSIM: 0.9362.
24-06-20 09:31:28.199 : 000358.jpg - PSNR: 38.52 dB; SSIM: 0.9617.
24-06-20 09:31:29.113 : 000359.jpg - PSNR: 36.55 dB; SSIM: 0.9494.
24-06-20 09:31:29.837 : 000360.jpg - PSNR: 38.11 dB; SSIM: 0.9662.
24-06-20 09:31:30.667 : 000361.jpg - PSNR: 36.90 dB; SSIM: 0.9559.
24-06-20 09:31:31.379 : 000362.jpg - PSNR: 36.02 dB; SSIM: 0.9431.
24-06-20 09:31:32.079 : 000363.jpg - PSNR: 35.83 dB; SSIM: 0.9510.
24-06-20 09:31:32.797 : 000364.jpg - PSNR: 37.30 dB; SSIM: 0.9699.
24-06-20 09:31:33.603 : 000365.jpg - PSNR: 35.22 dB; SSIM: 0.9552.
24-06-20 09:31:34.404 : 000366.jpg - PSNR: 36.47 dB; SSIM: 0.9497.
24-06-20 09:31:35.110 : 000367.jpg - PSNR: 37.50 dB; SSIM: 0.9631.
24-06-20 09:31:35.890 : 000368.jpg - PSNR: 35.20 dB; SSIM: 0.9548.
24-06-20 09:31:36.648 : 000369.jpg - PSNR: 36.47 dB; SSIM: 0.9389.
24-06-20 09:31:37.396 : 000370.jpg - PSNR: 37.81 dB; SSIM: 0.9519.
24-06-20 09:31:38.223 : 000371.jpg - PSNR: 39.23 dB; SSIM: 0.9661.
24-06-20 09:31:39.061 : 000372.jpg - PSNR: 36.95 dB; SSIM: 0.9616.
24-06-20 09:31:39.787 : 000373.jpg - PSNR: 36.79 dB; SSIM: 0.9558.
24-06-20 09:31:40.522 : 000374.jpg - PSNR: 36.76 dB; SSIM: 0.9510.
24-06-20 09:31:41.327 : 000375.jpg - PSNR: 35.20 dB; SSIM: 0.9503.
24-06-20 09:31:42.067 : 000376.jpg - PSNR: 38.92 dB; SSIM: 0.9672.
24-06-20 09:31:42.799 : 000377.jpg - PSNR: 36.65 dB; SSIM: 0.9631.
24-06-20 09:31:43.504 : 000378.jpg - PSNR: 37.60 dB; SSIM: 0.9680.
24-06-20 09:31:44.263 : 000379.jpg - PSNR: 37.31 dB; SSIM: 0.9696.
24-06-20 09:31:45.093 : 000380.jpg - PSNR: 35.38 dB; SSIM: 0.9577.
24-06-20 09:31:45.893 : 000381.jpg - PSNR: 35.08 dB; SSIM: 0.9417.
24-06-20 09:31:46.759 : 000382.jpg - PSNR: 35.83 dB; SSIM: 0.9492.
24-06-20 09:31:47.505 : 000383.jpg - PSNR: 35.86 dB; SSIM: 0.9555.
24-06-20 09:31:48.321 : 000384.jpg - PSNR: 35.53 dB; SSIM: 0.9604.
24-06-20 09:31:49.088 : 000385.jpg - PSNR: 37.68 dB; SSIM: 0.9603.
24-06-20 09:31:49.819 : 000386.jpg - PSNR: 36.95 dB; SSIM: 0.9576.
24-06-20 09:31:50.559 : 000387.jpg - PSNR: 36.98 dB; SSIM: 0.9523.
24-06-20 09:31:51.258 : 000388.jpg - PSNR: 35.38 dB; SSIM: 0.9459.
24-06-20 09:31:52.021 : 000389.jpg - PSNR: 38.85 dB; SSIM: 0.9677.
24-06-20 09:31:52.758 : 000390.jpg - PSNR: 35.50 dB; SSIM: 0.9468.
24-06-20 09:31:53.598 : 000391.jpg - PSNR: 38.05 dB; SSIM: 0.9614.
24-06-20 09:31:54.289 : 000392.jpg - PSNR: 37.53 dB; SSIM: 0.9569.
24-06-20 09:31:55.038 : 000393.jpg - PSNR: 37.58 dB; SSIM: 0.9595.
24-06-20 09:31:55.734 : 000394.jpg - PSNR: 36.13 dB; SSIM: 0.9517.
24-06-20 09:31:56.424 : 000395.jpg - PSNR: 33.72 dB; SSIM: 0.9374.
24-06-20 09:31:57.106 : 000396.jpg - PSNR: 35.96 dB; SSIM: 0.9649.
24-06-20 09:31:57.849 : 000397.jpg - PSNR: 34.06 dB; SSIM: 0.9398.
24-06-20 09:31:58.583 : 000398.jpg - PSNR: 37.99 dB; SSIM: 0.9726.
24-06-20 09:31:59.262 : 000399.jpg - PSNR: 36.27 dB; SSIM: 0.9560.
24-06-20 09:32:00.004 : 000400.jpg - PSNR: 38.30 dB; SSIM: 0.9520.
24-06-20 09:32:00.664 : 000401.jpg - PSNR: 37.05 dB; SSIM: 0.9519.
24-06-20 09:32:01.287 : 000402.jpg - PSNR: 36.88 dB; SSIM: 0.9551.
24-06-20 09:32:02.033 : 000403.jpg - PSNR: 36.55 dB; SSIM: 0.9511.
24-06-20 09:32:02.777 : 000404.jpg - PSNR: 37.03 dB; SSIM: 0.9505.
24-06-20 09:32:03.560 : 000405.jpg - PSNR: 31.83 dB; SSIM: 0.9170.
24-06-20 09:32:04.244 : 000406.jpg - PSNR: 36.98 dB; SSIM: 0.9602.
24-06-20 09:32:04.971 : 000407.jpg - PSNR: 35.95 dB; SSIM: 0.9581.
24-06-20 09:32:05.676 : 000408.jpg - PSNR: 35.21 dB; SSIM: 0.9574.
24-06-20 09:32:06.500 : 000409.jpg - PSNR: 36.86 dB; SSIM: 0.9572.
24-06-20 09:32:07.139 : 000410.jpg - PSNR: 37.79 dB; SSIM: 0.9528.
24-06-20 09:32:07.802 : 000411.jpg - PSNR: 36.17 dB; SSIM: 0.9614.
24-06-20 09:32:08.573 : 000412.jpg - PSNR: 37.10 dB; SSIM: 0.9568.
24-06-20 09:32:09.252 : 000413.jpg - PSNR: 37.02 dB; SSIM: 0.9421.
24-06-20 09:32:09.982 : 000414.jpg - PSNR: 36.97 dB; SSIM: 0.9636.
24-06-20 09:32:10.767 : 000415.jpg - PSNR: 37.36 dB; SSIM: 0.9636.
24-06-20 09:32:11.518 : 000416.jpg - PSNR: 37.59 dB; SSIM: 0.9650.
24-06-20 09:32:12.256 : 000417.jpg - PSNR: 37.75 dB; SSIM: 0.9517.
24-06-20 09:32:13.065 : 000418.jpg - PSNR: 38.67 dB; SSIM: 0.9580.
24-06-20 09:32:13.842 : 000419.jpg - PSNR: 38.05 dB; SSIM: 0.9635.
24-06-20 09:32:14.510 : 000420.jpg - PSNR: 34.67 dB; SSIM: 0.9431.
24-06-20 09:32:15.143 : 000421.jpg - PSNR: 36.77 dB; SSIM: 0.9626.
24-06-20 09:32:15.762 : 000422.jpg - PSNR: 35.38 dB; SSIM: 0.9555.
24-06-20 09:32:16.531 : 000423.jpg - PSNR: 37.60 dB; SSIM: 0.9591.
24-06-20 09:32:17.270 : 000424.jpg - PSNR: 36.76 dB; SSIM: 0.9456.
24-06-20 09:32:17.935 : 000425.jpg - PSNR: 38.15 dB; SSIM: 0.9589.
24-06-20 09:32:18.626 : 000426.jpg - PSNR: 37.34 dB; SSIM: 0.9634.
24-06-20 09:32:19.365 : 000427.jpg - PSNR: 39.87 dB; SSIM: 0.9775.
24-06-20 09:32:20.131 : 000428.jpg - PSNR: 36.71 dB; SSIM: 0.9667.
24-06-20 09:32:20.984 : 000429.jpg - PSNR: 34.59 dB; SSIM: 0.9466.
24-06-20 09:32:21.745 : 000430.jpg - PSNR: 36.34 dB; SSIM: 0.9637.
24-06-20 09:32:22.520 : 000431.jpg - PSNR: 33.90 dB; SSIM: 0.9474.
24-06-20 09:32:23.249 : 000432.jpg - PSNR: 34.05 dB; SSIM: 0.9395.
24-06-20 09:32:23.922 : 000433.jpg - PSNR: 37.88 dB; SSIM: 0.9597.
24-06-20 09:32:24.722 : 000434.jpg - PSNR: 36.93 dB; SSIM: 0.9531.
24-06-20 09:32:25.387 : 000435.jpg - PSNR: 35.73 dB; SSIM: 0.9491.
24-06-20 09:32:26.119 : 000436.jpg - PSNR: 36.31 dB; SSIM: 0.9447.
24-06-20 09:32:26.845 : 000437.jpg - PSNR: 36.22 dB; SSIM: 0.9511.
24-06-20 09:32:27.686 : 000438.jpg - PSNR: 37.11 dB; SSIM: 0.9434.
24-06-20 09:32:28.431 : 000439.jpg - PSNR: 37.33 dB; SSIM: 0.9622.
24-06-20 09:32:29.181 : 000440.jpg - PSNR: 37.75 dB; SSIM: 0.9633.
24-06-20 09:32:29.935 : 000441.jpg - PSNR: 34.00 dB; SSIM: 0.9177.
24-06-20 09:32:30.687 : 000442.jpg - PSNR: 35.34 dB; SSIM: 0.9518.
24-06-20 09:32:31.344 : 000443.jpg - PSNR: 34.87 dB; SSIM: 0.9523.
24-06-20 09:32:32.123 : 000444.jpg - PSNR: 34.27 dB; SSIM: 0.9489.
24-06-20 09:32:32.825 : 000445.jpg - PSNR: 34.37 dB; SSIM: 0.9462.
24-06-20 09:32:33.509 : 000446.jpg - PSNR: 36.88 dB; SSIM: 0.9599.
24-06-20 09:32:34.105 : 000447.jpg - PSNR: 37.07 dB; SSIM: 0.9559.
24-06-20 09:32:34.834 : 000448.jpg - PSNR: 37.01 dB; SSIM: 0.9620.
24-06-20 09:32:35.635 : 000449.jpg - PSNR: 36.22 dB; SSIM: 0.9555.
24-06-20 09:32:36.534 : 000450.jpg - PSNR: 35.87 dB; SSIM: 0.9483.
24-06-20 09:32:37.191 : 000451.jpg - PSNR: 35.30 dB; SSIM: 0.9655.
24-06-20 09:32:37.921 : 000452.jpg - PSNR: 37.03 dB; SSIM: 0.9602.
24-06-20 09:32:38.677 : 000453.jpg - PSNR: 37.78 dB; SSIM: 0.9568.
24-06-20 09:32:39.360 : 000454.jpg - PSNR: 37.70 dB; SSIM: 0.9631.
24-06-20 09:32:40.081 : 000455.jpg - PSNR: 35.36 dB; SSIM: 0.9443.
24-06-20 09:32:40.976 : 000456.jpg - PSNR: 37.69 dB; SSIM: 0.9605.
24-06-20 09:32:41.822 : 000457.jpg - PSNR: 36.17 dB; SSIM: 0.9480.
24-06-20 09:32:42.468 : 000458.jpg - PSNR: 35.12 dB; SSIM: 0.9306.
24-06-20 09:32:43.310 : 000459.jpg - PSNR: 35.41 dB; SSIM: 0.9524.
24-06-20 09:32:44.069 : 000460.jpg - PSNR: 33.80 dB; SSIM: 0.9478.
24-06-20 09:32:44.944 : 000461.jpg - PSNR: 36.31 dB; SSIM: 0.9679.
24-06-20 09:32:45.649 : 000462.jpg - PSNR: 36.96 dB; SSIM: 0.9418.
24-06-20 09:32:46.281 : 000463.jpg - PSNR: 36.59 dB; SSIM: 0.9556.
24-06-20 09:32:46.924 : 000464.jpg - PSNR: 37.95 dB; SSIM: 0.9708.
24-06-20 09:32:47.632 : 000465.jpg - PSNR: 37.53 dB; SSIM: 0.9591.
24-06-20 09:32:48.205 : 000466.jpg - PSNR: 36.19 dB; SSIM: 0.9568.
24-06-20 09:32:48.952 : 000467.jpg - PSNR: 37.87 dB; SSIM: 0.9607.
24-06-20 09:32:49.624 : 000468.jpg - PSNR: 33.95 dB; SSIM: 0.9401.
24-06-20 09:32:50.326 : 000469.jpg - PSNR: 33.44 dB; SSIM: 0.9353.
24-06-20 09:32:51.062 : 000470.jpg - PSNR: 36.90 dB; SSIM: 0.9628.
24-06-20 09:32:51.804 : 000471.jpg - PSNR: 35.52 dB; SSIM: 0.9543.
24-06-20 09:32:52.423 : 000472.jpg - PSNR: 37.38 dB; SSIM: 0.9602.
24-06-20 09:32:53.071 : 000473.jpg - PSNR: 36.34 dB; SSIM: 0.9527.
24-06-20 09:32:53.725 : 000474.jpg - PSNR: 38.23 dB; SSIM: 0.9687.
24-06-20 09:32:54.477 : 000475.jpg - PSNR: 35.46 dB; SSIM: 0.9565.
24-06-20 09:32:55.152 : 000476.jpg - PSNR: 35.62 dB; SSIM: 0.9562.
24-06-20 09:32:56.018 : 000477.jpg - PSNR: 37.02 dB; SSIM: 0.9468.
24-06-20 09:32:56.736 : 000478.jpg - PSNR: 34.75 dB; SSIM: 0.9669.
24-06-20 09:32:57.466 : 000479.jpg - PSNR: 37.05 dB; SSIM: 0.9617.
24-06-20 09:32:58.227 : 000480.jpg - PSNR: 34.69 dB; SSIM: 0.9647.
24-06-20 09:32:58.916 : 000481.jpg - PSNR: 34.88 dB; SSIM: 0.9462.
24-06-20 09:32:59.778 : 000482.jpg - PSNR: 35.66 dB; SSIM: 0.9651.
24-06-20 09:33:00.546 : 000483.jpg - PSNR: 36.35 dB; SSIM: 0.9609.
24-06-20 09:33:01.464 : 000484.jpg - PSNR: 38.34 dB; SSIM: 0.9474.
24-06-20 09:33:02.648 : 000485.jpg - PSNR: 36.10 dB; SSIM: 0.9648.
24-06-20 09:33:03.554 : 000486.jpg - PSNR: 36.27 dB; SSIM: 0.9451.
24-06-20 09:33:04.327 : 000487.jpg - PSNR: 34.82 dB; SSIM: 0.9612.
24-06-20 09:33:05.354 : 000488.jpg - PSNR: 36.45 dB; SSIM: 0.9445.
24-06-20 09:33:06.209 : 000489.jpg - PSNR: 36.73 dB; SSIM: 0.9591.
24-06-20 09:33:07.426 : 000490.jpg - PSNR: 36.34 dB; SSIM: 0.9352.
24-06-20 09:33:08.221 : 000491.jpg - PSNR: 34.30 dB; SSIM: 0.9255.
24-06-20 09:33:09.053 : 000492.jpg - PSNR: 35.49 dB; SSIM: 0.9490.
24-06-20 09:33:09.859 : 000493.jpg - PSNR: 34.93 dB; SSIM: 0.9522.
24-06-20 09:33:10.633 : 000494.jpg - PSNR: 37.04 dB; SSIM: 0.9696.
24-06-20 09:33:11.468 : 000495.jpg - PSNR: 35.43 dB; SSIM: 0.9525.
24-06-20 09:33:12.234 : 000496.jpg - PSNR: 37.01 dB; SSIM: 0.9629.
24-06-20 09:33:13.100 : 000497.jpg - PSNR: 34.52 dB; SSIM: 0.9624.
24-06-20 09:33:14.338 : 000498.jpg - PSNR: 37.18 dB; SSIM: 0.9455.
24-06-20 09:33:15.683 : 000499.jpg - PSNR: 36.39 dB; SSIM: 0.9621.
24-06-20 09:33:17.305 : 000500.jpg - PSNR: 35.76 dB; SSIM: 0.9463.
24-06-20 09:33:17.313 : Average PSNR/SSIM(RGB) - tt_scunet_color_15 - PSNR: 36.47 dB; SSIM: 0.9540
24-06-20 10:47:40.970 : Model path: model_zoo\scunet_color_15.pth
24-06-20 10:47:40.971 : Params number: 17946072
24-06-20 10:47:40.972 : model_name:scunet_color_15, image sigma:15
24-06-20 10:47:40.972 : testsets\tt
24-06-20 10:47:40.976 :          #Params : 17.9461 [M]
24-06-20 10:47:49.254 : 000001.jpg - PSNR: 32.66 dB; SSIM: 0.9594.
24-06-20 10:47:49.605 : 000002.jpg - PSNR: 36.02 dB; SSIM: 0.9611.
24-06-20 10:47:49.842 : 000003.jpg - PSNR: 40.00 dB; SSIM: 0.9708.
24-06-20 10:47:50.116 : 000004.jpg - PSNR: 32.49 dB; SSIM: 0.9293.
24-06-20 10:47:50.539 : 000005.jpg - PSNR: 37.70 dB; SSIM: 0.9694.
24-06-20 10:47:50.804 : 000006.jpg - PSNR: 35.16 dB; SSIM: 0.9574.
24-06-20 10:47:51.045 : 000007.jpg - PSNR: 35.35 dB; SSIM: 0.9571.
24-06-20 10:47:51.290 : 000008.jpg - PSNR: 36.44 dB; SSIM: 0.9591.
24-06-20 10:47:51.539 : 000009.jpg - PSNR: 34.36 dB; SSIM: 0.9432.
24-06-20 10:47:51.834 : 000010.jpg - PSNR: 36.31 dB; SSIM: 0.9559.
24-06-20 10:47:52.098 : 000011.jpg - PSNR: 39.24 dB; SSIM: 0.9668.
24-06-20 10:47:52.394 : 000012.jpg - PSNR: 38.38 dB; SSIM: 0.9670.
24-06-20 10:47:52.635 : 000013.jpg - PSNR: 35.47 dB; SSIM: 0.9563.
24-06-20 10:47:52.884 : 000014.jpg - PSNR: 36.79 dB; SSIM: 0.9535.
24-06-20 10:47:53.149 : 000015.jpg - PSNR: 36.74 dB; SSIM: 0.9653.
24-06-20 10:47:53.436 : 000016.jpg - PSNR: 37.86 dB; SSIM: 0.9535.
24-06-20 10:47:53.728 : 000017.jpg - PSNR: 38.43 dB; SSIM: 0.9681.
24-06-20 10:47:54.000 : 000018.jpg - PSNR: 34.65 dB; SSIM: 0.9591.
24-06-20 10:47:54.234 : 000019.jpg - PSNR: 35.86 dB; SSIM: 0.9617.
24-06-20 10:47:54.619 : 000020.jpg - PSNR: 35.60 dB; SSIM: 0.9547.
24-06-20 10:47:54.880 : 000021.jpg - PSNR: 36.93 dB; SSIM: 0.9414.
24-06-20 10:47:55.153 : 000022.jpg - PSNR: 37.46 dB; SSIM: 0.9651.
24-06-20 10:47:55.447 : 000023.jpg - PSNR: 35.31 dB; SSIM: 0.9551.
24-06-20 10:47:55.780 : 000024.jpg - PSNR: 34.99 dB; SSIM: 0.9499.
24-06-20 10:47:56.022 : 000025.jpg - PSNR: 36.21 dB; SSIM: 0.9295.
24-06-20 10:47:56.292 : 000026.jpg - PSNR: 36.40 dB; SSIM: 0.9525.
24-06-20 10:47:56.629 : 000027.jpg - PSNR: 37.94 dB; SSIM: 0.9511.
24-06-20 10:47:56.910 : 000028.jpg - PSNR: 35.49 dB; SSIM: 0.9489.
24-06-20 10:47:57.201 : 000029.jpg - PSNR: 36.34 dB; SSIM: 0.9574.
24-06-20 10:47:57.482 : 000030.jpg - PSNR: 35.35 dB; SSIM: 0.9398.
24-06-20 10:47:57.765 : 000031.jpg - PSNR: 35.79 dB; SSIM: 0.9400.
