24-06-18 13:05:49.351 : Model path: model_zoo\scunet_color_15.pth
24-06-18 13:05:49.352 : Params number: 17946072
24-06-18 13:05:49.353 : model_name:scunet_color_15, image sigma:15
24-06-18 13:05:49.353 : testsets\input
24-06-18 13:05:49.358 :          #Params : 17.9461 [M]
24-06-18 13:05:55.422 : 000001.jpg - PSNR: 32.66 dB; SSIM: 0.9594.
24-06-18 13:05:55.756 : 000002.jpg - PSNR: 36.02 dB; SSIM: 0.9611.
24-06-18 13:05:56.046 : 000003.jpg - PSNR: 40.00 dB; SSIM: 0.9708.
24-06-18 13:05:56.281 : 000004.jpg - PSNR: 32.49 dB; SSIM: 0.9293.
24-06-18 13:05:56.524 : 000005.jpg - PSNR: 37.70 dB; SSIM: 0.9694.
24-06-18 13:05:56.778 : 000006.jpg - PSNR: 35.16 dB; SSIM: 0.9574.
24-06-18 13:05:57.111 : 000007.jpg - PSNR: 35.35 dB; SSIM: 0.9571.
24-06-18 13:05:57.393 : 000008.jpg - PSNR: 36.44 dB; SSIM: 0.9591.
24-06-18 13:05:57.666 : 000009.jpg - PSNR: 34.36 dB; SSIM: 0.9432.
24-06-18 13:05:57.915 : 000010.jpg - PSNR: 36.31 dB; SSIM: 0.9559.
24-06-18 13:05:58.162 : 000011.jpg - PSNR: 39.24 dB; SSIM: 0.9668.
24-06-18 13:05:58.430 : 000012.jpg - PSNR: 38.38 dB; SSIM: 0.9670.
24-06-18 13:05:58.676 : 000013.jpg - PSNR: 35.47 dB; SSIM: 0.9563.
24-06-18 13:05:58.920 : 000014.jpg - PSNR: 36.79 dB; SSIM: 0.9535.
24-06-18 13:05:59.173 : 000015.jpg - PSNR: 36.74 dB; SSIM: 0.9653.
24-06-18 13:05:59.413 : 000016.jpg - PSNR: 37.86 dB; SSIM: 0.9535.
24-06-18 13:05:59.670 : 000017.jpg - PSNR: 38.43 dB; SSIM: 0.9681.
24-06-18 13:05:59.951 : 000018.jpg - PSNR: 34.65 dB; SSIM: 0.9591.
24-06-18 13:06:00.273 : 000019.jpg - PSNR: 35.86 dB; SSIM: 0.9617.
24-06-18 13:06:00.646 : 000020.jpg - PSNR: 35.60 dB; SSIM: 0.9547.
24-06-18 13:06:00.922 : 000021.jpg - PSNR: 36.93 dB; SSIM: 0.9414.
24-06-18 13:06:01.239 : 000022.jpg - PSNR: 37.46 dB; SSIM: 0.9651.
24-06-18 13:06:01.576 : 000023.jpg - PSNR: 35.31 dB; SSIM: 0.9551.
24-06-18 13:06:01.828 : 000024.jpg - PSNR: 34.99 dB; SSIM: 0.9499.
24-06-18 13:06:02.120 : 000025.jpg - PSNR: 36.21 dB; SSIM: 0.9295.
24-06-18 13:06:02.400 : 000026.jpg - PSNR: 36.40 dB; SSIM: 0.9525.
24-06-18 13:06:02.662 : 000027.jpg - PSNR: 37.94 dB; SSIM: 0.9511.
24-06-18 13:06:02.913 : 000028.jpg - PSNR: 35.49 dB; SSIM: 0.9489.
24-06-18 13:06:03.206 : 000029.jpg - PSNR: 36.34 dB; SSIM: 0.9574.
24-06-18 13:06:03.481 : 000030.jpg - PSNR: 35.35 dB; SSIM: 0.9398.
24-06-18 13:06:03.738 : 000031.jpg - PSNR: 35.79 dB; SSIM: 0.9400.
24-06-18 13:06:04.006 : 000032.jpg - PSNR: 36.41 dB; SSIM: 0.9596.
24-06-18 13:06:04.244 : 000033.jpg - PSNR: 37.75 dB; SSIM: 0.9606.
24-06-18 13:06:04.511 : 000034.jpg - PSNR: 37.56 dB; SSIM: 0.9578.
24-06-18 13:06:04.758 : 000035.jpg - PSNR: 34.96 dB; SSIM: 0.9408.
24-06-18 13:06:05.035 : 000036.jpg - PSNR: 37.91 dB; SSIM: 0.9562.
24-06-18 13:06:05.338 : 000037.jpg - PSNR: 36.84 dB; SSIM: 0.9562.
24-06-18 13:06:05.638 : 000038.jpg - PSNR: 35.64 dB; SSIM: 0.9581.
24-06-18 13:06:05.891 : 000039.jpg - PSNR: 35.94 dB; SSIM: 0.9507.
24-06-18 13:06:06.190 : 000040.jpg - PSNR: 37.00 dB; SSIM: 0.9610.
24-06-18 13:06:06.556 : 000041.jpg - PSNR: 37.05 dB; SSIM: 0.9490.
24-06-18 13:06:06.818 : 000042.jpg - PSNR: 36.03 dB; SSIM: 0.9549.
24-06-18 13:06:07.113 : 000043.jpg - PSNR: 36.66 dB; SSIM: 0.9513.
24-06-18 13:06:07.373 : 000044.jpg - PSNR: 32.60 dB; SSIM: 0.9352.
24-06-18 13:06:07.661 : 000045.jpg - PSNR: 34.52 dB; SSIM: 0.9465.
24-06-18 13:06:07.924 : 000046.jpg - PSNR: 38.10 dB; SSIM: 0.9668.
24-06-18 13:06:08.187 : 000047.jpg - PSNR: 37.85 dB; SSIM: 0.9488.
24-06-18 13:06:08.447 : 000048.jpg - PSNR: 39.13 dB; SSIM: 0.9674.
24-06-18 13:06:08.709 : 000049.jpg - PSNR: 39.05 dB; SSIM: 0.9627.
24-06-18 13:06:08.955 : 000050.jpg - PSNR: 38.18 dB; SSIM: 0.9555.
24-06-18 13:06:09.199 : 000051.jpg - PSNR: 35.37 dB; SSIM: 0.9461.
24-06-18 13:06:09.458 : 000052.jpg - PSNR: 35.59 dB; SSIM: 0.9444.
24-06-18 13:06:09.784 : 000053.jpg - PSNR: 36.66 dB; SSIM: 0.9542.
24-06-18 13:06:10.053 : 000054.jpg - PSNR: 34.09 dB; SSIM: 0.9530.
24-06-18 13:06:10.408 : 000055.jpg - PSNR: 38.19 dB; SSIM: 0.9578.
24-06-18 13:06:10.686 : 000056.jpg - PSNR: 38.08 dB; SSIM: 0.9563.
24-06-18 13:06:10.939 : 000057.jpg - PSNR: 39.01 dB; SSIM: 0.9686.
24-06-18 13:06:11.178 : 000058.jpg - PSNR: 36.91 dB; SSIM: 0.9558.
24-06-18 13:06:11.415 : 000059.jpg - PSNR: 35.10 dB; SSIM: 0.9380.
24-06-18 13:06:11.790 : 000060.jpg - PSNR: 34.91 dB; SSIM: 0.9528.
24-06-18 13:06:12.103 : 000061.jpg - PSNR: 38.66 dB; SSIM: 0.9684.
24-06-18 13:06:12.426 : 000062.jpg - PSNR: 37.57 dB; SSIM: 0.9524.
24-06-18 13:06:12.757 : 000063.jpg - PSNR: 36.39 dB; SSIM: 0.9586.
24-06-18 13:06:12.990 : 000064.jpg - PSNR: 37.68 dB; SSIM: 0.9689.
24-06-18 13:06:13.270 : 000065.jpg - PSNR: 40.06 dB; SSIM: 0.9738.
24-06-18 13:06:13.512 : 000066.jpg - PSNR: 37.84 dB; SSIM: 0.9618.
24-06-18 13:06:13.766 : 000067.jpg - PSNR: 36.05 dB; SSIM: 0.9544.
24-06-18 13:06:14.072 : 000068.jpg - PSNR: 35.71 dB; SSIM: 0.9437.
24-06-18 13:06:14.354 : 000069.jpg - PSNR: 37.04 dB; SSIM: 0.9674.
24-06-18 13:06:14.672 : 000070.jpg - PSNR: 37.15 dB; SSIM: 0.9595.
24-06-18 13:06:14.962 : 000071.jpg - PSNR: 36.22 dB; SSIM: 0.9526.
24-06-18 13:06:15.230 : 000072.jpg - PSNR: 36.51 dB; SSIM: 0.9503.
24-06-18 13:06:15.495 : 000073.jpg - PSNR: 35.15 dB; SSIM: 0.9369.
24-06-18 13:06:15.751 : 000074.jpg - PSNR: 35.18 dB; SSIM: 0.9625.
24-06-18 13:06:16.015 : 000075.jpg - PSNR: 35.91 dB; SSIM: 0.9383.
24-06-18 13:06:16.275 : 000076.jpg - PSNR: 36.51 dB; SSIM: 0.9648.
24-06-18 13:06:16.637 : 000077.jpg - PSNR: 35.77 dB; SSIM: 0.9464.
24-06-18 13:06:16.943 : 000078.jpg - PSNR: 35.64 dB; SSIM: 0.9458.
24-06-18 13:06:17.183 : 000079.jpg - PSNR: 36.87 dB; SSIM: 0.9587.
24-06-18 13:06:17.551 : 000080.jpg - PSNR: 34.78 dB; SSIM: 0.9356.
24-06-18 13:06:17.815 : 000081.jpg - PSNR: 36.56 dB; SSIM: 0.9556.
24-06-18 13:06:18.142 : 000082.jpg - PSNR: 35.13 dB; SSIM: 0.9302.
24-06-18 13:06:18.500 : 000083.jpg - PSNR: 36.24 dB; SSIM: 0.9516.
24-06-18 13:06:18.862 : 000084.jpg - PSNR: 37.70 dB; SSIM: 0.9643.
24-06-18 13:06:19.209 : 000085.jpg - PSNR: 32.22 dB; SSIM: 0.9415.
24-06-18 13:06:19.576 : 000086.jpg - PSNR: 37.71 dB; SSIM: 0.9650.
24-06-18 13:06:19.864 : 000087.jpg - PSNR: 38.54 dB; SSIM: 0.9483.
24-06-18 13:06:20.159 : 000088.jpg - PSNR: 33.79 dB; SSIM: 0.9410.
24-06-18 13:06:20.642 : 000089.jpg - PSNR: 35.28 dB; SSIM: 0.9490.
24-06-18 13:06:20.892 : 000090.jpg - PSNR: 37.60 dB; SSIM: 0.9662.
24-06-18 13:06:21.160 : 000091.jpg - PSNR: 35.30 dB; SSIM: 0.9511.
24-06-18 13:06:21.424 : 000092.jpg - PSNR: 35.49 dB; SSIM: 0.9640.
24-06-18 13:06:21.677 : 000093.jpg - PSNR: 37.03 dB; SSIM: 0.9624.
24-06-18 13:06:21.937 : 000094.jpg - PSNR: 36.22 dB; SSIM: 0.9458.
24-06-18 13:06:22.212 : 000095.jpg - PSNR: 37.84 dB; SSIM: 0.9587.
24-06-18 13:06:22.508 : 000096.jpg - PSNR: 39.21 dB; SSIM: 0.9631.
24-06-18 13:06:22.827 : 000097.jpg - PSNR: 35.59 dB; SSIM: 0.9602.
24-06-18 13:06:23.158 : 000098.jpg - PSNR: 36.64 dB; SSIM: 0.9388.
24-06-18 13:06:23.460 : 000099.jpg - PSNR: 35.88 dB; SSIM: 0.9486.
24-06-18 13:06:23.774 : 000100.jpg - PSNR: 37.57 dB; SSIM: 0.9693.
24-06-18 13:06:24.025 : 000101.jpg - PSNR: 40.35 dB; SSIM: 0.9710.
24-06-18 13:06:24.285 : 000102.jpg - PSNR: 37.58 dB; SSIM: 0.9608.
24-06-18 13:06:24.530 : 000103.jpg - PSNR: 37.55 dB; SSIM: 0.9569.
24-06-18 13:06:24.778 : 000104.jpg - PSNR: 36.03 dB; SSIM: 0.9571.
24-06-18 13:06:25.035 : 000105.jpg - PSNR: 36.87 dB; SSIM: 0.9609.
24-06-18 13:06:25.283 : 000106.jpg - PSNR: 37.16 dB; SSIM: 0.9421.
24-06-18 13:06:25.547 : 000107.jpg - PSNR: 35.66 dB; SSIM: 0.9497.
24-06-18 13:06:25.796 : 000108.jpg - PSNR: 33.88 dB; SSIM: 0.9483.
24-06-18 13:06:26.042 : 000109.jpg - PSNR: 36.13 dB; SSIM: 0.9628.
24-06-18 13:06:26.414 : 000110.jpg - PSNR: 32.35 dB; SSIM: 0.9534.
24-06-18 13:06:26.670 : 000111.jpg - PSNR: 34.95 dB; SSIM: 0.9395.
24-06-18 13:06:26.934 : 000112.jpg - PSNR: 36.40 dB; SSIM: 0.9545.
24-06-18 13:06:27.306 : 000113.jpg - PSNR: 38.66 dB; SSIM: 0.9612.
24-06-18 13:06:27.636 : 000114.jpg - PSNR: 35.70 dB; SSIM: 0.9579.
24-06-18 13:06:27.884 : 000115.jpg - PSNR: 38.67 dB; SSIM: 0.9598.
24-06-18 13:06:28.286 : 000116.jpg - PSNR: 36.79 dB; SSIM: 0.9594.
24-06-18 13:06:28.655 : 000117.jpg - PSNR: 35.39 dB; SSIM: 0.9344.
24-06-18 13:06:28.969 : 000118.jpg - PSNR: 36.56 dB; SSIM: 0.9552.
24-06-18 13:06:29.222 : 000119.jpg - PSNR: 36.30 dB; SSIM: 0.9524.
24-06-18 13:06:29.475 : 000120.jpg - PSNR: 39.45 dB; SSIM: 0.9594.
24-06-18 13:06:29.748 : 000121.jpg - PSNR: 37.54 dB; SSIM: 0.9630.
24-06-18 13:06:30.116 : 000122.jpg - PSNR: 37.05 dB; SSIM: 0.9533.
24-06-18 13:06:30.368 : 000123.jpg - PSNR: 38.23 dB; SSIM: 0.9603.
24-06-18 13:06:30.637 : 000124.jpg - PSNR: 36.51 dB; SSIM: 0.9528.
24-06-18 13:06:30.886 : 000125.jpg - PSNR: 37.29 dB; SSIM: 0.9529.
24-06-18 13:06:31.138 : 000126.jpg - PSNR: 36.34 dB; SSIM: 0.9524.
24-06-18 13:06:31.419 : 000127.jpg - PSNR: 37.19 dB; SSIM: 0.9509.
24-06-18 13:06:31.686 : 000128.jpg - PSNR: 34.19 dB; SSIM: 0.9363.
24-06-18 13:06:31.948 : 000129.jpg - PSNR: 35.80 dB; SSIM: 0.9574.
24-06-18 13:06:32.281 : 000130.jpg - PSNR: 37.40 dB; SSIM: 0.9620.
24-06-18 13:06:32.539 : 000131.jpg - PSNR: 36.04 dB; SSIM: 0.9536.
24-06-18 13:06:32.794 : 000132.jpg - PSNR: 34.19 dB; SSIM: 0.9372.
24-06-18 13:06:33.061 : 000133.jpg - PSNR: 34.55 dB; SSIM: 0.9483.
24-06-18 13:06:33.449 : 000134.jpg - PSNR: 38.38 dB; SSIM: 0.9669.
24-06-18 13:06:33.721 : 000135.jpg - PSNR: 37.79 dB; SSIM: 0.9593.
24-06-18 13:06:33.997 : 000136.jpg - PSNR: 37.77 dB; SSIM: 0.9432.
24-06-18 13:06:34.248 : 000137.jpg - PSNR: 36.44 dB; SSIM: 0.9574.
24-06-18 13:06:34.569 : 000138.jpg - PSNR: 35.68 dB; SSIM: 0.9599.
24-06-18 13:06:34.948 : 000139.jpg - PSNR: 37.62 dB; SSIM: 0.9601.
24-06-18 13:06:35.299 : 000140.jpg - PSNR: 36.84 dB; SSIM: 0.9440.
24-06-18 13:06:35.607 : 000141.jpg - PSNR: 36.89 dB; SSIM: 0.9547.
24-06-18 13:06:35.892 : 000142.jpg - PSNR: 36.94 dB; SSIM: 0.9451.
24-06-18 13:06:36.241 : 000143.jpg - PSNR: 37.41 dB; SSIM: 0.9550.
24-06-18 13:06:36.544 : 000144.jpg - PSNR: 37.32 dB; SSIM: 0.9481.
24-06-18 13:06:37.072 : 000145.jpg - PSNR: 32.30 dB; SSIM: 0.9422.
24-06-18 13:06:37.328 : 000146.jpg - PSNR: 38.09 dB; SSIM: 0.9535.
24-06-18 13:06:37.592 : 000147.jpg - PSNR: 33.70 dB; SSIM: 0.9396.
24-06-18 13:06:37.879 : 000148.jpg - PSNR: 38.86 dB; SSIM: 0.9650.
24-06-18 13:06:38.252 : 000149.jpg - PSNR: 37.14 dB; SSIM: 0.9627.
24-06-18 13:06:38.532 : 000150.jpg - PSNR: 33.76 dB; SSIM: 0.9335.
24-06-18 13:06:38.811 : 000151.jpg - PSNR: 35.60 dB; SSIM: 0.9455.
24-06-18 13:06:39.078 : 000152.jpg - PSNR: 35.70 dB; SSIM: 0.9541.
24-06-18 13:06:39.489 : 000153.jpg - PSNR: 36.69 dB; SSIM: 0.9533.
24-06-18 13:06:39.984 : 000154.jpg - PSNR: 36.94 dB; SSIM: 0.9657.
24-06-18 13:06:40.368 : 000155.jpg - PSNR: 33.23 dB; SSIM: 0.9337.
24-06-18 13:06:40.676 : 000156.jpg - PSNR: 36.32 dB; SSIM: 0.9497.
24-06-18 13:06:40.938 : 000157.jpg - PSNR: 35.81 dB; SSIM: 0.9529.
24-06-18 13:06:41.234 : 000158.jpg - PSNR: 37.47 dB; SSIM: 0.9583.
24-06-18 13:06:41.572 : 000159.jpg - PSNR: 36.36 dB; SSIM: 0.9538.
24-06-18 13:06:41.926 : 000160.jpg - PSNR: 37.35 dB; SSIM: 0.9616.
24-06-18 13:06:42.234 : 000161.jpg - PSNR: 36.90 dB; SSIM: 0.9512.
24-06-18 13:06:42.570 : 000162.jpg - PSNR: 37.44 dB; SSIM: 0.9663.
24-06-18 13:06:42.922 : 000163.jpg - PSNR: 32.25 dB; SSIM: 0.9576.
24-06-18 13:06:43.205 : 000164.jpg - PSNR: 37.29 dB; SSIM: 0.9650.
24-06-18 13:06:43.478 : 000165.jpg - PSNR: 35.30 dB; SSIM: 0.9531.
24-06-18 13:06:43.773 : 000166.jpg - PSNR: 36.01 dB; SSIM: 0.9541.
24-06-18 13:06:44.198 : 000167.jpg - PSNR: 35.51 dB; SSIM: 0.9550.
24-06-18 13:06:44.476 : 000168.jpg - PSNR: 34.46 dB; SSIM: 0.9262.
24-06-18 13:06:44.802 : 000169.jpg - PSNR: 36.89 dB; SSIM: 0.9638.
24-06-18 13:06:45.205 : 000170.jpg - PSNR: 36.01 dB; SSIM: 0.9480.
24-06-18 13:06:45.505 : 000171.jpg - PSNR: 36.72 dB; SSIM: 0.9597.
24-06-18 13:06:45.760 : 000172.jpg - PSNR: 34.44 dB; SSIM: 0.9509.
24-06-18 13:06:46.039 : 000173.jpg - PSNR: 36.51 dB; SSIM: 0.9552.
24-06-18 13:06:46.491 : 000174.jpg - PSNR: 36.30 dB; SSIM: 0.9470.
24-06-18 13:06:46.749 : 000175.jpg - PSNR: 35.51 dB; SSIM: 0.9603.
24-06-18 13:06:47.015 : 000176.jpg - PSNR: 36.33 dB; SSIM: 0.9463.
24-06-18 13:06:47.320 : 000177.jpg - PSNR: 37.31 dB; SSIM: 0.9673.
24-06-18 13:06:47.663 : 000178.jpg - PSNR: 35.26 dB; SSIM: 0.9544.
24-06-18 13:06:47.940 : 000179.jpg - PSNR: 37.05 dB; SSIM: 0.9604.
24-06-18 13:06:48.266 : 000180.jpg - PSNR: 34.64 dB; SSIM: 0.9498.
24-06-18 13:06:48.555 : 000181.jpg - PSNR: 36.62 dB; SSIM: 0.9614.
24-06-18 13:06:48.884 : 000182.jpg - PSNR: 37.78 dB; SSIM: 0.9593.
24-06-18 13:06:49.150 : 000183.jpg - PSNR: 36.27 dB; SSIM: 0.9570.
24-06-18 13:06:49.420 : 000184.jpg - PSNR: 35.21 dB; SSIM: 0.9382.
24-06-18 13:06:49.701 : 000185.jpg - PSNR: 35.23 dB; SSIM: 0.9425.
24-06-18 13:06:49.974 : 000186.jpg - PSNR: 37.55 dB; SSIM: 0.9640.
24-06-18 13:06:50.240 : 000187.jpg - PSNR: 37.26 dB; SSIM: 0.9547.
24-06-18 13:06:50.505 : 000188.jpg - PSNR: 35.90 dB; SSIM: 0.9596.
24-06-18 13:06:50.830 : 000189.jpg - PSNR: 35.52 dB; SSIM: 0.9465.
24-06-18 13:06:51.097 : 000190.jpg - PSNR: 36.67 dB; SSIM: 0.9537.
24-06-18 13:06:51.433 : 000191.jpg - PSNR: 35.29 dB; SSIM: 0.9585.
24-06-18 13:06:51.736 : 000192.jpg - PSNR: 37.65 dB; SSIM: 0.9568.
24-06-18 13:06:52.035 : 000193.jpg - PSNR: 37.21 dB; SSIM: 0.9637.
24-06-18 13:06:52.502 : 000194.jpg - PSNR: 36.89 dB; SSIM: 0.9587.
24-06-18 13:06:52.833 : 000195.jpg - PSNR: 36.62 dB; SSIM: 0.9538.
24-06-18 13:06:53.281 : 000196.jpg - PSNR: 37.55 dB; SSIM: 0.9680.
24-06-18 13:06:53.629 : 000197.jpg - PSNR: 37.12 dB; SSIM: 0.9492.
24-06-18 13:06:53.996 : 000198.jpg - PSNR: 36.35 dB; SSIM: 0.9501.
24-06-18 13:06:55.019 : 000199.jpg - PSNR: 34.25 dB; SSIM: 0.9403.
24-06-18 13:06:55.881 : 000200.jpg - PSNR: 36.54 dB; SSIM: 0.9494.
24-06-18 13:06:57.231 : 000201.jpg - PSNR: 33.67 dB; SSIM: 0.9512.
24-06-18 13:06:58.290 : 000202.jpg - PSNR: 37.17 dB; SSIM: 0.9569.
24-06-18 13:06:59.189 : 000203.jpg - PSNR: 36.64 dB; SSIM: 0.9585.
24-06-18 13:06:59.944 : 000204.jpg - PSNR: 37.04 dB; SSIM: 0.9595.
24-06-18 13:07:00.699 : 000205.jpg - PSNR: 33.83 dB; SSIM: 0.9312.
24-06-18 13:07:01.902 : 000206.jpg - PSNR: 36.01 dB; SSIM: 0.9476.
24-06-18 13:07:02.802 : 000207.jpg - PSNR: 37.18 dB; SSIM: 0.9539.
24-06-18 13:07:03.898 : 000208.jpg - PSNR: 36.68 dB; SSIM: 0.9519.
24-06-18 13:07:05.019 : 000209.jpg - PSNR: 35.85 dB; SSIM: 0.9501.
24-06-18 13:07:05.857 : 000210.jpg - PSNR: 36.74 dB; SSIM: 0.9686.
24-06-18 13:07:06.685 : 000211.jpg - PSNR: 36.83 dB; SSIM: 0.9517.
24-06-18 13:07:07.804 : 000212.jpg - PSNR: 36.60 dB; SSIM: 0.9561.
24-06-18 13:07:08.511 : 000213.jpg - PSNR: 36.30 dB; SSIM: 0.9575.
24-06-18 13:07:09.485 : 000214.jpg - PSNR: 37.04 dB; SSIM: 0.9667.
24-06-18 13:07:10.373 : 000215.jpg - PSNR: 36.50 dB; SSIM: 0.9647.
24-06-18 13:07:11.083 : 000216.jpg - PSNR: 36.51 dB; SSIM: 0.9578.
24-06-18 13:07:11.769 : 000217.jpg - PSNR: 35.11 dB; SSIM: 0.9454.
24-06-18 13:07:12.447 : 000218.jpg - PSNR: 37.67 dB; SSIM: 0.9717.
24-06-18 13:07:13.472 : 000219.jpg - PSNR: 35.10 dB; SSIM: 0.9266.
24-06-18 13:07:14.425 : 000220.jpg - PSNR: 35.59 dB; SSIM: 0.9626.
24-06-18 13:07:15.407 : 000221.jpg - PSNR: 37.01 dB; SSIM: 0.9558.
24-06-18 13:07:16.177 : 000222.jpg - PSNR: 33.00 dB; SSIM: 0.8995.
24-06-18 13:07:17.340 : 000223.jpg - PSNR: 36.38 dB; SSIM: 0.9605.
24-06-18 13:07:18.128 : 000224.jpg - PSNR: 37.88 dB; SSIM: 0.9541.
24-06-18 13:07:19.215 : 000225.jpg - PSNR: 35.56 dB; SSIM: 0.9458.
24-06-18 13:07:20.377 : 000226.jpg - PSNR: 37.35 dB; SSIM: 0.9654.
24-06-18 13:07:21.432 : 000227.jpg - PSNR: 37.54 dB; SSIM: 0.9557.
24-06-18 13:07:22.286 : 000228.jpg - PSNR: 36.80 dB; SSIM: 0.9506.
24-06-18 13:07:22.889 : 000229.jpg - PSNR: 36.88 dB; SSIM: 0.9624.
24-06-18 13:07:23.674 : 000230.jpg - PSNR: 36.77 dB; SSIM: 0.9539.
24-06-18 13:07:24.636 : 000231.jpg - PSNR: 34.53 dB; SSIM: 0.9490.
24-06-18 13:07:25.402 : 000232.jpg - PSNR: 36.24 dB; SSIM: 0.9524.
24-06-18 13:07:26.096 : 000233.jpg - PSNR: 38.39 dB; SSIM: 0.9702.
24-06-18 13:07:26.873 : 000234.jpg - PSNR: 37.56 dB; SSIM: 0.9544.
24-06-18 13:07:27.692 : 000235.jpg - PSNR: 36.02 dB; SSIM: 0.9517.
24-06-18 13:07:28.270 : 000236.jpg - PSNR: 37.44 dB; SSIM: 0.9601.
24-06-18 13:07:29.051 : 000237.jpg - PSNR: 36.38 dB; SSIM: 0.9598.
24-06-18 13:07:30.033 : 000238.jpg - PSNR: 37.41 dB; SSIM: 0.9581.
24-06-18 13:07:30.695 : 000239.jpg - PSNR: 33.94 dB; SSIM: 0.9194.
24-06-18 13:07:31.587 : 000240.jpg - PSNR: 36.86 dB; SSIM: 0.9558.
24-06-18 13:07:32.275 : 000241.jpg - PSNR: 36.82 dB; SSIM: 0.9571.
24-06-18 13:07:33.173 : 000242.jpg - PSNR: 37.58 dB; SSIM: 0.9295.
24-06-18 13:07:34.275 : 000243.jpg - PSNR: 36.63 dB; SSIM: 0.9638.
24-06-18 13:07:35.206 : 000244.jpg - PSNR: 35.18 dB; SSIM: 0.9251.
24-06-18 13:07:36.199 : 000245.jpg - PSNR: 38.61 dB; SSIM: 0.9580.
24-06-18 13:07:36.986 : 000246.jpg - PSNR: 38.36 dB; SSIM: 0.9706.
24-06-18 13:07:37.859 : 000247.jpg - PSNR: 37.34 dB; SSIM: 0.9497.
24-06-18 13:07:38.673 : 000248.jpg - PSNR: 37.42 dB; SSIM: 0.9591.
24-06-18 13:07:39.381 : 000249.jpg - PSNR: 37.76 dB; SSIM: 0.9630.
24-06-18 13:07:40.116 : 000250.jpg - PSNR: 36.64 dB; SSIM: 0.9544.
24-06-18 13:07:40.811 : 000251.jpg - PSNR: 34.70 dB; SSIM: 0.9466.
24-06-18 13:07:41.625 : 000252.jpg - PSNR: 36.43 dB; SSIM: 0.9535.
24-06-18 13:07:42.260 : 000253.jpg - PSNR: 38.02 dB; SSIM: 0.9619.
24-06-18 13:07:42.949 : 000254.jpg - PSNR: 36.04 dB; SSIM: 0.9549.
24-06-18 13:07:43.750 : 000255.jpg - PSNR: 36.88 dB; SSIM: 0.9622.
24-06-18 13:07:44.656 : 000256.jpg - PSNR: 38.11 dB; SSIM: 0.9612.
24-06-18 13:07:45.471 : 000257.jpg - PSNR: 35.26 dB; SSIM: 0.9496.
24-06-18 13:07:46.383 : 000258.jpg - PSNR: 35.58 dB; SSIM: 0.9515.
24-06-18 13:07:47.416 : 000259.jpg - PSNR: 37.63 dB; SSIM: 0.9547.
24-06-18 13:07:48.033 : 000260.jpg - PSNR: 37.24 dB; SSIM: 0.9369.
24-06-18 13:07:48.972 : 000261.jpg - PSNR: 36.71 dB; SSIM: 0.9540.
24-06-18 13:07:49.691 : 000262.jpg - PSNR: 36.25 dB; SSIM: 0.9356.
24-06-18 13:07:50.326 : 000263.jpg - PSNR: 37.61 dB; SSIM: 0.9484.
24-06-18 13:07:51.263 : 000264.jpg - PSNR: 37.20 dB; SSIM: 0.9570.
24-06-18 13:07:52.101 : 000265.jpg - PSNR: 36.92 dB; SSIM: 0.9491.
24-06-18 13:07:52.976 : 000266.jpg - PSNR: 36.49 dB; SSIM: 0.9582.
24-06-18 13:07:53.748 : 000267.jpg - PSNR: 34.41 dB; SSIM: 0.9190.
24-06-18 13:07:54.783 : 000268.jpg - PSNR: 39.44 dB; SSIM: 0.9431.
24-06-18 13:07:55.670 : 000269.jpg - PSNR: 36.18 dB; SSIM: 0.9558.
24-06-18 13:07:56.416 : 000270.jpg - PSNR: 36.25 dB; SSIM: 0.9550.
24-06-18 13:07:57.098 : 000271.jpg - PSNR: 37.03 dB; SSIM: 0.9582.
24-06-18 13:07:57.840 : 000272.jpg - PSNR: 36.99 dB; SSIM: 0.9650.
24-06-18 13:07:58.849 : 000273.jpg - PSNR: 35.51 dB; SSIM: 0.9538.
24-06-18 13:07:59.639 : 000274.jpg - PSNR: 38.60 dB; SSIM: 0.9686.
24-06-18 13:08:00.482 : 000275.jpg - PSNR: 36.83 dB; SSIM: 0.9389.
24-06-18 13:08:01.427 : 000276.jpg - PSNR: 33.62 dB; SSIM: 0.9327.
24-06-18 13:08:02.515 : 000277.jpg - PSNR: 35.41 dB; SSIM: 0.9562.
24-06-18 13:08:03.511 : 000278.jpg - PSNR: 36.74 dB; SSIM: 0.9637.
24-06-18 13:08:04.324 : 000279.jpg - PSNR: 37.56 dB; SSIM: 0.9552.
24-06-18 13:08:05.015 : 000280.jpg - PSNR: 38.68 dB; SSIM: 0.9671.
24-06-18 13:08:05.741 : 000281.jpg - PSNR: 35.88 dB; SSIM: 0.9562.
24-06-18 13:08:06.757 : 000282.jpg - PSNR: 37.47 dB; SSIM: 0.9528.
24-06-18 13:08:07.481 : 000283.jpg - PSNR: 36.46 dB; SSIM: 0.9649.
24-06-18 13:08:08.136 : 000284.jpg - PSNR: 37.37 dB; SSIM: 0.9554.
24-06-18 13:08:09.063 : 000285.jpg - PSNR: 36.90 dB; SSIM: 0.9492.
24-06-18 13:08:09.823 : 000286.jpg - PSNR: 37.72 dB; SSIM: 0.9523.
24-06-18 13:08:10.614 : 000287.jpg - PSNR: 37.42 dB; SSIM: 0.9628.
24-06-18 13:08:11.357 : 000288.jpg - PSNR: 37.02 dB; SSIM: 0.9515.
24-06-18 13:08:12.145 : 000289.jpg - PSNR: 37.26 dB; SSIM: 0.9690.
24-06-18 13:08:12.982 : 000290.jpg - PSNR: 38.01 dB; SSIM: 0.9666.
24-06-18 13:08:13.715 : 000291.jpg - PSNR: 34.00 dB; SSIM: 0.9530.
24-06-18 13:08:14.413 : 000292.jpg - PSNR: 35.71 dB; SSIM: 0.9533.
24-06-18 13:08:14.978 : 000293.jpg - PSNR: 37.85 dB; SSIM: 0.9450.
24-06-18 13:08:15.558 : 000294.jpg - PSNR: 35.05 dB; SSIM: 0.9258.
24-06-18 13:08:16.591 : 000295.jpg - PSNR: 36.00 dB; SSIM: 0.9580.
24-06-18 13:08:17.277 : 000296.jpg - PSNR: 36.98 dB; SSIM: 0.9447.
24-06-18 13:08:18.031 : 000297.jpg - PSNR: 38.66 dB; SSIM: 0.9486.
24-06-18 13:08:18.713 : 000298.jpg - PSNR: 37.69 dB; SSIM: 0.9508.
24-06-18 13:08:19.629 : 000299.jpg - PSNR: 38.00 dB; SSIM: 0.9610.
24-06-18 13:08:20.358 : 000300.jpg - PSNR: 36.32 dB; SSIM: 0.9556.
24-06-18 13:08:21.087 : 000301.jpg - PSNR: 35.76 dB; SSIM: 0.9441.
24-06-18 13:08:21.811 : 000302.jpg - PSNR: 36.49 dB; SSIM: 0.9541.
24-06-18 13:08:22.486 : 000303.jpg - PSNR: 36.43 dB; SSIM: 0.9550.
24-06-18 13:08:23.558 : 000304.jpg - PSNR: 36.01 dB; SSIM: 0.9471.
24-06-18 13:08:24.765 : 000305.jpg - PSNR: 35.65 dB; SSIM: 0.9507.
24-06-18 13:08:25.604 : 000306.jpg - PSNR: 35.29 dB; SSIM: 0.9480.
24-06-18 13:08:26.411 : 000307.jpg - PSNR: 35.87 dB; SSIM: 0.9523.
24-06-18 13:08:27.473 : 000308.jpg - PSNR: 36.33 dB; SSIM: 0.9625.
24-06-18 13:08:28.735 : 000309.jpg - PSNR: 37.16 dB; SSIM: 0.9111.
24-06-18 13:08:29.627 : 000310.jpg - PSNR: 36.62 dB; SSIM: 0.9574.
24-06-18 13:08:30.291 : 000311.jpg - PSNR: 35.39 dB; SSIM: 0.9518.
24-06-18 13:08:30.943 : 000312.jpg - PSNR: 35.56 dB; SSIM: 0.9206.
24-06-18 13:08:31.740 : 000313.jpg - PSNR: 38.48 dB; SSIM: 0.9582.
24-06-18 13:08:32.898 : 000314.jpg - PSNR: 38.90 dB; SSIM: 0.9693.
24-06-18 13:08:33.736 : 000315.jpg - PSNR: 39.62 dB; SSIM: 0.9804.
24-06-18 13:08:34.673 : 000316.jpg - PSNR: 34.30 dB; SSIM: 0.9361.
24-06-18 13:08:35.716 : 000317.jpg - PSNR: 35.48 dB; SSIM: 0.9604.
24-06-18 13:08:36.542 : 000318.jpg - PSNR: 36.27 dB; SSIM: 0.9422.
24-06-18 13:08:37.751 : 000319.jpg - PSNR: 34.57 dB; SSIM: 0.9566.
24-06-18 13:08:38.796 : 000320.jpg - PSNR: 36.62 dB; SSIM: 0.9575.
24-06-18 13:08:39.614 : 000321.jpg - PSNR: 36.97 dB; SSIM: 0.9351.
24-06-18 13:08:40.474 : 000322.jpg - PSNR: 35.02 dB; SSIM: 0.9517.
24-06-18 13:08:41.101 : 000323.jpg - PSNR: 37.00 dB; SSIM: 0.9519.
24-06-18 13:08:41.670 : 000324.jpg - PSNR: 35.40 dB; SSIM: 0.9587.
24-06-18 13:08:42.297 : 000325.jpg - PSNR: 36.35 dB; SSIM: 0.9527.
24-06-18 13:08:43.250 : 000326.jpg - PSNR: 36.88 dB; SSIM: 0.9632.
24-06-18 13:08:44.164 : 000327.jpg - PSNR: 36.04 dB; SSIM: 0.9442.
24-06-18 13:08:45.053 : 000328.jpg - PSNR: 37.12 dB; SSIM: 0.9587.
24-06-18 13:08:45.924 : 000329.jpg - PSNR: 36.61 dB; SSIM: 0.9436.
24-06-18 13:08:46.996 : 000330.jpg - PSNR: 37.75 dB; SSIM: 0.9630.
24-06-18 13:08:47.861 : 000331.jpg - PSNR: 35.97 dB; SSIM: 0.9588.
24-06-18 13:08:48.600 : 000332.jpg - PSNR: 36.90 dB; SSIM: 0.9516.
24-06-18 13:08:49.499 : 000333.jpg - PSNR: 34.82 dB; SSIM: 0.9464.
24-06-18 13:08:50.292 : 000334.jpg - PSNR: 35.97 dB; SSIM: 0.9633.
24-06-18 13:08:50.958 : 000335.jpg - PSNR: 36.82 dB; SSIM: 0.9634.
24-06-18 13:08:51.893 : 000336.jpg - PSNR: 38.55 dB; SSIM: 0.9630.
24-06-18 13:08:52.680 : 000337.jpg - PSNR: 36.67 dB; SSIM: 0.9596.
24-06-18 13:08:53.303 : 000338.jpg - PSNR: 39.11 dB; SSIM: 0.9689.
24-06-18 13:08:53.924 : 000339.jpg - PSNR: 38.07 dB; SSIM: 0.9649.
24-06-18 13:08:54.993 : 000340.jpg - PSNR: 37.17 dB; SSIM: 0.9552.
24-06-18 13:08:56.116 : 000341.jpg - PSNR: 36.61 dB; SSIM: 0.9563.
24-06-18 13:08:57.160 : 000342.jpg - PSNR: 37.33 dB; SSIM: 0.9612.
24-06-18 13:08:58.221 : 000343.jpg - PSNR: 37.08 dB; SSIM: 0.9556.
24-06-18 13:08:59.469 : 000344.jpg - PSNR: 35.31 dB; SSIM: 0.9438.
24-06-18 13:09:00.648 : 000345.jpg - PSNR: 35.59 dB; SSIM: 0.9510.
24-06-18 13:09:01.606 : 000346.jpg - PSNR: 35.70 dB; SSIM: 0.9604.
24-06-18 13:09:02.807 : 000347.jpg - PSNR: 37.73 dB; SSIM: 0.9602.
24-06-18 13:09:04.129 : 000348.jpg - PSNR: 33.92 dB; SSIM: 0.9432.
24-06-18 13:09:05.349 : 000349.jpg - PSNR: 35.99 dB; SSIM: 0.9553.
24-06-18 13:09:06.667 : 000350.jpg - PSNR: 36.75 dB; SSIM: 0.9623.
24-06-18 13:09:07.249 : 000351.jpg - PSNR: 37.30 dB; SSIM: 0.9626.
24-06-18 13:09:07.994 : 000352.jpg - PSNR: 36.18 dB; SSIM: 0.9586.
24-06-18 13:09:08.707 : 000353.jpg - PSNR: 37.39 dB; SSIM: 0.9469.
24-06-18 13:09:09.623 : 000354.jpg - PSNR: 37.02 dB; SSIM: 0.9448.
24-06-18 13:09:10.615 : 000355.jpg - PSNR: 37.07 dB; SSIM: 0.9677.
24-06-18 13:09:11.312 : 000356.jpg - PSNR: 37.95 dB; SSIM: 0.9710.
24-06-18 13:09:12.400 : 000357.jpg - PSNR: 34.33 dB; SSIM: 0.9362.
24-06-18 13:09:13.447 : 000358.jpg - PSNR: 38.52 dB; SSIM: 0.9617.
24-06-18 13:09:14.303 : 000359.jpg - PSNR: 36.55 dB; SSIM: 0.9494.
24-06-18 13:09:15.426 : 000360.jpg - PSNR: 38.11 dB; SSIM: 0.9662.
24-06-18 13:09:16.527 : 000361.jpg - PSNR: 36.90 dB; SSIM: 0.9559.
24-06-18 13:09:17.491 : 000362.jpg - PSNR: 36.02 dB; SSIM: 0.9431.
24-06-18 13:09:18.418 : 000363.jpg - PSNR: 35.83 dB; SSIM: 0.9510.
24-06-18 13:09:19.522 : 000364.jpg - PSNR: 37.30 dB; SSIM: 0.9699.
24-06-18 13:09:20.574 : 000365.jpg - PSNR: 35.22 dB; SSIM: 0.9552.
24-06-18 13:09:21.550 : 000366.jpg - PSNR: 36.47 dB; SSIM: 0.9497.
24-06-18 13:09:22.640 : 000367.jpg - PSNR: 37.50 dB; SSIM: 0.9631.
24-06-18 13:09:23.434 : 000368.jpg - PSNR: 35.20 dB; SSIM: 0.9548.
24-06-18 13:09:24.348 : 000369.jpg - PSNR: 36.47 dB; SSIM: 0.9389.
24-06-18 13:09:25.051 : 000370.jpg - PSNR: 37.81 dB; SSIM: 0.9519.
24-06-18 13:09:25.940 : 000371.jpg - PSNR: 39.23 dB; SSIM: 0.9661.
24-06-18 13:09:26.927 : 000372.jpg - PSNR: 36.95 dB; SSIM: 0.9616.
24-06-18 13:09:27.742 : 000373.jpg - PSNR: 36.79 dB; SSIM: 0.9558.
24-06-18 13:09:28.753 : 000374.jpg - PSNR: 36.76 dB; SSIM: 0.9510.
24-06-18 13:09:29.607 : 000375.jpg - PSNR: 35.20 dB; SSIM: 0.9503.
24-06-18 13:09:30.346 : 000376.jpg - PSNR: 38.92 dB; SSIM: 0.9672.
24-06-18 13:09:30.988 : 000377.jpg - PSNR: 36.65 dB; SSIM: 0.9631.
24-06-18 13:09:31.878 : 000378.jpg - PSNR: 37.60 dB; SSIM: 0.9680.
24-06-18 13:09:32.860 : 000379.jpg - PSNR: 37.31 dB; SSIM: 0.9696.
24-06-18 13:09:33.374 : 000380.jpg - PSNR: 35.38 dB; SSIM: 0.9577.
24-06-18 13:09:33.918 : 000381.jpg - PSNR: 35.08 dB; SSIM: 0.9417.
24-06-18 13:09:34.478 : 000382.jpg - PSNR: 35.83 dB; SSIM: 0.9492.
24-06-18 13:09:35.456 : 000383.jpg - PSNR: 35.86 dB; SSIM: 0.9555.
24-06-18 13:09:36.271 : 000384.jpg - PSNR: 35.53 dB; SSIM: 0.9604.
24-06-18 13:09:37.181 : 000385.jpg - PSNR: 37.68 dB; SSIM: 0.9603.
24-06-18 13:09:37.858 : 000386.jpg - PSNR: 36.95 dB; SSIM: 0.9576.
24-06-18 13:09:38.815 : 000387.jpg - PSNR: 36.98 dB; SSIM: 0.9523.
24-06-18 13:09:39.962 : 000388.jpg - PSNR: 35.38 dB; SSIM: 0.9459.
24-06-18 13:09:40.522 : 000389.jpg - PSNR: 38.85 dB; SSIM: 0.9677.
24-06-18 13:09:41.330 : 000390.jpg - PSNR: 35.50 dB; SSIM: 0.9468.
24-06-18 13:09:42.281 : 000391.jpg - PSNR: 38.05 dB; SSIM: 0.9614.
24-06-18 13:09:43.136 : 000392.jpg - PSNR: 37.53 dB; SSIM: 0.9569.
24-06-18 13:09:43.827 : 000393.jpg - PSNR: 37.58 dB; SSIM: 0.9595.
24-06-18 13:09:44.552 : 000394.jpg - PSNR: 36.13 dB; SSIM: 0.9517.
24-06-18 13:09:45.410 : 000395.jpg - PSNR: 33.72 dB; SSIM: 0.9374.
24-06-18 13:09:46.117 : 000396.jpg - PSNR: 35.96 dB; SSIM: 0.9649.
24-06-18 13:09:46.891 : 000397.jpg - PSNR: 34.06 dB; SSIM: 0.9398.
24-06-18 13:09:47.664 : 000398.jpg - PSNR: 37.99 dB; SSIM: 0.9726.
24-06-18 13:09:48.706 : 000399.jpg - PSNR: 36.27 dB; SSIM: 0.9560.
24-06-18 13:09:49.817 : 000400.jpg - PSNR: 38.30 dB; SSIM: 0.9520.
24-06-18 13:09:50.843 : 000401.jpg - PSNR: 37.05 dB; SSIM: 0.9519.
24-06-18 13:09:51.674 : 000402.jpg - PSNR: 36.88 dB; SSIM: 0.9551.
24-06-18 13:09:52.799 : 000403.jpg - PSNR: 36.55 dB; SSIM: 0.9511.
24-06-18 13:09:53.972 : 000404.jpg - PSNR: 37.03 dB; SSIM: 0.9505.
24-06-18 13:09:54.794 : 000405.jpg - PSNR: 31.83 dB; SSIM: 0.9170.
24-06-18 13:09:55.436 : 000406.jpg - PSNR: 36.98 dB; SSIM: 0.9602.
24-06-18 13:09:56.248 : 000407.jpg - PSNR: 35.95 dB; SSIM: 0.9581.
24-06-18 13:09:57.029 : 000408.jpg - PSNR: 35.21 dB; SSIM: 0.9574.
24-06-18 13:09:57.805 : 000409.jpg - PSNR: 36.86 dB; SSIM: 0.9572.
24-06-18 13:09:58.517 : 000410.jpg - PSNR: 37.79 dB; SSIM: 0.9528.
24-06-18 13:09:59.427 : 000411.jpg - PSNR: 36.17 dB; SSIM: 0.9614.
24-06-18 13:10:00.141 : 000412.jpg - PSNR: 37.10 dB; SSIM: 0.9568.
24-06-18 13:10:01.155 : 000413.jpg - PSNR: 37.02 dB; SSIM: 0.9421.
24-06-18 13:10:01.725 : 000414.jpg - PSNR: 36.97 dB; SSIM: 0.9636.
24-06-18 13:10:02.540 : 000415.jpg - PSNR: 37.36 dB; SSIM: 0.9636.
24-06-18 13:10:03.092 : 000416.jpg - PSNR: 37.59 dB; SSIM: 0.9650.
24-06-18 13:10:03.785 : 000417.jpg - PSNR: 37.75 dB; SSIM: 0.9517.
24-06-18 13:10:04.430 : 000418.jpg - PSNR: 38.67 dB; SSIM: 0.9580.
24-06-18 13:10:05.123 : 000419.jpg - PSNR: 38.05 dB; SSIM: 0.9635.
24-06-18 13:10:05.810 : 000420.jpg - PSNR: 34.67 dB; SSIM: 0.9431.
24-06-18 13:10:06.660 : 000421.jpg - PSNR: 36.77 dB; SSIM: 0.9626.
24-06-18 13:10:07.508 : 000422.jpg - PSNR: 35.38 dB; SSIM: 0.9555.
24-06-18 13:10:08.355 : 000423.jpg - PSNR: 37.60 dB; SSIM: 0.9591.
24-06-18 13:10:09.277 : 000424.jpg - PSNR: 36.76 dB; SSIM: 0.9456.
24-06-18 13:10:09.891 : 000425.jpg - PSNR: 38.15 dB; SSIM: 0.9589.
24-06-18 13:10:10.932 : 000426.jpg - PSNR: 37.34 dB; SSIM: 0.9634.
24-06-18 13:10:11.594 : 000427.jpg - PSNR: 39.87 dB; SSIM: 0.9775.
24-06-18 13:10:12.745 : 000428.jpg - PSNR: 36.71 dB; SSIM: 0.9667.
24-06-18 13:10:13.797 : 000429.jpg - PSNR: 34.59 dB; SSIM: 0.9466.
24-06-18 13:10:14.997 : 000430.jpg - PSNR: 36.34 dB; SSIM: 0.9637.
24-06-18 13:10:15.814 : 000431.jpg - PSNR: 33.90 dB; SSIM: 0.9474.
24-06-18 13:10:16.526 : 000432.jpg - PSNR: 34.05 dB; SSIM: 0.9395.
24-06-18 13:10:17.392 : 000433.jpg - PSNR: 37.88 dB; SSIM: 0.9597.
24-06-18 13:10:18.357 : 000434.jpg - PSNR: 36.93 dB; SSIM: 0.9531.
24-06-18 13:10:19.080 : 000435.jpg - PSNR: 35.73 dB; SSIM: 0.9491.
24-06-18 13:10:20.008 : 000436.jpg - PSNR: 36.31 dB; SSIM: 0.9447.
24-06-18 13:10:20.957 : 000437.jpg - PSNR: 36.22 dB; SSIM: 0.9511.
24-06-18 13:10:21.576 : 000438.jpg - PSNR: 37.11 dB; SSIM: 0.9434.
24-06-18 13:10:22.364 : 000439.jpg - PSNR: 37.33 dB; SSIM: 0.9622.
24-06-18 13:10:23.099 : 000440.jpg - PSNR: 37.75 dB; SSIM: 0.9633.
24-06-18 13:10:23.880 : 000441.jpg - PSNR: 34.00 dB; SSIM: 0.9177.
24-06-18 13:10:24.748 : 000442.jpg - PSNR: 35.34 dB; SSIM: 0.9518.
24-06-18 13:10:25.671 : 000443.jpg - PSNR: 34.87 dB; SSIM: 0.9523.
24-06-18 13:10:26.815 : 000444.jpg - PSNR: 34.27 dB; SSIM: 0.9489.
24-06-18 13:10:27.570 : 000445.jpg - PSNR: 34.37 dB; SSIM: 0.9462.
24-06-18 13:10:28.504 : 000446.jpg - PSNR: 36.88 dB; SSIM: 0.9599.
24-06-18 13:10:29.529 : 000447.jpg - PSNR: 37.07 dB; SSIM: 0.9559.
24-06-18 13:10:30.263 : 000448.jpg - PSNR: 37.01 dB; SSIM: 0.9620.
24-06-18 13:10:31.274 : 000449.jpg - PSNR: 36.22 dB; SSIM: 0.9555.
24-06-18 13:10:31.970 : 000450.jpg - PSNR: 35.87 dB; SSIM: 0.9483.
24-06-18 13:10:32.670 : 000451.jpg - PSNR: 35.30 dB; SSIM: 0.9655.
24-06-18 13:10:33.518 : 000452.jpg - PSNR: 37.03 dB; SSIM: 0.9602.
24-06-18 13:10:34.523 : 000453.jpg - PSNR: 37.78 dB; SSIM: 0.9568.
24-06-18 13:10:35.507 : 000454.jpg - PSNR: 37.70 dB; SSIM: 0.9631.
24-06-18 13:10:36.104 : 000455.jpg - PSNR: 35.36 dB; SSIM: 0.9443.
24-06-18 13:10:37.077 : 000456.jpg - PSNR: 37.69 dB; SSIM: 0.9605.
24-06-18 13:10:37.998 : 000457.jpg - PSNR: 36.17 dB; SSIM: 0.9480.
24-06-18 13:10:38.963 : 000458.jpg - PSNR: 35.12 dB; SSIM: 0.9306.
24-06-18 13:10:39.695 : 000459.jpg - PSNR: 35.41 dB; SSIM: 0.9524.
24-06-18 13:10:40.453 : 000460.jpg - PSNR: 33.80 dB; SSIM: 0.9478.
24-06-18 13:10:41.276 : 000461.jpg - PSNR: 36.31 dB; SSIM: 0.9679.
24-06-18 13:10:42.237 : 000462.jpg - PSNR: 36.96 dB; SSIM: 0.9418.
24-06-18 13:10:43.134 : 000463.jpg - PSNR: 36.59 dB; SSIM: 0.9556.
24-06-18 13:10:44.023 : 000464.jpg - PSNR: 37.95 dB; SSIM: 0.9708.
24-06-18 13:10:45.022 : 000465.jpg - PSNR: 37.53 dB; SSIM: 0.9591.
24-06-18 13:10:45.936 : 000466.jpg - PSNR: 36.19 dB; SSIM: 0.9568.
24-06-18 13:10:46.892 : 000467.jpg - PSNR: 37.87 dB; SSIM: 0.9607.
24-06-18 13:10:47.840 : 000468.jpg - PSNR: 33.95 dB; SSIM: 0.9401.
24-06-18 13:10:48.645 : 000469.jpg - PSNR: 33.44 dB; SSIM: 0.9353.
24-06-18 13:10:49.470 : 000470.jpg - PSNR: 36.90 dB; SSIM: 0.9628.
24-06-18 13:10:50.146 : 000471.jpg - PSNR: 35.52 dB; SSIM: 0.9543.
24-06-18 13:10:51.013 : 000472.jpg - PSNR: 37.38 dB; SSIM: 0.9602.
24-06-18 13:10:51.588 : 000473.jpg - PSNR: 36.34 dB; SSIM: 0.9527.
24-06-18 13:10:52.220 : 000474.jpg - PSNR: 38.23 dB; SSIM: 0.9687.
24-06-18 13:10:53.053 : 000475.jpg - PSNR: 35.46 dB; SSIM: 0.9565.
24-06-18 13:10:54.193 : 000476.jpg - PSNR: 35.62 dB; SSIM: 0.9562.
24-06-18 13:10:55.262 : 000477.jpg - PSNR: 37.02 dB; SSIM: 0.9468.
24-06-18 13:10:56.250 : 000478.jpg - PSNR: 34.75 dB; SSIM: 0.9669.
24-06-18 13:10:57.315 : 000479.jpg - PSNR: 37.05 dB; SSIM: 0.9617.
24-06-18 13:10:58.290 : 000480.jpg - PSNR: 34.69 dB; SSIM: 0.9647.
24-06-18 13:10:59.259 : 000481.jpg - PSNR: 34.88 dB; SSIM: 0.9462.
24-06-18 13:11:00.068 : 000482.jpg - PSNR: 35.66 dB; SSIM: 0.9651.
24-06-18 13:11:01.018 : 000483.jpg - PSNR: 36.35 dB; SSIM: 0.9609.
24-06-18 13:11:01.960 : 000484.jpg - PSNR: 38.34 dB; SSIM: 0.9474.
24-06-18 13:11:02.954 : 000485.jpg - PSNR: 36.10 dB; SSIM: 0.9648.
24-06-18 13:11:03.885 : 000486.jpg - PSNR: 36.27 dB; SSIM: 0.9451.
24-06-18 13:11:04.617 : 000487.jpg - PSNR: 34.82 dB; SSIM: 0.9612.
24-06-18 13:11:05.698 : 000488.jpg - PSNR: 36.45 dB; SSIM: 0.9445.
24-06-18 13:11:06.343 : 000489.jpg - PSNR: 36.73 dB; SSIM: 0.9591.
24-06-18 13:11:07.275 : 000490.jpg - PSNR: 36.34 dB; SSIM: 0.9352.
24-06-18 13:11:08.486 : 000491.jpg - PSNR: 34.30 dB; SSIM: 0.9255.
24-06-18 13:11:09.258 : 000492.jpg - PSNR: 35.49 dB; SSIM: 0.9490.
24-06-18 13:11:10.319 : 000493.jpg - PSNR: 34.93 dB; SSIM: 0.9522.
24-06-18 13:11:11.828 : 000494.jpg - PSNR: 37.04 dB; SSIM: 0.9696.
24-06-18 13:11:12.879 : 000495.jpg - PSNR: 35.43 dB; SSIM: 0.9525.
24-06-18 13:11:13.624 : 000496.jpg - PSNR: 37.01 dB; SSIM: 0.9629.
24-06-18 13:11:14.413 : 000497.jpg - PSNR: 34.52 dB; SSIM: 0.9624.
24-06-18 13:11:15.628 : 000498.jpg - PSNR: 37.18 dB; SSIM: 0.9455.
24-06-18 13:11:16.319 : 000499.jpg - PSNR: 36.39 dB; SSIM: 0.9621.
24-06-18 13:11:17.729 : 000500.jpg - PSNR: 35.76 dB; SSIM: 0.9463.
24-06-18 13:11:17.732 : Average PSNR/SSIM(RGB) - input_scunet_color_15 - PSNR: 36.47 dB; SSIM: 0.9540
