24-06-18 15:16:06.273 : Model path: model_zoo\scunet_color_25.pth
24-06-18 15:16:06.277 : Params number: 17946072
24-06-18 15:16:06.277 : model_name:scunet_color_25, image sigma:25
24-06-18 15:16:06.278 : testsets\input
24-06-18 15:16:06.285 :          #Params : 17.9461 [M]
24-06-18 15:16:10.259 : 000001.jpg - PSNR: 29.58 dB; SSIM: 0.9274.
24-06-18 15:16:10.730 : 000002.jpg - PSNR: 33.11 dB; SSIM: 0.9328.
24-06-18 15:16:10.990 : 000003.jpg - PSNR: 37.72 dB; SSIM: 0.9599.
24-06-18 15:16:11.243 : 000004.jpg - PSNR: 29.18 dB; SSIM: 0.8711.
24-06-18 15:16:11.580 : 000005.jpg - PSNR: 35.30 dB; SSIM: 0.9554.
24-06-18 15:16:11.856 : 000006.jpg - PSNR: 32.25 dB; SSIM: 0.9251.
24-06-18 15:16:12.125 : 000007.jpg - PSNR: 32.58 dB; SSIM: 0.9284.
24-06-18 15:16:12.401 : 000008.jpg - PSNR: 33.78 dB; SSIM: 0.9351.
24-06-18 15:16:12.646 : 000009.jpg - PSNR: 31.46 dB; SSIM: 0.9066.
24-06-18 15:16:12.921 : 000010.jpg - PSNR: 33.50 dB; SSIM: 0.9233.
24-06-18 15:16:13.196 : 000011.jpg - PSNR: 37.12 dB; SSIM: 0.9555.
24-06-18 15:16:13.583 : 000012.jpg - PSNR: 35.89 dB; SSIM: 0.9500.
24-06-18 15:16:13.835 : 000013.jpg - PSNR: 32.59 dB; SSIM: 0.9266.
24-06-18 15:16:14.091 : 000014.jpg - PSNR: 34.22 dB; SSIM: 0.9260.
24-06-18 15:16:14.389 : 000015.jpg - PSNR: 33.98 dB; SSIM: 0.9437.
24-06-18 15:16:14.710 : 000016.jpg - PSNR: 35.27 dB; SSIM: 0.9277.
24-06-18 15:16:15.003 : 000017.jpg - PSNR: 36.12 dB; SSIM: 0.9546.
24-06-18 15:16:15.261 : 000018.jpg - PSNR: 31.59 dB; SSIM: 0.9289.
24-06-18 15:16:15.559 : 000019.jpg - PSNR: 33.13 dB; SSIM: 0.9355.
24-06-18 15:16:15.809 : 000020.jpg - PSNR: 32.69 dB; SSIM: 0.9204.
24-06-18 15:16:16.050 : 000021.jpg - PSNR: 34.50 dB; SSIM: 0.9128.
24-06-18 15:16:16.294 : 000022.jpg - PSNR: 34.88 dB; SSIM: 0.9441.
24-06-18 15:16:16.585 : 000023.jpg - PSNR: 32.37 dB; SSIM: 0.9236.
24-06-18 15:16:16.864 : 000024.jpg - PSNR: 32.23 dB; SSIM: 0.9179.
24-06-18 15:16:17.114 : 000025.jpg - PSNR: 33.93 dB; SSIM: 0.8937.
24-06-18 15:16:17.351 : 000026.jpg - PSNR: 34.00 dB; SSIM: 0.9270.
24-06-18 15:16:17.615 : 000027.jpg - PSNR: 35.51 dB; SSIM: 0.9256.
24-06-18 15:16:17.864 : 000028.jpg - PSNR: 32.79 dB; SSIM: 0.9109.
24-06-18 15:16:18.131 : 000029.jpg - PSNR: 33.73 dB; SSIM: 0.9307.
24-06-18 15:16:18.387 : 000030.jpg - PSNR: 32.56 dB; SSIM: 0.8994.
24-06-18 15:16:18.655 : 000031.jpg - PSNR: 32.99 dB; SSIM: 0.8967.
24-06-18 15:16:18.908 : 000032.jpg - PSNR: 33.73 dB; SSIM: 0.9352.
24-06-18 15:16:19.174 : 000033.jpg - PSNR: 35.24 dB; SSIM: 0.9401.
24-06-18 15:16:19.491 : 000034.jpg - PSNR: 35.10 dB; SSIM: 0.9346.
24-06-18 15:16:19.812 : 000035.jpg - PSNR: 32.15 dB; SSIM: 0.8962.
24-06-18 15:16:20.066 : 000036.jpg - PSNR: 35.55 dB; SSIM: 0.9367.
24-06-18 15:16:20.341 : 000037.jpg - PSNR: 34.01 dB; SSIM: 0.9311.
24-06-18 15:16:20.589 : 000038.jpg - PSNR: 32.75 dB; SSIM: 0.9309.
24-06-18 15:16:20.834 : 000039.jpg - PSNR: 33.28 dB; SSIM: 0.9235.
24-06-18 15:16:21.075 : 000040.jpg - PSNR: 34.32 dB; SSIM: 0.9408.
24-06-18 15:16:21.399 : 000041.jpg - PSNR: 34.52 dB; SSIM: 0.9205.
24-06-18 15:16:21.667 : 000042.jpg - PSNR: 33.36 dB; SSIM: 0.9253.
24-06-18 15:16:21.941 : 000043.jpg - PSNR: 34.07 dB; SSIM: 0.9222.
24-06-18 15:16:22.328 : 000044.jpg - PSNR: 29.47 dB; SSIM: 0.8830.
24-06-18 15:16:22.628 : 000045.jpg - PSNR: 31.84 dB; SSIM: 0.9085.
24-06-18 15:16:22.904 : 000046.jpg - PSNR: 35.64 dB; SSIM: 0.9503.
24-06-18 15:16:23.174 : 000047.jpg - PSNR: 35.52 dB; SSIM: 0.9284.
24-06-18 15:16:23.442 : 000048.jpg - PSNR: 36.64 dB; SSIM: 0.9503.
24-06-18 15:16:23.744 : 000049.jpg - PSNR: 36.74 dB; SSIM: 0.9453.
24-06-18 15:16:23.998 : 000050.jpg - PSNR: 35.52 dB; SSIM: 0.9292.
24-06-18 15:16:24.230 : 000051.jpg - PSNR: 32.56 dB; SSIM: 0.9087.
24-06-18 15:16:24.491 : 000052.jpg - PSNR: 32.86 dB; SSIM: 0.9066.
24-06-18 15:16:24.747 : 000053.jpg - PSNR: 34.10 dB; SSIM: 0.9273.
24-06-18 15:16:25.003 : 000054.jpg - PSNR: 31.12 dB; SSIM: 0.9131.
24-06-18 15:16:25.267 : 000055.jpg - PSNR: 35.69 dB; SSIM: 0.9347.
24-06-18 15:16:25.513 : 000056.jpg - PSNR: 35.60 dB; SSIM: 0.9333.
24-06-18 15:16:25.747 : 000057.jpg - PSNR: 36.65 dB; SSIM: 0.9566.
24-06-18 15:16:25.988 : 000058.jpg - PSNR: 34.24 dB; SSIM: 0.9280.
24-06-18 15:16:26.254 : 000059.jpg - PSNR: 32.33 dB; SSIM: 0.8997.
24-06-18 15:16:26.509 : 000060.jpg - PSNR: 32.00 dB; SSIM: 0.9181.
24-06-18 15:16:26.755 : 000061.jpg - PSNR: 36.19 dB; SSIM: 0.9527.
24-06-18 15:16:26.979 : 000062.jpg - PSNR: 35.06 dB; SSIM: 0.9187.
24-06-18 15:16:27.302 : 000063.jpg - PSNR: 33.72 dB; SSIM: 0.9321.
24-06-18 15:16:27.582 : 000064.jpg - PSNR: 34.99 dB; SSIM: 0.9490.
24-06-18 15:16:27.820 : 000065.jpg - PSNR: 37.72 dB; SSIM: 0.9624.
24-06-18 15:16:28.087 : 000066.jpg - PSNR: 35.36 dB; SSIM: 0.9418.
24-06-18 15:16:28.312 : 000067.jpg - PSNR: 33.33 dB; SSIM: 0.9250.
24-06-18 15:16:28.574 : 000068.jpg - PSNR: 33.00 dB; SSIM: 0.9034.
24-06-18 15:16:28.828 : 000069.jpg - PSNR: 34.38 dB; SSIM: 0.9483.
24-06-18 15:16:29.079 : 000070.jpg - PSNR: 34.65 dB; SSIM: 0.9373.
24-06-18 15:16:29.343 : 000071.jpg - PSNR: 33.58 dB; SSIM: 0.9231.
24-06-18 15:16:29.622 : 000072.jpg - PSNR: 33.91 dB; SSIM: 0.9209.
24-06-18 15:16:29.885 : 000073.jpg - PSNR: 32.42 dB; SSIM: 0.8986.
24-06-18 15:16:30.139 : 000074.jpg - PSNR: 32.20 dB; SSIM: 0.9344.
24-06-18 15:16:30.379 : 000075.jpg - PSNR: 33.32 dB; SSIM: 0.8988.
24-06-18 15:16:30.624 : 000076.jpg - PSNR: 33.83 dB; SSIM: 0.9436.
24-06-18 15:16:30.887 : 000077.jpg - PSNR: 32.96 dB; SSIM: 0.9124.
24-06-18 15:16:31.148 : 000078.jpg - PSNR: 32.91 dB; SSIM: 0.9048.
24-06-18 15:16:31.418 : 000079.jpg - PSNR: 34.31 dB; SSIM: 0.9348.
24-06-18 15:16:31.677 : 000080.jpg - PSNR: 32.00 dB; SSIM: 0.8973.
24-06-18 15:16:31.976 : 000081.jpg - PSNR: 33.63 dB; SSIM: 0.9201.
24-06-18 15:16:32.234 : 000082.jpg - PSNR: 32.46 dB; SSIM: 0.8827.
24-06-18 15:16:32.475 : 000083.jpg - PSNR: 33.62 dB; SSIM: 0.9217.
24-06-18 15:16:32.731 : 000084.jpg - PSNR: 35.10 dB; SSIM: 0.9438.
24-06-18 15:16:33.004 : 000085.jpg - PSNR: 28.93 dB; SSIM: 0.8873.
24-06-18 15:16:33.255 : 000086.jpg - PSNR: 34.98 dB; SSIM: 0.9458.
24-06-18 15:16:33.513 : 000087.jpg - PSNR: 36.23 dB; SSIM: 0.9220.
24-06-18 15:16:33.756 : 000088.jpg - PSNR: 30.92 dB; SSIM: 0.9022.
24-06-18 15:16:34.071 : 000089.jpg - PSNR: 32.45 dB; SSIM: 0.9105.
24-06-18 15:16:34.335 : 000090.jpg - PSNR: 34.85 dB; SSIM: 0.9463.
24-06-18 15:16:34.576 : 000091.jpg - PSNR: 32.46 dB; SSIM: 0.9219.
24-06-18 15:16:34.826 : 000092.jpg - PSNR: 32.68 dB; SSIM: 0.9372.
24-06-18 15:16:35.073 : 000093.jpg - PSNR: 34.37 dB; SSIM: 0.9394.
24-06-18 15:16:35.416 : 000094.jpg - PSNR: 33.60 dB; SSIM: 0.9106.
24-06-18 15:16:35.689 : 000095.jpg - PSNR: 35.36 dB; SSIM: 0.9387.
24-06-18 15:16:35.963 : 000096.jpg - PSNR: 36.93 dB; SSIM: 0.9498.
24-06-18 15:16:36.334 : 000097.jpg - PSNR: 32.84 dB; SSIM: 0.9313.
24-06-18 15:16:36.577 : 000098.jpg - PSNR: 34.27 dB; SSIM: 0.9043.
24-06-18 15:16:37.023 : 000099.jpg - PSNR: 33.27 dB; SSIM: 0.9129.
24-06-18 15:16:37.302 : 000100.jpg - PSNR: 34.83 dB; SSIM: 0.9504.
24-06-18 15:16:37.610 : 000101.jpg - PSNR: 38.27 dB; SSIM: 0.9611.
24-06-18 15:16:38.006 : 000102.jpg - PSNR: 34.95 dB; SSIM: 0.9357.
24-06-18 15:16:38.291 : 000103.jpg - PSNR: 35.28 dB; SSIM: 0.9341.
24-06-18 15:16:38.645 : 000104.jpg - PSNR: 33.24 dB; SSIM: 0.9305.
24-06-18 15:16:38.884 : 000105.jpg - PSNR: 34.37 dB; SSIM: 0.9421.
24-06-18 15:16:39.120 : 000106.jpg - PSNR: 34.53 dB; SSIM: 0.9072.
24-06-18 15:16:39.361 : 000107.jpg - PSNR: 32.99 dB; SSIM: 0.9153.
24-06-18 15:16:39.605 : 000108.jpg - PSNR: 30.96 dB; SSIM: 0.9034.
24-06-18 15:16:39.864 : 000109.jpg - PSNR: 33.18 dB; SSIM: 0.9356.
24-06-18 15:16:40.187 : 000110.jpg - PSNR: 29.04 dB; SSIM: 0.9068.
24-06-18 15:16:40.449 : 000111.jpg - PSNR: 32.14 dB; SSIM: 0.8963.
24-06-18 15:16:40.681 : 000112.jpg - PSNR: 33.69 dB; SSIM: 0.9240.
24-06-18 15:16:40.921 : 000113.jpg - PSNR: 36.46 dB; SSIM: 0.9430.
24-06-18 15:16:41.346 : 000114.jpg - PSNR: 32.91 dB; SSIM: 0.9282.
24-06-18 15:16:41.622 : 000115.jpg - PSNR: 36.32 dB; SSIM: 0.9420.
24-06-18 15:16:41.893 : 000116.jpg - PSNR: 34.14 dB; SSIM: 0.9331.
24-06-18 15:16:42.139 : 000117.jpg - PSNR: 32.53 dB; SSIM: 0.8956.
24-06-18 15:16:42.397 : 000118.jpg - PSNR: 33.88 dB; SSIM: 0.9295.
24-06-18 15:16:42.643 : 000119.jpg - PSNR: 33.65 dB; SSIM: 0.9235.
24-06-18 15:16:42.888 : 000120.jpg - PSNR: 37.25 dB; SSIM: 0.9421.
24-06-18 15:16:43.149 : 000121.jpg - PSNR: 35.01 dB; SSIM: 0.9401.
24-06-18 15:16:43.385 : 000122.jpg - PSNR: 34.55 dB; SSIM: 0.9272.
24-06-18 15:16:43.628 : 000123.jpg - PSNR: 35.83 dB; SSIM: 0.9409.
24-06-18 15:16:43.910 : 000124.jpg - PSNR: 33.79 dB; SSIM: 0.9251.
24-06-18 15:16:44.173 : 000125.jpg - PSNR: 34.75 dB; SSIM: 0.9283.
24-06-18 15:16:44.454 : 000126.jpg - PSNR: 33.79 dB; SSIM: 0.9231.
24-06-18 15:16:44.702 : 000127.jpg - PSNR: 34.68 dB; SSIM: 0.9231.
24-06-18 15:16:44.957 : 000128.jpg - PSNR: 31.38 dB; SSIM: 0.8936.
24-06-18 15:16:45.235 : 000129.jpg - PSNR: 32.85 dB; SSIM: 0.9247.
24-06-18 15:16:45.465 : 000130.jpg - PSNR: 34.89 dB; SSIM: 0.9433.
24-06-18 15:16:45.740 : 000131.jpg - PSNR: 33.35 dB; SSIM: 0.9212.
24-06-18 15:16:46.073 : 000132.jpg - PSNR: 31.32 dB; SSIM: 0.8913.
24-06-18 15:16:46.371 : 000133.jpg - PSNR: 31.61 dB; SSIM: 0.9051.
24-06-18 15:16:46.642 : 000134.jpg - PSNR: 35.78 dB; SSIM: 0.9490.
24-06-18 15:16:46.944 : 000135.jpg - PSNR: 35.29 dB; SSIM: 0.9406.
24-06-18 15:16:47.197 : 000136.jpg - PSNR: 35.25 dB; SSIM: 0.9111.
24-06-18 15:16:47.539 : 000137.jpg - PSNR: 33.73 dB; SSIM: 0.9323.
24-06-18 15:16:47.863 : 000138.jpg - PSNR: 32.81 dB; SSIM: 0.9319.
24-06-18 15:16:48.142 : 000139.jpg - PSNR: 35.21 dB; SSIM: 0.9387.
24-06-18 15:16:48.385 : 000140.jpg - PSNR: 34.47 dB; SSIM: 0.9184.
24-06-18 15:16:48.629 : 000141.jpg - PSNR: 34.40 dB; SSIM: 0.9302.
24-06-18 15:16:48.868 : 000142.jpg - PSNR: 34.49 dB; SSIM: 0.9137.
24-06-18 15:16:49.108 : 000143.jpg - PSNR: 34.77 dB; SSIM: 0.9284.
24-06-18 15:16:49.455 : 000144.jpg - PSNR: 34.88 dB; SSIM: 0.9185.
24-06-18 15:16:49.699 : 000145.jpg - PSNR: 28.95 dB; SSIM: 0.8871.
24-06-18 15:16:50.087 : 000146.jpg - PSNR: 35.73 dB; SSIM: 0.9303.
24-06-18 15:16:50.399 : 000147.jpg - PSNR: 30.79 dB; SSIM: 0.8938.
24-06-18 15:16:50.655 : 000148.jpg - PSNR: 36.54 dB; SSIM: 0.9518.
24-06-18 15:16:50.917 : 000149.jpg - PSNR: 34.43 dB; SSIM: 0.9387.
24-06-18 15:16:51.185 : 000150.jpg - PSNR: 30.80 dB; SSIM: 0.8830.
24-06-18 15:16:51.417 : 000151.jpg - PSNR: 32.91 dB; SSIM: 0.9062.
24-06-18 15:16:51.782 : 000152.jpg - PSNR: 32.80 dB; SSIM: 0.9281.
24-06-18 15:16:52.066 : 000153.jpg - PSNR: 34.05 dB; SSIM: 0.9254.
24-06-18 15:16:52.352 : 000154.jpg - PSNR: 34.17 dB; SSIM: 0.9441.
24-06-18 15:16:52.608 : 000155.jpg - PSNR: 30.28 dB; SSIM: 0.8834.
24-06-18 15:16:52.932 : 000156.jpg - PSNR: 33.55 dB; SSIM: 0.9158.
24-06-18 15:16:53.189 : 000157.jpg - PSNR: 33.01 dB; SSIM: 0.9194.
24-06-18 15:16:53.455 : 000158.jpg - PSNR: 34.96 dB; SSIM: 0.9374.
24-06-18 15:16:53.717 : 000159.jpg - PSNR: 33.71 dB; SSIM: 0.9259.
24-06-18 15:16:53.969 : 000160.jpg - PSNR: 34.92 dB; SSIM: 0.9415.
24-06-18 15:16:54.230 : 000161.jpg - PSNR: 34.33 dB; SSIM: 0.9205.
24-06-18 15:16:54.491 : 000162.jpg - PSNR: 34.78 dB; SSIM: 0.9485.
24-06-18 15:16:54.914 : 000163.jpg - PSNR: 28.95 dB; SSIM: 0.9156.
24-06-18 15:16:55.327 : 000164.jpg - PSNR: 34.60 dB; SSIM: 0.9431.
24-06-18 15:16:55.731 : 000165.jpg - PSNR: 32.50 dB; SSIM: 0.9212.
24-06-18 15:16:56.095 : 000166.jpg - PSNR: 33.24 dB; SSIM: 0.9256.
24-06-18 15:16:56.469 : 000167.jpg - PSNR: 32.84 dB; SSIM: 0.9266.
24-06-18 15:16:56.752 : 000168.jpg - PSNR: 31.71 dB; SSIM: 0.8748.
24-06-18 15:16:56.984 : 000169.jpg - PSNR: 34.27 dB; SSIM: 0.9451.
24-06-18 15:16:57.250 : 000170.jpg - PSNR: 33.37 dB; SSIM: 0.9150.
24-06-18 15:16:57.499 : 000171.jpg - PSNR: 33.87 dB; SSIM: 0.9328.
24-06-18 15:16:57.855 : 000172.jpg - PSNR: 31.38 dB; SSIM: 0.9089.
24-06-18 15:16:58.313 : 000173.jpg - PSNR: 33.89 dB; SSIM: 0.9294.
24-06-18 15:16:58.595 : 000174.jpg - PSNR: 33.71 dB; SSIM: 0.9119.
24-06-18 15:16:58.843 : 000175.jpg - PSNR: 32.64 dB; SSIM: 0.9343.
24-06-18 15:16:59.089 : 000176.jpg - PSNR: 33.82 dB; SSIM: 0.9135.
24-06-18 15:16:59.350 : 000177.jpg - PSNR: 34.58 dB; SSIM: 0.9493.
24-06-18 15:16:59.740 : 000178.jpg - PSNR: 32.48 dB; SSIM: 0.9191.
24-06-18 15:17:00.136 : 000179.jpg - PSNR: 34.30 dB; SSIM: 0.9363.
24-06-18 15:17:00.450 : 000180.jpg - PSNR: 31.64 dB; SSIM: 0.9143.
24-06-18 15:17:00.717 : 000181.jpg - PSNR: 33.90 dB; SSIM: 0.9358.
24-06-18 15:17:00.971 : 000182.jpg - PSNR: 35.13 dB; SSIM: 0.9349.
24-06-18 15:17:01.303 : 000183.jpg - PSNR: 33.66 dB; SSIM: 0.9266.
24-06-18 15:17:01.557 : 000184.jpg - PSNR: 32.37 dB; SSIM: 0.8961.
24-06-18 15:17:01.901 : 000185.jpg - PSNR: 32.56 dB; SSIM: 0.9094.
24-06-18 15:17:02.298 : 000186.jpg - PSNR: 34.93 dB; SSIM: 0.9446.
24-06-18 15:17:02.770 : 000187.jpg - PSNR: 34.73 dB; SSIM: 0.9305.
24-06-18 15:17:03.178 : 000188.jpg - PSNR: 33.07 dB; SSIM: 0.9329.
24-06-18 15:17:03.457 : 000189.jpg - PSNR: 32.86 dB; SSIM: 0.9121.
24-06-18 15:17:03.709 : 000190.jpg - PSNR: 34.04 dB; SSIM: 0.9260.
24-06-18 15:17:03.981 : 000191.jpg - PSNR: 32.63 dB; SSIM: 0.9291.
24-06-18 15:17:04.403 : 000192.jpg - PSNR: 35.29 dB; SSIM: 0.9340.
24-06-18 15:17:04.827 : 000193.jpg - PSNR: 34.61 dB; SSIM: 0.9434.
24-06-18 15:17:05.171 : 000194.jpg - PSNR: 34.25 dB; SSIM: 0.9343.
24-06-18 15:17:05.423 : 000195.jpg - PSNR: 34.04 dB; SSIM: 0.9305.
24-06-18 15:17:05.699 : 000196.jpg - PSNR: 34.87 dB; SSIM: 0.9517.
24-06-18 15:17:05.973 : 000197.jpg - PSNR: 34.58 dB; SSIM: 0.9224.
24-06-18 15:17:06.265 : 000198.jpg - PSNR: 33.84 dB; SSIM: 0.9210.
24-06-18 15:17:06.767 : 000199.jpg - PSNR: 31.33 dB; SSIM: 0.8923.
24-06-18 15:17:07.274 : 000200.jpg - PSNR: 33.86 dB; SSIM: 0.9176.
24-06-18 15:17:07.616 : 000201.jpg - PSNR: 30.56 dB; SSIM: 0.9092.
24-06-18 15:17:08.056 : 000202.jpg - PSNR: 34.51 dB; SSIM: 0.9314.
24-06-18 15:17:08.425 : 000203.jpg - PSNR: 33.92 dB; SSIM: 0.9324.
24-06-18 15:17:08.815 : 000204.jpg - PSNR: 34.50 dB; SSIM: 0.9393.
24-06-18 15:17:09.054 : 000205.jpg - PSNR: 31.04 dB; SSIM: 0.8868.
24-06-18 15:17:09.291 : 000206.jpg - PSNR: 33.27 dB; SSIM: 0.9149.
24-06-18 15:17:09.568 : 000207.jpg - PSNR: 34.51 dB; SSIM: 0.9246.
24-06-18 15:17:09.830 : 000208.jpg - PSNR: 34.15 dB; SSIM: 0.9291.
24-06-18 15:17:10.196 : 000209.jpg - PSNR: 32.97 dB; SSIM: 0.9119.
24-06-18 15:17:10.675 : 000210.jpg - PSNR: 34.07 dB; SSIM: 0.9488.
24-06-18 15:17:10.938 : 000211.jpg - PSNR: 34.25 dB; SSIM: 0.9205.
24-06-18 15:17:11.191 : 000212.jpg - PSNR: 33.82 dB; SSIM: 0.9295.
24-06-18 15:17:11.432 : 000213.jpg - PSNR: 33.56 dB; SSIM: 0.9286.
24-06-18 15:17:11.684 : 000214.jpg - PSNR: 34.23 dB; SSIM: 0.9458.
24-06-18 15:17:11.930 : 000215.jpg - PSNR: 33.69 dB; SSIM: 0.9423.
24-06-18 15:17:12.216 : 000216.jpg - PSNR: 33.81 dB; SSIM: 0.9302.
24-06-18 15:17:12.619 : 000217.jpg - PSNR: 32.32 dB; SSIM: 0.9060.
24-06-18 15:17:13.097 : 000218.jpg - PSNR: 34.87 dB; SSIM: 0.9543.
24-06-18 15:17:13.370 : 000219.jpg - PSNR: 32.54 dB; SSIM: 0.8772.
24-06-18 15:17:13.864 : 000220.jpg - PSNR: 32.57 dB; SSIM: 0.9360.
24-06-18 15:17:14.109 : 000221.jpg - PSNR: 34.34 dB; SSIM: 0.9272.
24-06-18 15:17:14.355 : 000222.jpg - PSNR: 30.23 dB; SSIM: 0.7990.
24-06-18 15:17:14.621 : 000223.jpg - PSNR: 33.58 dB; SSIM: 0.9338.
24-06-18 15:17:14.939 : 000224.jpg - PSNR: 35.34 dB; SSIM: 0.9300.
24-06-18 15:17:15.362 : 000225.jpg - PSNR: 32.83 dB; SSIM: 0.9106.
24-06-18 15:17:15.681 : 000226.jpg - PSNR: 34.74 dB; SSIM: 0.9457.
24-06-18 15:17:16.074 : 000227.jpg - PSNR: 34.87 dB; SSIM: 0.9271.
24-06-18 15:17:16.576 : 000228.jpg - PSNR: 34.32 dB; SSIM: 0.9225.
24-06-18 15:17:16.826 : 000229.jpg - PSNR: 34.10 dB; SSIM: 0.9382.
24-06-18 15:17:17.067 : 000230.jpg - PSNR: 34.14 dB; SSIM: 0.9279.
24-06-18 15:17:17.334 : 000231.jpg - PSNR: 31.69 dB; SSIM: 0.9120.
24-06-18 15:17:17.603 : 000232.jpg - PSNR: 33.64 dB; SSIM: 0.9238.
24-06-18 15:17:17.867 : 000233.jpg - PSNR: 35.91 dB; SSIM: 0.9568.
24-06-18 15:17:18.123 : 000234.jpg - PSNR: 34.93 dB; SSIM: 0.9286.
24-06-18 15:17:18.421 : 000235.jpg - PSNR: 33.31 dB; SSIM: 0.9224.
24-06-18 15:17:18.736 : 000236.jpg - PSNR: 34.86 dB; SSIM: 0.9354.
24-06-18 15:17:18.984 : 000237.jpg - PSNR: 33.62 dB; SSIM: 0.9304.
24-06-18 15:17:19.244 : 000238.jpg - PSNR: 34.82 dB; SSIM: 0.9319.
24-06-18 15:17:19.798 : 000239.jpg - PSNR: 31.27 dB; SSIM: 0.8602.
24-06-18 15:17:20.246 : 000240.jpg - PSNR: 34.47 dB; SSIM: 0.9300.
24-06-18 15:17:20.570 : 000241.jpg - PSNR: 34.32 dB; SSIM: 0.9350.
24-06-18 15:17:20.840 : 000242.jpg - PSNR: 35.26 dB; SSIM: 0.8931.
24-06-18 15:17:21.084 : 000243.jpg - PSNR: 33.78 dB; SSIM: 0.9394.
24-06-18 15:17:21.341 : 000244.jpg - PSNR: 32.51 dB; SSIM: 0.8748.
24-06-18 15:17:21.607 : 000245.jpg - PSNR: 36.23 dB; SSIM: 0.9381.
24-06-18 15:17:21.958 : 000246.jpg - PSNR: 35.89 dB; SSIM: 0.9546.
24-06-18 15:17:22.417 : 000247.jpg - PSNR: 34.85 dB; SSIM: 0.9190.
24-06-18 15:17:22.850 : 000248.jpg - PSNR: 34.97 dB; SSIM: 0.9404.
24-06-18 15:17:23.270 : 000249.jpg - PSNR: 35.24 dB; SSIM: 0.9465.
24-06-18 15:17:23.639 : 000250.jpg - PSNR: 34.02 dB; SSIM: 0.9235.
24-06-18 15:17:23.884 : 000251.jpg - PSNR: 31.93 dB; SSIM: 0.9039.
24-06-18 15:17:24.272 : 000252.jpg - PSNR: 33.64 dB; SSIM: 0.9204.
24-06-18 15:17:24.537 : 000253.jpg - PSNR: 35.49 dB; SSIM: 0.9410.
24-06-18 15:17:24.857 : 000254.jpg - PSNR: 33.34 dB; SSIM: 0.9257.
24-06-18 15:17:25.158 : 000255.jpg - PSNR: 34.23 dB; SSIM: 0.9395.
24-06-18 15:17:25.576 : 000256.jpg - PSNR: 35.56 dB; SSIM: 0.9410.
24-06-18 15:17:26.021 : 000257.jpg - PSNR: 32.41 dB; SSIM: 0.9119.
24-06-18 15:17:26.385 : 000258.jpg - PSNR: 32.74 dB; SSIM: 0.9160.
24-06-18 15:17:26.639 : 000259.jpg - PSNR: 35.19 dB; SSIM: 0.9283.
24-06-18 15:17:26.876 : 000260.jpg - PSNR: 34.77 dB; SSIM: 0.9000.
24-06-18 15:17:27.147 : 000261.jpg - PSNR: 34.14 dB; SSIM: 0.9255.
24-06-18 15:17:27.389 : 000262.jpg - PSNR: 33.71 dB; SSIM: 0.8985.
24-06-18 15:17:27.678 : 000263.jpg - PSNR: 35.12 dB; SSIM: 0.9205.
24-06-18 15:17:27.935 : 000264.jpg - PSNR: 34.56 dB; SSIM: 0.9313.
24-06-18 15:17:28.194 : 000265.jpg - PSNR: 34.21 dB; SSIM: 0.9167.
24-06-18 15:17:28.451 : 000266.jpg - PSNR: 33.68 dB; SSIM: 0.9334.
24-06-18 15:17:28.711 : 000267.jpg - PSNR: 31.69 dB; SSIM: 0.8607.
24-06-18 15:17:29.042 : 000268.jpg - PSNR: 37.26 dB; SSIM: 0.9172.
24-06-18 15:17:29.281 : 000269.jpg - PSNR: 33.41 dB; SSIM: 0.9280.
24-06-18 15:17:29.534 : 000270.jpg - PSNR: 33.68 dB; SSIM: 0.9241.
24-06-18 15:17:29.793 : 000271.jpg - PSNR: 34.42 dB; SSIM: 0.9300.
24-06-18 15:17:30.238 : 000272.jpg - PSNR: 34.34 dB; SSIM: 0.9456.
24-06-18 15:17:30.629 : 000273.jpg - PSNR: 32.71 dB; SSIM: 0.9203.
24-06-18 15:17:30.876 : 000274.jpg - PSNR: 36.09 dB; SSIM: 0.9532.
24-06-18 15:17:31.140 : 000275.jpg - PSNR: 34.28 dB; SSIM: 0.9022.
24-06-18 15:17:31.394 : 000276.jpg - PSNR: 30.65 dB; SSIM: 0.8824.
24-06-18 15:17:31.698 : 000277.jpg - PSNR: 32.47 dB; SSIM: 0.9222.
24-06-18 15:17:31.965 : 000278.jpg - PSNR: 34.16 dB; SSIM: 0.9420.
24-06-18 15:17:32.215 : 000279.jpg - PSNR: 35.09 dB; SSIM: 0.9294.
24-06-18 15:17:32.451 : 000280.jpg - PSNR: 36.21 dB; SSIM: 0.9515.
24-06-18 15:17:32.731 : 000281.jpg - PSNR: 33.10 dB; SSIM: 0.9264.
24-06-18 15:17:32.990 : 000282.jpg - PSNR: 34.75 dB; SSIM: 0.9268.
24-06-18 15:17:33.243 : 000283.jpg - PSNR: 33.61 dB; SSIM: 0.9452.
24-06-18 15:17:33.489 : 000284.jpg - PSNR: 34.79 dB; SSIM: 0.9293.
24-06-18 15:17:33.735 : 000285.jpg - PSNR: 34.11 dB; SSIM: 0.9164.
24-06-18 15:17:33.981 : 000286.jpg - PSNR: 35.19 dB; SSIM: 0.9271.
24-06-18 15:17:34.243 : 000287.jpg - PSNR: 34.85 dB; SSIM: 0.9388.
24-06-18 15:17:34.500 : 000288.jpg - PSNR: 34.39 dB; SSIM: 0.9195.
24-06-18 15:17:34.778 : 000289.jpg - PSNR: 34.54 dB; SSIM: 0.9511.
24-06-18 15:17:35.019 : 000290.jpg - PSNR: 35.42 dB; SSIM: 0.9477.
24-06-18 15:17:35.287 : 000291.jpg - PSNR: 30.89 dB; SSIM: 0.9099.
24-06-18 15:17:35.551 : 000292.jpg - PSNR: 32.93 dB; SSIM: 0.9247.
24-06-18 15:17:35.800 : 000293.jpg - PSNR: 35.50 dB; SSIM: 0.9162.
24-06-18 15:17:36.050 : 000294.jpg - PSNR: 32.35 dB; SSIM: 0.8847.
24-06-18 15:17:36.358 : 000295.jpg - PSNR: 33.35 dB; SSIM: 0.9318.
24-06-18 15:17:36.602 : 000296.jpg - PSNR: 34.50 dB; SSIM: 0.9138.
24-06-18 15:17:36.901 : 000297.jpg - PSNR: 36.24 dB; SSIM: 0.9225.
24-06-18 15:17:37.144 : 000298.jpg - PSNR: 35.32 dB; SSIM: 0.9257.
24-06-18 15:17:37.388 : 000299.jpg - PSNR: 35.38 dB; SSIM: 0.9411.
24-06-18 15:17:37.630 : 000300.jpg - PSNR: 33.55 dB; SSIM: 0.9299.
24-06-18 15:17:37.887 : 000301.jpg - PSNR: 33.02 dB; SSIM: 0.9060.
24-06-18 15:17:38.367 : 000302.jpg - PSNR: 33.80 dB; SSIM: 0.9230.
24-06-18 15:17:38.611 : 000303.jpg - PSNR: 33.61 dB; SSIM: 0.9283.
24-06-18 15:17:38.872 : 000304.jpg - PSNR: 33.23 dB; SSIM: 0.9123.
24-06-18 15:17:39.127 : 000305.jpg - PSNR: 32.78 dB; SSIM: 0.9164.
24-06-18 15:17:39.395 : 000306.jpg - PSNR: 32.49 dB; SSIM: 0.9104.
24-06-18 15:17:39.647 : 000307.jpg - PSNR: 33.28 dB; SSIM: 0.9227.
24-06-18 15:17:39.896 : 000308.jpg - PSNR: 33.50 dB; SSIM: 0.9372.
24-06-18 15:17:40.139 : 000309.jpg - PSNR: 35.24 dB; SSIM: 0.8742.
24-06-18 15:17:40.395 : 000310.jpg - PSNR: 34.06 dB; SSIM: 0.9337.
24-06-18 15:17:40.682 : 000311.jpg - PSNR: 32.62 dB; SSIM: 0.9194.
24-06-18 15:17:40.956 : 000312.jpg - PSNR: 32.87 dB; SSIM: 0.8659.
24-06-18 15:17:41.235 : 000313.jpg - PSNR: 36.17 dB; SSIM: 0.9390.
24-06-18 15:17:41.557 : 000314.jpg - PSNR: 36.22 dB; SSIM: 0.9500.
24-06-18 15:17:41.962 : 000315.jpg - PSNR: 37.18 dB; SSIM: 0.9718.
24-06-18 15:17:42.247 : 000316.jpg - PSNR: 31.33 dB; SSIM: 0.8844.
24-06-18 15:17:42.505 : 000317.jpg - PSNR: 32.78 dB; SSIM: 0.9336.
24-06-18 15:17:42.779 : 000318.jpg - PSNR: 33.65 dB; SSIM: 0.9062.
24-06-18 15:17:43.138 : 000319.jpg - PSNR: 31.78 dB; SSIM: 0.9255.
24-06-18 15:17:43.478 : 000320.jpg - PSNR: 33.91 dB; SSIM: 0.9302.
24-06-18 15:17:43.731 : 000321.jpg - PSNR: 34.73 dB; SSIM: 0.9077.
24-06-18 15:17:43.977 : 000322.jpg - PSNR: 32.22 dB; SSIM: 0.9158.
24-06-18 15:17:44.217 : 000323.jpg - PSNR: 34.44 dB; SSIM: 0.9247.
24-06-18 15:17:44.535 : 000324.jpg - PSNR: 32.57 dB; SSIM: 0.9287.
24-06-18 15:17:44.787 : 000325.jpg - PSNR: 33.75 dB; SSIM: 0.9212.
24-06-18 15:17:45.040 : 000326.jpg - PSNR: 34.21 dB; SSIM: 0.9392.
24-06-18 15:17:45.274 : 000327.jpg - PSNR: 33.34 dB; SSIM: 0.9091.
24-06-18 15:17:45.546 : 000328.jpg - PSNR: 34.71 dB; SSIM: 0.9350.
24-06-18 15:17:45.784 : 000329.jpg - PSNR: 34.06 dB; SSIM: 0.9113.
24-06-18 15:17:46.056 : 000330.jpg - PSNR: 34.97 dB; SSIM: 0.9406.
24-06-18 15:17:46.306 : 000331.jpg - PSNR: 33.05 dB; SSIM: 0.9320.
24-06-18 15:17:46.557 : 000332.jpg - PSNR: 34.22 dB; SSIM: 0.9240.
24-06-18 15:17:46.829 : 000333.jpg - PSNR: 32.11 dB; SSIM: 0.9095.
24-06-18 15:17:47.097 : 000334.jpg - PSNR: 33.22 dB; SSIM: 0.9405.
24-06-18 15:17:47.351 : 000335.jpg - PSNR: 34.04 dB; SSIM: 0.9419.
24-06-18 15:17:47.692 : 000336.jpg - PSNR: 36.00 dB; SSIM: 0.9455.
24-06-18 15:17:48.037 : 000337.jpg - PSNR: 34.00 dB; SSIM: 0.9341.
24-06-18 15:17:48.387 : 000338.jpg - PSNR: 36.60 dB; SSIM: 0.9540.
24-06-18 15:17:48.729 : 000339.jpg - PSNR: 35.69 dB; SSIM: 0.9486.
24-06-18 15:17:49.027 : 000340.jpg - PSNR: 34.52 dB; SSIM: 0.9276.
24-06-18 15:17:49.379 : 000341.jpg - PSNR: 33.89 dB; SSIM: 0.9328.
24-06-18 15:17:49.875 : 000342.jpg - PSNR: 34.86 dB; SSIM: 0.9406.
24-06-18 15:17:50.241 : 000343.jpg - PSNR: 34.34 dB; SSIM: 0.9245.
24-06-18 15:17:50.482 : 000344.jpg - PSNR: 32.40 dB; SSIM: 0.8962.
24-06-18 15:17:50.737 : 000345.jpg - PSNR: 32.75 dB; SSIM: 0.9197.
24-06-18 15:17:50.992 : 000346.jpg - PSNR: 32.85 dB; SSIM: 0.9364.
24-06-18 15:17:51.235 : 000347.jpg - PSNR: 35.17 dB; SSIM: 0.9377.
24-06-18 15:17:51.605 : 000348.jpg - PSNR: 30.88 dB; SSIM: 0.8968.
24-06-18 15:17:52.042 : 000349.jpg - PSNR: 33.32 dB; SSIM: 0.9262.
24-06-18 15:17:52.459 : 000350.jpg - PSNR: 34.17 dB; SSIM: 0.9429.
24-06-18 15:17:52.844 : 000351.jpg - PSNR: 34.43 dB; SSIM: 0.9413.
24-06-18 15:17:53.262 : 000352.jpg - PSNR: 33.44 dB; SSIM: 0.9292.
24-06-18 15:17:53.820 : 000353.jpg - PSNR: 35.03 dB; SSIM: 0.9193.
24-06-18 15:17:54.182 : 000354.jpg - PSNR: 34.48 dB; SSIM: 0.9149.
24-06-18 15:17:54.580 : 000355.jpg - PSNR: 34.25 dB; SSIM: 0.9494.
24-06-18 15:17:54.978 : 000356.jpg - PSNR: 35.29 dB; SSIM: 0.9552.
24-06-18 15:17:55.372 : 000357.jpg - PSNR: 31.68 dB; SSIM: 0.8909.
24-06-18 15:17:55.844 : 000358.jpg - PSNR: 36.16 dB; SSIM: 0.9423.
24-06-18 15:17:56.249 : 000359.jpg - PSNR: 33.96 dB; SSIM: 0.9189.
24-06-18 15:17:56.682 : 000360.jpg - PSNR: 35.61 dB; SSIM: 0.9486.
24-06-18 15:17:57.017 : 000361.jpg - PSNR: 34.28 dB; SSIM: 0.9301.
24-06-18 15:17:57.279 : 000362.jpg - PSNR: 33.36 dB; SSIM: 0.9087.
24-06-18 15:17:57.588 : 000363.jpg - PSNR: 33.14 dB; SSIM: 0.9195.
24-06-18 15:17:58.029 : 000364.jpg - PSNR: 34.52 dB; SSIM: 0.9514.
24-06-18 15:17:58.377 : 000365.jpg - PSNR: 32.33 dB; SSIM: 0.9200.
24-06-18 15:17:58.788 : 000366.jpg - PSNR: 33.85 dB; SSIM: 0.9249.
24-06-18 15:17:59.106 : 000367.jpg - PSNR: 34.81 dB; SSIM: 0.9445.
24-06-18 15:17:59.512 : 000368.jpg - PSNR: 32.41 dB; SSIM: 0.9268.
24-06-18 15:17:59.924 : 000369.jpg - PSNR: 33.81 dB; SSIM: 0.9012.
24-06-18 15:18:00.252 : 000370.jpg - PSNR: 35.27 dB; SSIM: 0.9273.
24-06-18 15:18:00.654 : 000371.jpg - PSNR: 36.76 dB; SSIM: 0.9455.
24-06-18 15:18:00.914 : 000372.jpg - PSNR: 34.26 dB; SSIM: 0.9363.
24-06-18 15:18:01.158 : 000373.jpg - PSNR: 34.22 dB; SSIM: 0.9310.
24-06-18 15:18:01.405 : 000374.jpg - PSNR: 34.15 dB; SSIM: 0.9189.
24-06-18 15:18:01.663 : 000375.jpg - PSNR: 32.32 dB; SSIM: 0.9120.
24-06-18 15:18:01.931 : 000376.jpg - PSNR: 36.31 dB; SSIM: 0.9493.
24-06-18 15:18:02.177 : 000377.jpg - PSNR: 33.90 dB; SSIM: 0.9380.
24-06-18 15:18:02.443 : 000378.jpg - PSNR: 34.99 dB; SSIM: 0.9495.
24-06-18 15:18:02.695 : 000379.jpg - PSNR: 34.54 dB; SSIM: 0.9502.
24-06-18 15:18:02.933 : 000380.jpg - PSNR: 32.47 dB; SSIM: 0.9302.
24-06-18 15:18:03.181 : 000381.jpg - PSNR: 32.25 dB; SSIM: 0.9032.
24-06-18 15:18:03.441 : 000382.jpg - PSNR: 33.07 dB; SSIM: 0.9150.
24-06-18 15:18:03.662 : 000383.jpg - PSNR: 32.99 dB; SSIM: 0.9226.
24-06-18 15:18:03.903 : 000384.jpg - PSNR: 32.62 dB; SSIM: 0.9334.
24-06-18 15:18:04.170 : 000385.jpg - PSNR: 35.14 dB; SSIM: 0.9402.
24-06-18 15:18:04.433 : 000386.jpg - PSNR: 34.41 dB; SSIM: 0.9318.
24-06-18 15:18:04.691 : 000387.jpg - PSNR: 34.51 dB; SSIM: 0.9242.
24-06-18 15:18:04.949 : 000388.jpg - PSNR: 32.71 dB; SSIM: 0.9078.
24-06-18 15:18:05.195 : 000389.jpg - PSNR: 36.37 dB; SSIM: 0.9495.
24-06-18 15:18:05.446 : 000390.jpg - PSNR: 32.49 dB; SSIM: 0.9055.
24-06-18 15:18:05.723 : 000391.jpg - PSNR: 35.63 dB; SSIM: 0.9414.
24-06-18 15:18:05.991 : 000392.jpg - PSNR: 34.87 dB; SSIM: 0.9328.
24-06-18 15:18:06.269 : 000393.jpg - PSNR: 35.02 dB; SSIM: 0.9392.
24-06-18 15:18:06.566 : 000394.jpg - PSNR: 33.54 dB; SSIM: 0.9225.
24-06-18 15:18:06.799 : 000395.jpg - PSNR: 30.71 dB; SSIM: 0.8942.
24-06-18 15:18:07.159 : 000396.jpg - PSNR: 33.23 dB; SSIM: 0.9428.
24-06-18 15:18:07.432 : 000397.jpg - PSNR: 31.32 dB; SSIM: 0.8970.
24-06-18 15:18:07.693 : 000398.jpg - PSNR: 35.14 dB; SSIM: 0.9530.
24-06-18 15:18:08.066 : 000399.jpg - PSNR: 33.43 dB; SSIM: 0.9278.
24-06-18 15:18:08.309 : 000400.jpg - PSNR: 35.66 dB; SSIM: 0.9249.
24-06-18 15:18:08.745 : 000401.jpg - PSNR: 34.49 dB; SSIM: 0.9243.
24-06-18 15:18:09.031 : 000402.jpg - PSNR: 34.34 dB; SSIM: 0.9310.
24-06-18 15:18:09.274 : 000403.jpg - PSNR: 33.81 dB; SSIM: 0.9237.
24-06-18 15:18:09.534 : 000404.jpg - PSNR: 34.61 dB; SSIM: 0.9212.
24-06-18 15:18:09.781 : 000405.jpg - PSNR: 28.69 dB; SSIM: 0.8293.
24-06-18 15:18:10.070 : 000406.jpg - PSNR: 34.31 dB; SSIM: 0.9367.
24-06-18 15:18:10.305 : 000407.jpg - PSNR: 33.29 dB; SSIM: 0.9304.
24-06-18 15:18:10.601 : 000408.jpg - PSNR: 32.23 dB; SSIM: 0.9264.
24-06-18 15:18:10.882 : 000409.jpg - PSNR: 34.33 dB; SSIM: 0.9345.
24-06-18 15:18:11.130 : 000410.jpg - PSNR: 35.51 dB; SSIM: 0.9325.
24-06-18 15:18:11.397 : 000411.jpg - PSNR: 33.69 dB; SSIM: 0.9386.
24-06-18 15:18:11.769 : 000412.jpg - PSNR: 34.60 dB; SSIM: 0.9326.
24-06-18 15:18:12.040 : 000413.jpg - PSNR: 34.36 dB; SSIM: 0.9078.
24-06-18 15:18:12.402 : 000414.jpg - PSNR: 34.21 dB; SSIM: 0.9412.
24-06-18 15:18:12.666 : 000415.jpg - PSNR: 34.77 dB; SSIM: 0.9416.
24-06-18 15:18:13.013 : 000416.jpg - PSNR: 35.08 dB; SSIM: 0.9452.
24-06-18 15:18:13.290 : 000417.jpg - PSNR: 35.29 dB; SSIM: 0.9235.
24-06-18 15:18:13.544 : 000418.jpg - PSNR: 36.44 dB; SSIM: 0.9391.
24-06-18 15:18:13.789 : 000419.jpg - PSNR: 35.34 dB; SSIM: 0.9414.
24-06-18 15:18:14.058 : 000420.jpg - PSNR: 31.83 dB; SSIM: 0.8995.
24-06-18 15:18:14.296 : 000421.jpg - PSNR: 34.06 dB; SSIM: 0.9398.
24-06-18 15:18:14.540 : 000422.jpg - PSNR: 32.48 dB; SSIM: 0.9254.
24-06-18 15:18:14.786 : 000423.jpg - PSNR: 35.05 dB; SSIM: 0.9396.
24-06-18 15:18:15.038 : 000424.jpg - PSNR: 34.32 dB; SSIM: 0.9141.
24-06-18 15:18:15.371 : 000425.jpg - PSNR: 35.56 dB; SSIM: 0.9365.
24-06-18 15:18:15.627 : 000426.jpg - PSNR: 34.76 dB; SSIM: 0.9414.
24-06-18 15:18:15.866 : 000427.jpg - PSNR: 37.49 dB; SSIM: 0.9666.
24-06-18 15:18:16.098 : 000428.jpg - PSNR: 33.99 dB; SSIM: 0.9453.
24-06-18 15:18:16.374 : 000429.jpg - PSNR: 31.60 dB; SSIM: 0.9032.
24-06-18 15:18:16.669 : 000430.jpg - PSNR: 33.48 dB; SSIM: 0.9375.
24-06-18 15:18:16.965 : 000431.jpg - PSNR: 30.86 dB; SSIM: 0.9008.
24-06-18 15:18:17.218 : 000432.jpg - PSNR: 31.05 dB; SSIM: 0.8897.
24-06-18 15:18:17.488 : 000433.jpg - PSNR: 35.37 dB; SSIM: 0.9393.
24-06-18 15:18:17.886 : 000434.jpg - PSNR: 34.19 dB; SSIM: 0.9274.
24-06-18 15:18:18.148 : 000435.jpg - PSNR: 33.14 dB; SSIM: 0.9167.
24-06-18 15:18:18.404 : 000436.jpg - PSNR: 33.68 dB; SSIM: 0.9103.
24-06-18 15:18:18.715 : 000437.jpg - PSNR: 33.50 dB; SSIM: 0.9182.
24-06-18 15:18:18.979 : 000438.jpg - PSNR: 34.86 dB; SSIM: 0.9172.
24-06-18 15:18:19.228 : 000439.jpg - PSNR: 34.79 dB; SSIM: 0.9435.
24-06-18 15:18:19.489 : 000440.jpg - PSNR: 35.11 dB; SSIM: 0.9409.
24-06-18 15:18:19.729 : 000441.jpg - PSNR: 31.40 dB; SSIM: 0.8523.
24-06-18 15:18:19.976 : 000442.jpg - PSNR: 32.53 dB; SSIM: 0.9129.
24-06-18 15:18:20.227 : 000443.jpg - PSNR: 31.96 dB; SSIM: 0.9176.
24-06-18 15:18:20.578 : 000444.jpg - PSNR: 31.27 dB; SSIM: 0.9067.
24-06-18 15:18:20.966 : 000445.jpg - PSNR: 31.45 dB; SSIM: 0.9035.
24-06-18 15:18:21.247 : 000446.jpg - PSNR: 34.17 dB; SSIM: 0.9354.
24-06-18 15:18:21.498 : 000447.jpg - PSNR: 34.47 dB; SSIM: 0.9347.
24-06-18 15:18:21.755 : 000448.jpg - PSNR: 34.23 dB; SSIM: 0.9401.
24-06-18 15:18:21.995 : 000449.jpg - PSNR: 33.50 dB; SSIM: 0.9289.
24-06-18 15:18:22.308 : 000450.jpg - PSNR: 32.96 dB; SSIM: 0.9169.
24-06-18 15:18:22.579 : 000451.jpg - PSNR: 32.42 dB; SSIM: 0.9431.
24-06-18 15:18:22.910 : 000452.jpg - PSNR: 34.42 dB; SSIM: 0.9366.
24-06-18 15:18:23.175 : 000453.jpg - PSNR: 35.32 dB; SSIM: 0.9379.
24-06-18 15:18:23.423 : 000454.jpg - PSNR: 35.25 dB; SSIM: 0.9437.
24-06-18 15:18:23.697 : 000455.jpg - PSNR: 32.68 dB; SSIM: 0.9024.
24-06-18 15:18:23.975 : 000456.jpg - PSNR: 35.10 dB; SSIM: 0.9394.
24-06-18 15:18:24.235 : 000457.jpg - PSNR: 33.54 dB; SSIM: 0.9145.
24-06-18 15:18:24.469 : 000458.jpg - PSNR: 32.55 dB; SSIM: 0.8864.
24-06-18 15:18:24.906 : 000459.jpg - PSNR: 32.51 dB; SSIM: 0.9169.
24-06-18 15:18:25.142 : 000460.jpg - PSNR: 30.64 dB; SSIM: 0.9033.
24-06-18 15:18:25.398 : 000461.jpg - PSNR: 33.42 dB; SSIM: 0.9466.
24-06-18 15:18:25.738 : 000462.jpg - PSNR: 34.48 dB; SSIM: 0.9088.
24-06-18 15:18:26.050 : 000463.jpg - PSNR: 34.02 dB; SSIM: 0.9314.
24-06-18 15:18:26.396 : 000464.jpg - PSNR: 35.54 dB; SSIM: 0.9584.
24-06-18 15:18:26.635 : 000465.jpg - PSNR: 35.05 dB; SSIM: 0.9398.
24-06-18 15:18:26.895 : 000466.jpg - PSNR: 33.52 dB; SSIM: 0.9289.
24-06-18 15:18:27.124 : 000467.jpg - PSNR: 35.45 dB; SSIM: 0.9414.
24-06-18 15:18:27.371 : 000468.jpg - PSNR: 31.04 dB; SSIM: 0.8916.
24-06-18 15:18:27.622 : 000469.jpg - PSNR: 30.38 dB; SSIM: 0.8800.
24-06-18 15:18:27.862 : 000470.jpg - PSNR: 34.17 dB; SSIM: 0.9385.
24-06-18 15:18:28.092 : 000471.jpg - PSNR: 32.71 dB; SSIM: 0.9200.
24-06-18 15:18:28.327 : 000472.jpg - PSNR: 34.90 dB; SSIM: 0.9390.
24-06-18 15:18:28.568 : 000473.jpg - PSNR: 33.75 dB; SSIM: 0.9249.
24-06-18 15:18:28.811 : 000474.jpg - PSNR: 35.76 dB; SSIM: 0.9544.
24-06-18 15:18:29.064 : 000475.jpg - PSNR: 32.63 dB; SSIM: 0.9216.
24-06-18 15:18:29.321 : 000476.jpg - PSNR: 32.95 dB; SSIM: 0.9288.
24-06-18 15:18:29.572 : 000477.jpg - PSNR: 34.47 dB; SSIM: 0.9170.
24-06-18 15:18:29.828 : 000478.jpg - PSNR: 31.78 dB; SSIM: 0.9411.
24-06-18 15:18:30.193 : 000479.jpg - PSNR: 34.20 dB; SSIM: 0.9373.
24-06-18 15:18:30.426 : 000480.jpg - PSNR: 31.78 dB; SSIM: 0.9384.
24-06-18 15:18:30.735 : 000481.jpg - PSNR: 31.97 dB; SSIM: 0.9069.
24-06-18 15:18:31.155 : 000482.jpg - PSNR: 32.81 dB; SSIM: 0.9443.
24-06-18 15:18:31.587 : 000483.jpg - PSNR: 33.90 dB; SSIM: 0.9382.
24-06-18 15:18:31.909 : 000484.jpg - PSNR: 35.88 dB; SSIM: 0.9205.
24-06-18 15:18:32.338 : 000485.jpg - PSNR: 33.32 dB; SSIM: 0.9395.
24-06-18 15:18:32.772 : 000486.jpg - PSNR: 33.61 dB; SSIM: 0.9127.
24-06-18 15:18:33.226 : 000487.jpg - PSNR: 31.66 dB; SSIM: 0.9346.
24-06-18 15:18:33.662 : 000488.jpg - PSNR: 33.80 dB; SSIM: 0.9071.
24-06-18 15:18:34.120 : 000489.jpg - PSNR: 34.12 dB; SSIM: 0.9359.
24-06-18 15:18:34.648 : 000490.jpg - PSNR: 33.78 dB; SSIM: 0.8978.
24-06-18 15:18:35.062 : 000491.jpg - PSNR: 31.46 dB; SSIM: 0.8631.
24-06-18 15:18:35.451 : 000492.jpg - PSNR: 32.73 dB; SSIM: 0.9105.
24-06-18 15:18:35.818 : 000493.jpg - PSNR: 32.19 dB; SSIM: 0.9177.
24-06-18 15:18:36.145 : 000494.jpg - PSNR: 34.39 dB; SSIM: 0.9525.
24-06-18 15:18:36.398 : 000495.jpg - PSNR: 32.58 dB; SSIM: 0.9190.
24-06-18 15:18:36.642 : 000496.jpg - PSNR: 34.32 dB; SSIM: 0.9399.
24-06-18 15:18:36.898 : 000497.jpg - PSNR: 31.48 dB; SSIM: 0.9315.
24-06-18 15:18:37.133 : 000498.jpg - PSNR: 34.84 dB; SSIM: 0.9187.
24-06-18 15:18:37.405 : 000499.jpg - PSNR: 33.74 dB; SSIM: 0.9351.
24-06-18 15:18:37.677 : 000500.jpg - PSNR: 32.77 dB; SSIM: 0.9158.
24-06-18 15:18:37.679 : Average PSNR/SSIM(RGB) - input_scunet_color_25 - PSNR: 33.80 dB; SSIM: 0.9250
